Started by user Juan Negrin
Running as SYSTEM
Building in workspace /var/jenkins_home/workspace/eCommerce
The recommended git tool is: NONE
using credential fc756b54-8e82-4c16-96b1-1e6e57bd905e
 > git rev-parse --resolve-git-dir /var/jenkins_home/workspace/eCommerce/.git # timeout=10
Fetching changes from the remote Git repository
 > git config remote.origin.url https://github.com/jcnegrin/ecommerce.git # timeout=10
Fetching upstream changes from https://github.com/jcnegrin/ecommerce.git
 > git --version # timeout=10
 > git --version # 'git version 2.26.3'
using GIT_SSH to set credentials
 > git fetch --tags --force --progress -- https://github.com/jcnegrin/ecommerce.git +refs/heads/*:refs/remotes/origin/* # timeout=10
 > git rev-parse refs/remotes/origin/main^{commit} # timeout=10
Checking out Revision df3db22bbd54e0e025b6f9302a91808db3e610d6 (refs/remotes/origin/main)
 > git config core.sparsecheckout # timeout=10
 > git checkout -f df3db22bbd54e0e025b6f9302a91808db3e610d6 # timeout=10
Commit message: "updating"
 > git rev-list --no-walk df3db22bbd54e0e025b6f9302a91808db3e610d6 # timeout=10
[eCommerce] $ mvn -f pom.xml package
[INFO] Scanning for projects...
[INFO]
[INFO] ----------------------< com.example:auth-course >-----------------------
[INFO] Building auth-course 0.0.1-SNAPSHOT
[INFO] --------------------------------[ war ]---------------------------------
[INFO]
[INFO] --- maven-resources-plugin:3.1.0:resources (default-resources) @ auth-course ---
[INFO] Using 'UTF-8' encoding to copy filtered resources.
[INFO] Copying 1 resource
[INFO] Copying 2 resources
[INFO]
[INFO] --- maven-compiler-plugin:3.8.1:compile (default-compile) @ auth-course ---
[INFO] Nothing to compile - all classes are up to date
[INFO]
[INFO] --- maven-resources-plugin:3.1.0:testResources (default-testResources) @ auth-course ---
[INFO] Using 'UTF-8' encoding to copy filtered resources.
[INFO] skip non existing resourceDirectory /var/jenkins_home/workspace/eCommerce/src/test/resources
[INFO]
[INFO] --- maven-compiler-plugin:3.8.1:testCompile (default-testCompile) @ auth-course ---
[INFO] Nothing to compile - all classes are up to date
[INFO]
[INFO] --- maven-surefire-plugin:2.22.2:test (default-test) @ auth-course ---
[INFO]
[INFO] -------------------------------------------------------
[INFO]  T E S T S
[INFO] -------------------------------------------------------
[INFO] Running com.example.demo.controllers.CartControllerTest
2021-05-26T14:52:22.919+0000 INFO [REMOVE FROM CART] Remove request receive from user negrin
2021-05-26T14:52:22.938+0000 INFO [REMOVE FROM CART] item 1 deleted from user negrin cart
2021-05-26T14:52:23.023+0000 INFO [ADD TO CART] Add request receive from user negrin
2021-05-26T14:52:23.029+0000 INFO [ADD TO CART] item 1 added to user negrin cart
2021-05-26T14:52:23.036+0000 INFO [REMOVE FROM CART] Remove request receive from user invalidUser
2021-05-26T14:52:23.037+0000 ERROR [REMOVE FROM CART] user invalidUser not found
2021-05-26T14:52:23.038+0000 INFO [ADD TO CART] Add request receive from user invalidUser
2021-05-26T14:52:23.044+0000 ERROR [ADD TO CART] user invalidUser not found
[INFO] Tests run: 3, Failures: 0, Errors: 0, Skipped: 0, Time elapsed: 2.393 s - in com.example.demo.controllers.CartControllerTest
[INFO] Running com.example.demo.controllers.ItemControllerTest
[INFO] Tests run: 5, Failures: 0, Errors: 0, Skipped: 0, Time elapsed: 0.002 s - in com.example.demo.controllers.ItemControllerTest
[INFO] Running com.example.demo.controllers.OrderControllerTest
2021-05-26T14:52:23.263+0000 INFO [ORDER HISTORY] Order history request from user negrin received
2021-05-26T14:52:23.264+0000 INFO [ORDER HISTORY] Request from user negrin success
2021-05-26T14:52:23.277+0000 INFO [SUBMIT ORDER] Submit order request receive from user negrin
2021-05-26T14:52:23.289+0000 INFO [SUBMIT ORDER] submit request from user negrin success
2021-05-26T14:52:23.293+0000 INFO [SUBMIT ORDER] Submit order request receive from user invalid username
2021-05-26T14:52:23.294+0000 ERROR [SUBMIT ORDER] user invalid username not found
[INFO] Tests run: 3, Failures: 0, Errors: 0, Skipped: 0, Time elapsed: 0.136 s - in com.example.demo.controllers.OrderControllerTest
[INFO] Running com.example.demo.controllers.UserControllerTest
2021-05-26T14:52:23.368+0000 INFO [CREATE USER] Account creation request with user test received
2021-05-26T14:52:23.369+0000 INFO [CREATE USER] user test creation successfully
[INFO] Tests run: 3, Failures: 0, Errors: 0, Skipped: 0, Time elapsed: 0.061 s - in com.example.demo.controllers.UserControllerTest
[INFO] Running com.example.demo.SareetaApplicationTests
2021-05-26T14:52:23.523+0000 INFO Neither @ContextConfiguration nor @ContextHierarchy found for test class [com.example.demo.SareetaApplicationTests], using SpringBootContextLoader
2021-05-26T14:52:23.529+0000 INFO Could not detect default resource locations for test class [com.example.demo.SareetaApplicationTests]: no resource found for suffixes {-context.xml, Context.groovy}.
2021-05-26T14:52:23.530+0000 INFO Could not detect default configuration classes for test class [com.example.demo.SareetaApplicationTests]: SareetaApplicationTests does not declare any static, non-private, non-final, nested classes annotated with @Configuration.
2021-05-26T14:52:23.733+0000 INFO Found @SpringBootConfiguration com.example.demo.SareetaApplication for test class com.example.demo.SareetaApplicationTests
2021-05-26T14:52:23.893+0000 INFO Loaded default TestExecutionListener class names from location [META-INF/spring.factories]: [org.springframework.security.test.context.support.WithSecurityContextTestExecutionListener, org.springframework.security.test.context.support.ReactorContextTestExecutionListener, org.springframework.test.context.web.ServletTestExecutionListener, org.springframework.test.context.support.DirtiesContextBeforeModesTestExecutionListener, org.springframework.test.context.support.DependencyInjectionTestExecutionListener, org.springframework.test.context.support.DirtiesContextTestExecutionListener, org.springframework.test.context.transaction.TransactionalTestExecutionListener, org.springframework.test.context.jdbc.SqlScriptsTestExecutionListener, org.springframework.boot.test.mock.mockito.MockitoTestExecutionListener, org.springframework.boot.test.mock.mockito.ResetMocksTestExecutionListener, org.springframework.boot.test.autoconfigure.restdocs.RestDocsTestExecutionListener, org.springframework.boot.test.autoconfigure.web.client.MockRestServiceServerResetTestExecutionListener, org.springframework.boot.test.autoconfigure.web.servlet.MockMvcPrintOnlyOnFailureTestExecutionListener, org.springframework.boot.test.autoconfigure.web.servlet.WebDriverTestExecutionListener]
2021-05-26T14:52:23.952+0000 INFO Using TestExecutionListeners: [org.springframework.test.context.web.ServletTestExecutionListener@534ca02b, org.springframework.test.context.support.DirtiesContextBeforeModesTestExecutionListener@29a23c3d, org.springframework.boot.test.mock.mockito.MockitoTestExecutionListener@4b6ac111, org.springframework.boot.test.autoconfigure.SpringBootDependencyInjectionTestExecutionListener@6fe46b62, org.springframework.test.context.support.DirtiesContextTestExecutionListener@591fd34d, org.springframework.test.context.transaction.TransactionalTestExecutionListener@61e45f87, org.springframework.test.context.jdbc.SqlScriptsTestExecutionListener@7c9b78e3, org.springframework.security.test.context.support.WithSecurityContextTestExecutionListener@3068b369, org.springframework.security.test.context.support.ReactorContextTestExecutionListener@17ca8b92, org.springframework.boot.test.mock.mockito.ResetMocksTestExecutionListener@5491f68b, org.springframework.boot.test.autoconfigure.restdocs.RestDocsTestExecutionListener@736ac09a, org.springframework.boot.test.autoconfigure.web.client.MockRestServiceServerResetTestExecutionListener@6ecd665, org.springframework.boot.test.autoconfigure.web.servlet.MockMvcPrintOnlyOnFailureTestExecutionListener@45394b31, org.springframework.boot.test.autoconfigure.web.servlet.WebDriverTestExecutionListener@1ec7d8b3]

  .   ____          _            __ _ _
 /\\ / ___'_ __ _ _(_)_ __  __ _ \ \ \ \
( ( )\___ | '_ | '_| | '_ \/ _` | \ \ \ \
 \\/  ___)| |_)| | | | | || (_| |  ) ) ) )
  '  |____| .__|_| |_|_| |_\__, | / / / /
 =========|_|==============|___/=/_/_/_/
 :: Spring Boot ::        (v2.1.5.RELEASE)

2021-05-26T14:52:24.684+0000 INFO Starting SareetaApplicationTests on e3fae2bdbf99 with PID 1820 (started by root in /var/jenkins_home/workspace/eCommerce)
2021-05-26T14:52:24.698+0000 INFO No active profile set, falling back to default profiles: default
2021-05-26T14:52:26.454+0000 INFO Bootstrapping Spring Data repositories in DEFAULT mode.
2021-05-26T14:52:26.619+0000 INFO Finished Spring Data repository scanning in 150ms. Found 4 repository interfaces.
2021-05-26T14:52:28.063+0000 INFO Bean 'org.springframework.transaction.annotation.ProxyTransactionManagementConfiguration' of type [org.springframework.transaction.annotation.ProxyTransactionManagementConfiguration$$EnhancerBySpringCGLIB$$137c4ab9] is not eligible for getting processed by all BeanPostProcessors (for example: not eligible for auto-proxying)
2021-05-26T14:52:28.799+0000 INFO HikariPool-1 - Starting...
2021-05-26T14:52:29.238+0000 INFO HikariPool-1 - Start completed.
2021-05-26T14:52:29.427+0000 INFO HHH000204: Processing PersistenceUnitInfo [
	name: default
	...]
2021-05-26T14:52:29.582+0000 INFO HHH000412: Hibernate Core {5.3.10.Final}
2021-05-26T14:52:29.591+0000 INFO HHH000206: hibernate.properties not found
2021-05-26T14:52:29.706+0000 INFO HCANN000001: Hibernate Commons Annotations {5.0.4.Final}
2021-05-26T14:52:29.970+0000 INFO HHH000400: Using dialect: org.hibernate.dialect.H2Dialect
2021-05-26T14:52:31.295+0000 INFO Initialized JPA EntityManagerFactory for persistence unit 'default'
2021-05-26T14:52:32.985+0000 INFO Creating filter chain: any request, [org.springframework.security.web.context.request.async.WebAsyncManagerIntegrationFilter@a240452, org.springframework.security.web.context.SecurityContextPersistenceFilter@7210f559, org.springframework.security.web.header.HeaderWriterFilter@60e67c06, org.springframework.web.filter.CorsFilter@460e5ffe, org.springframework.security.web.authentication.logout.LogoutFilter@513fab1e, com.example.demo.security.JWTAuthenticationFilter@1a4cbcc6, com.example.demo.security.JWTAuthenticationVerificationFilter@7cecab19, org.springframework.security.web.savedrequest.RequestCacheAwareFilter@7be62956, org.springframework.security.web.servletapi.SecurityContextHolderAwareRequestFilter@41bdaa81, org.springframework.security.web.authentication.AnonymousAuthenticationFilter@56402642, org.springframework.security.web.session.SessionManagementFilter@410f53b2, org.springframework.security.web.access.ExceptionTranslationFilter@cfacf0, org.springframework.security.web.access.intercept.FilterSecurityInterceptor@236a4d30]
2021-05-26T14:52:34.335+0000 INFO Initializing ExecutorService 'applicationTaskExecutor'
2021-05-26T14:52:34.471+0000 WARN spring.jpa.open-in-view is enabled by default. Therefore, database queries may be performed during view rendering. Explicitly configure spring.jpa.open-in-view to disable this warning
2021-05-26T14:52:35.267+0000 INFO Started SareetaApplicationTests in 11.211 seconds (JVM running for 15.224)
[INFO] Tests run: 1, Failures: 0, Errors: 0, Skipped: 0, Time elapsed: 11.94 s - in com.example.demo.SareetaApplicationTests
2021-05-26T14:52:35.360+0000 INFO Shutting down ExecutorService 'applicationTaskExecutor'
2021-05-26T14:52:35.363+0000 INFO Closing JPA EntityManagerFactory for persistence unit 'default'
2021-05-26T14:52:35.370+0000 INFO HikariPool-1 - Shutdown initiated...
2021-05-26T14:52:35.377+0000 INFO HikariPool-1 - Shutdown completed.
[INFO]
[INFO] Results:
[INFO]
[INFO] Tests run: 15, Failures: 0, Errors: 0, Skipped: 0
[INFO]
[INFO]
[INFO] --- maven-war-plugin:3.2.2:war (default-war) @ auth-course ---
Downloading from central: https://repo.maven.apache.org/maven2/org/apache/maven/maven-archiver/3.2.0/maven-archiver-3.2.0.pom
Progress (1): 2.7/4.3 kB
Progress (1): 4.3 kB

Downloaded from central: https://repo.maven.apache.org/maven2/org/apache/maven/maven-archiver/3.2.0/maven-archiver-3.2.0.pom (4.3 kB at 5.7 kB/s)
Downloading from central: https://repo.maven.apache.org/maven2/org/apache/maven/shared/maven-shared-utils/3.2.0/maven-shared-utils-3.2.0.pom
Progress (1): 2.7/4.9 kB
Progress (1): 4.9 kB

Downloaded from central: https://repo.maven.apache.org/maven2/org/apache/maven/shared/maven-shared-utils/3.2.0/maven-shared-utils-3.2.0.pom (4.9 kB at 109 kB/s)
Downloading from central: https://repo.maven.apache.org/maven2/org/codehaus/plexus/plexus-archiver/3.5/plexus-archiver-3.5.pom
Progress (1): 2.7/4.8 kB
Progress (1): 4.8 kB

Downloaded from central: https://repo.maven.apache.org/maven2/org/codehaus/plexus/plexus-archiver/3.5/plexus-archiver-3.5.pom (4.8 kB at 127 kB/s)
Downloading from central: https://repo.maven.apache.org/maven2/org/codehaus/plexus/plexus/5.0/plexus-5.0.pom
Progress (1): 2.7/21 kB
Progress (1): 5.5/21 kB
Progress (1): 8.2/21 kB
Progress (1): 11/21 kB
Progress (1): 14/21 kB
Progress (1): 16/21 kB
Progress (1): 19/21 kB
Progress (1): 21 kB

Downloaded from central: https://repo.maven.apache.org/maven2/org/codehaus/plexus/plexus/5.0/plexus-5.0.pom (21 kB at 368 kB/s)
Downloading from central: https://repo.maven.apache.org/maven2/org/codehaus/plexus/plexus-io/3.0.0/plexus-io-3.0.0.pom
Progress (1): 2.7/4.5 kB
Progress (1): 4.5 kB

Downloaded from central: https://repo.maven.apache.org/maven2/org/codehaus/plexus/plexus-io/3.0.0/plexus-io-3.0.0.pom (4.5 kB at 120 kB/s)
Downloading from central: https://repo.maven.apache.org/maven2/org/apache/commons/commons-compress/1.14/commons-compress-1.14.pom
Progress (1): 2.7/13 kB
Progress (1): 5.5/13 kB
Progress (1): 8.2/13 kB
Progress (1): 11/13 kB
Progress (1): 13 kB

Downloaded from central: https://repo.maven.apache.org/maven2/org/apache/commons/commons-compress/1.14/commons-compress-1.14.pom (13 kB at 346 kB/s)
Downloading from central: https://repo.maven.apache.org/maven2/org/iq80/snappy/snappy/0.4/snappy-0.4.pom
Progress (1): 2.7/15 kB
Progress (1): 5.5/15 kB
Progress (1): 8.2/15 kB
Progress (1): 11/15 kB
Progress (1): 14/15 kB
Progress (1): 15 kB

Downloaded from central: https://repo.maven.apache.org/maven2/org/iq80/snappy/snappy/0.4/snappy-0.4.pom (15 kB at 297 kB/s)
Downloading from central: https://repo.maven.apache.org/maven2/org/tukaani/xz/1.6/xz-1.6.pom
Progress (1): 1.9 kB

Downloaded from central: https://repo.maven.apache.org/maven2/org/tukaani/xz/1.6/xz-1.6.pom (1.9 kB at 53 kB/s)
Downloading from central: https://repo.maven.apache.org/maven2/org/codehaus/plexus/plexus-archiver/3.6.0/plexus-archiver-3.6.0.pom
Progress (1): 2.7/4.8 kB
Progress (1): 4.8 kB

Downloaded from central: https://repo.maven.apache.org/maven2/org/codehaus/plexus/plexus-archiver/3.6.0/plexus-archiver-3.6.0.pom (4.8 kB at 142 kB/s)
Downloading from central: https://repo.maven.apache.org/maven2/org/codehaus/plexus/plexus-io/3.0.1/plexus-io-3.0.1.pom
Progress (1): 2.7/4.5 kB
Progress (1): 4.5 kB

Downloaded from central: https://repo.maven.apache.org/maven2/org/codehaus/plexus/plexus-io/3.0.1/plexus-io-3.0.1.pom (4.5 kB at 134 kB/s)
Downloading from central: https://repo.maven.apache.org/maven2/commons-io/commons-io/2.6/commons-io-2.6.pom
Progress (1): 2.7/14 kB
Progress (1): 5.5/14 kB
Progress (1): 8.2/14 kB
Progress (1): 11/14 kB
Progress (1): 14/14 kB
Progress (1): 14 kB

Downloaded from central: https://repo.maven.apache.org/maven2/commons-io/commons-io/2.6/commons-io-2.6.pom (14 kB at 324 kB/s)
Downloading from central: https://repo.maven.apache.org/maven2/org/apache/commons/commons-compress/1.16.1/commons-compress-1.16.1.pom
Progress (1): 2.7/16 kB
Progress (1): 5.5/16 kB
Progress (1): 8.2/16 kB
Progress (1): 11/16 kB
Progress (1): 14/16 kB
Progress (1): 16 kB

Downloaded from central: https://repo.maven.apache.org/maven2/org/apache/commons/commons-compress/1.16.1/commons-compress-1.16.1.pom (16 kB at 307 kB/s)
Downloading from central: https://repo.maven.apache.org/maven2/org/apache/commons/commons-parent/43/commons-parent-43.pom
Progress (1): 2.7/70 kB
Progress (1): 5.5/70 kB
Progress (1): 8.2/70 kB
Progress (1): 11/70 kB
Progress (1): 14/70 kB
Progress (1): 16/70 kB
Progress (1): 19/70 kB
Progress (1): 22/70 kB
Progress (1): 25/70 kB
Progress (1): 27/70 kB
Progress (1): 30/70 kB
Progress (1): 33/70 kB
Progress (1): 36/70 kB
Progress (1): 38/70 kB
Progress (1): 41/70 kB
Progress (1): 44/70 kB
Progress (1): 47/70 kB
Progress (1): 49/70 kB
Progress (1): 52/70 kB
Progress (1): 55/70 kB
Progress (1): 58/70 kB
Progress (1): 60/70 kB
Progress (1): 63/70 kB
Progress (1): 66/70 kB
Progress (1): 69/70 kB
Progress (1): 70 kB

Downloaded from central: https://repo.maven.apache.org/maven2/org/apache/commons/commons-parent/43/commons-parent-43.pom (70 kB at 1.2 MB/s)
Downloading from central: https://repo.maven.apache.org/maven2/org/tukaani/xz/1.8/xz-1.8.pom
Progress (1): 1.9 kB

Downloaded from central: https://repo.maven.apache.org/maven2/org/tukaani/xz/1.8/xz-1.8.pom (1.9 kB at 71 kB/s)
Downloading from central: https://repo.maven.apache.org/maven2/org/codehaus/plexus/plexus-interpolation/1.25/plexus-interpolation-1.25.pom
Progress (1): 2.6 kB

Downloaded from central: https://repo.maven.apache.org/maven2/org/codehaus/plexus/plexus-interpolation/1.25/plexus-interpolation-1.25.pom (2.6 kB at 60 kB/s)
Downloading from central: https://repo.maven.apache.org/maven2/org/codehaus/plexus/plexus/5.1/plexus-5.1.pom
Progress (1): 2.7/23 kB
Progress (1): 5.5/23 kB
Progress (1): 8.2/23 kB
Progress (1): 11/23 kB
Progress (1): 14/23 kB
Progress (1): 16/23 kB
Progress (1): 19/23 kB
Progress (1): 22/23 kB
Progress (1): 23 kB

Downloaded from central: https://repo.maven.apache.org/maven2/org/codehaus/plexus/plexus/5.1/plexus-5.1.pom (23 kB at 459 kB/s)
Downloading from central: https://repo.maven.apache.org/maven2/com/thoughtworks/xstream/xstream/1.4.10/xstream-1.4.10.pom
Progress (1): 4.1/15 kB
Progress (1): 8.2/15 kB
Progress (1): 12/15 kB
Progress (1): 15 kB

Downloaded from central: https://repo.maven.apache.org/maven2/com/thoughtworks/xstream/xstream/1.4.10/xstream-1.4.10.pom (15 kB at 398 kB/s)
Downloading from central: https://repo.maven.apache.org/maven2/com/thoughtworks/xstream/xstream-parent/1.4.10/xstream-parent-1.4.10.pom
Progress (1): 4.1/35 kB
Progress (1): 8.2/35 kB
Progress (1): 12/35 kB
Progress (1): 16/35 kB
Progress (1): 20/35 kB
Progress (1): 25/35 kB
Progress (1): 29/35 kB
Progress (1): 33/35 kB
Progress (1): 35 kB

Downloaded from central: https://repo.maven.apache.org/maven2/com/thoughtworks/xstream/xstream-parent/1.4.10/xstream-parent-1.4.10.pom (35 kB at 866 kB/s)
Downloading from central: https://repo.maven.apache.org/maven2/xmlpull/xmlpull/1.1.3.1/xmlpull-1.1.3.1.pom
Progress (1): 386 B

Downloaded from central: https://repo.maven.apache.org/maven2/xmlpull/xmlpull/1.1.3.1/xmlpull-1.1.3.1.pom (386 B at 11 kB/s)
Downloading from central: https://repo.maven.apache.org/maven2/xpp3/xpp3_min/1.1.4c/xpp3_min-1.1.4c.pom
Progress (1): 1.6 kB

Downloaded from central: https://repo.maven.apache.org/maven2/xpp3/xpp3_min/1.1.4c/xpp3_min-1.1.4c.pom (1.6 kB at 56 kB/s)
Downloading from central: https://repo.maven.apache.org/maven2/org/apache/maven/shared/maven-mapping/3.0.0/maven-mapping-3.0.0.pom
Progress (1): 4.1/4.1 kB
Progress (1): 4.1 kB

Downloaded from central: https://repo.maven.apache.org/maven2/org/apache/maven/shared/maven-mapping/3.0.0/maven-mapping-3.0.0.pom (4.1 kB at 143 kB/s)
Downloading from central: https://repo.maven.apache.org/maven2/org/apache/maven/shared/maven-shared-components/22/maven-shared-components-22.pom
Progress (1): 4.1/5.1 kB
Progress (1): 5.1 kB

Downloaded from central: https://repo.maven.apache.org/maven2/org/apache/maven/shared/maven-shared-components/22/maven-shared-components-22.pom (5.1 kB at 170 kB/s)
Downloading from central: https://repo.maven.apache.org/maven2/org/apache/maven/maven-parent/27/maven-parent-27.pom
Progress (1): 4.1/41 kB
Progress (1): 8.2/41 kB
Progress (1): 12/41 kB
Progress (1): 16/41 kB
Progress (1): 20/41 kB
Progress (1): 25/41 kB
Progress (1): 29/41 kB
Progress (1): 33/41 kB
Progress (1): 37/41 kB
Progress (1): 41 kB

Downloaded from central: https://repo.maven.apache.org/maven2/org/apache/maven/maven-parent/27/maven-parent-27.pom (41 kB at 1.0 MB/s)
Downloading from central: https://repo.maven.apache.org/maven2/org/apache/apache/17/apache-17.pom
Progress (1): 4.1/16 kB
Progress (1): 8.2/16 kB
Progress (1): 12/16 kB
Progress (1): 16 kB

Downloaded from central: https://repo.maven.apache.org/maven2/org/apache/apache/17/apache-17.pom (16 kB at 423 kB/s)
Downloading from central: https://repo.maven.apache.org/maven2/org/codehaus/plexus/plexus-interpolation/1.21/plexus-interpolation-1.21.pom
Progress (1): 1.5 kB

Downloaded from central: https://repo.maven.apache.org/maven2/org/codehaus/plexus/plexus-interpolation/1.21/plexus-interpolation-1.21.pom (1.5 kB at 51 kB/s)
Downloading from central: https://repo.maven.apache.org/maven2/org/apache/maven/maven-archiver/3.2.0/maven-archiver-3.2.0.jar
Downloading from central: https://repo.maven.apache.org/maven2/org/apache/maven/shared/maven-shared-utils/3.2.0/maven-shared-utils-3.2.0.jar
Downloading from central: https://repo.maven.apache.org/maven2/org/codehaus/plexus/plexus-archiver/3.6.0/plexus-archiver-3.6.0.jar
Downloading from central: https://repo.maven.apache.org/maven2/org/codehaus/plexus/plexus-io/3.0.1/plexus-io-3.0.1.jar
Downloading from central: https://repo.maven.apache.org/maven2/org/apache/commons/commons-compress/1.16.1/commons-compress-1.16.1.jar
Progress (1): 4.1/24 kB
Progress (1): 8.2/24 kB
Progress (1): 12/24 kB
Progress (1): 16/24 kB
Progress (1): 20/24 kB
Progress (1): 24 kB

Downloaded from central: https://repo.maven.apache.org/maven2/org/apache/maven/maven-archiver/3.2.0/maven-archiver-3.2.0.jar (24 kB at 276 kB/s)
Downloading from central: https://repo.maven.apache.org/maven2/org/iq80/snappy/snappy/0.4/snappy-0.4.jar
Progress (1): 4.1/58 kB
Progress (1): 8.2/58 kB
Progress (1): 12/58 kB
Progress (1): 16/58 kB
Progress (2): 16/58 kB | 2.7/191 kB
Progress (2): 16/58 kB | 5.5/191 kB
Progress (3): 16/58 kB | 5.5/191 kB | 2.7/560 kB
Progress (3): 16/58 kB | 5.5/191 kB | 5.5/560 kB
Progress (3): 16/58 kB | 5.5/191 kB | 8.2/560 kB
Progress (3): 16/58 kB | 5.5/191 kB | 11/560 kB
Progress (3): 20/58 kB | 5.5/191 kB | 11/560 kB
Progress (4): 20/58 kB | 5.5/191 kB | 11/560 kB | 2.7/74 kB
Progress (4): 20/58 kB | 5.5/191 kB | 11/560 kB | 5.5/74 kB
Progress (4): 20/58 kB | 5.5/191 kB | 11/560 kB | 8.2/74 kB
Progress (4): 20/58 kB | 5.5/191 kB | 11/560 kB | 11/74 kB
Progress (4): 20/58 kB | 5.5/191 kB | 11/560 kB | 14/74 kB
Progress (4): 20/58 kB | 5.5/191 kB | 11/560 kB | 16/74 kB
Progress (5): 20/58 kB | 5.5/191 kB | 11/560 kB | 16/74 kB | 2.7/165 kB
Progress (5): 20/58 kB | 5.5/191 kB | 11/560 kB | 16/74 kB | 5.5/165 kB
Progress (5): 20/58 kB | 5.5/191 kB | 11/560 kB | 16/74 kB | 8.2/165 kB
Progress (5): 20/58 kB | 5.5/191 kB | 11/560 kB | 16/74 kB | 11/165 kB
Progress (5): 20/58 kB | 5.5/191 kB | 11/560 kB | 16/74 kB | 14/165 kB
Progress (5): 20/58 kB | 5.5/191 kB | 11/560 kB | 16/74 kB | 16/165 kB
Progress (5): 20/58 kB | 5.5/191 kB | 14/560 kB | 16/74 kB | 16/165 kB
Progress (5): 25/58 kB | 5.5/191 kB | 14/560 kB | 16/74 kB | 16/165 kB
Progress (5): 29/58 kB | 5.5/191 kB | 14/560 kB | 16/74 kB | 16/165 kB
Progress (5): 33/58 kB | 5.5/191 kB | 14/560 kB | 16/74 kB | 16/165 kB
Progress (5): 37/58 kB | 5.5/191 kB | 14/560 kB | 16/74 kB | 16/165 kB
Progress (5): 41/58 kB | 5.5/191 kB | 14/560 kB | 16/74 kB | 16/165 kB
Progress (5): 45/58 kB | 5.5/191 kB | 14/560 kB | 16/74 kB | 16/165 kB
Progress (5): 45/58 kB | 8.2/191 kB | 14/560 kB | 16/74 kB | 16/165 kB
Progress (5): 45/58 kB | 11/191 kB | 14/560 kB | 16/74 kB | 16/165 kB
Progress (5): 45/58 kB | 14/191 kB | 14/560 kB | 16/74 kB | 16/165 kB
Progress (5): 45/58 kB | 16/191 kB | 14/560 kB | 16/74 kB | 16/165 kB
Progress (5): 45/58 kB | 19/191 kB | 14/560 kB | 16/74 kB | 16/165 kB
Progress (5): 45/58 kB | 22/191 kB | 14/560 kB | 16/74 kB | 16/165 kB
Progress (5): 45/58 kB | 25/191 kB | 14/560 kB | 16/74 kB | 16/165 kB
Progress (5): 45/58 kB | 25/191 kB | 14/560 kB | 16/74 kB | 19/165 kB
Progress (5): 45/58 kB | 25/191 kB | 16/560 kB | 16/74 kB | 19/165 kB
Progress (5): 45/58 kB | 25/191 kB | 19/560 kB | 16/74 kB | 19/165 kB
Progress (5): 45/58 kB | 25/191 kB | 22/560 kB | 16/74 kB | 19/165 kB
Progress (5): 45/58 kB | 25/191 kB | 22/560 kB | 19/74 kB | 19/165 kB
Progress (5): 45/58 kB | 25/191 kB | 22/560 kB | 22/74 kB | 19/165 kB
Progress (5): 45/58 kB | 25/191 kB | 22/560 kB | 25/74 kB | 19/165 kB
Progress (5): 45/58 kB | 25/191 kB | 22/560 kB | 27/74 kB | 19/165 kB
Progress (5): 45/58 kB | 25/191 kB | 22/560 kB | 30/74 kB | 19/165 kB
Progress (5): 45/58 kB | 25/191 kB | 22/560 kB | 33/74 kB | 19/165 kB
Progress (5): 45/58 kB | 25/191 kB | 22/560 kB | 36/74 kB | 19/165 kB
Progress (5): 45/58 kB | 25/191 kB | 22/560 kB | 38/74 kB | 19/165 kB
Progress (5): 49/58 kB | 25/191 kB | 22/560 kB | 38/74 kB | 19/165 kB
Progress (5): 53/58 kB | 25/191 kB | 22/560 kB | 38/74 kB | 19/165 kB
Progress (5): 57/58 kB | 25/191 kB | 22/560 kB | 38/74 kB | 19/165 kB
Progress (5): 57/58 kB | 25/191 kB | 25/560 kB | 38/74 kB | 19/165 kB
Progress (5): 57/58 kB | 25/191 kB | 27/560 kB | 38/74 kB | 19/165 kB
Progress (5): 57/58 kB | 25/191 kB | 30/560 kB | 38/74 kB | 19/165 kB
Progress (5): 57/58 kB | 25/191 kB | 30/560 kB | 38/74 kB | 22/165 kB
Progress (5): 57/58 kB | 25/191 kB | 30/560 kB | 38/74 kB | 25/165 kB
Progress (5): 57/58 kB | 25/191 kB | 30/560 kB | 38/74 kB | 27/165 kB
Progress (5): 57/58 kB | 25/191 kB | 30/560 kB | 38/74 kB | 30/165 kB
Progress (5): 57/58 kB | 25/191 kB | 30/560 kB | 38/74 kB | 33/165 kB
Progress (5): 58 kB | 25/191 kB | 30/560 kB | 38/74 kB | 33/165 kB
Progress (5): 58 kB | 27/191 kB | 30/560 kB | 38/74 kB | 33/165 kB
Progress (5): 58 kB | 30/191 kB | 30/560 kB | 38/74 kB | 33/165 kB
Progress (5): 58 kB | 30/191 kB | 33/560 kB | 38/74 kB | 33/165 kB
Progress (5): 58 kB | 30/191 kB | 36/560 kB | 38/74 kB | 33/165 kB
Progress (5): 58 kB | 30/191 kB | 38/560 kB | 38/74 kB | 33/165 kB
Progress (5): 58 kB | 30/191 kB | 41/560 kB | 38/74 kB | 33/165 kB
Progress (5): 58 kB | 30/191 kB | 41/560 kB | 38/74 kB | 36/165 kB
Progress (5): 58 kB | 30/191 kB | 41/560 kB | 38/74 kB | 38/165 kB
Progress (5): 58 kB | 33/191 kB | 41/560 kB | 38/74 kB | 38/165 kB
Progress (5): 58 kB | 36/191 kB | 41/560 kB | 38/74 kB | 38/165 kB
Progress (5): 58 kB | 38/191 kB | 41/560 kB | 38/74 kB | 38/165 kB
Progress (5): 58 kB | 41/191 kB | 41/560 kB | 38/74 kB | 38/165 kB
Progress (5): 58 kB | 41/191 kB | 41/560 kB | 41/74 kB | 38/165 kB
Progress (5): 58 kB | 41/191 kB | 41/560 kB | 44/74 kB | 38/165 kB
Progress (5): 58 kB | 41/191 kB | 41/560 kB | 47/74 kB | 38/165 kB
Progress (5): 58 kB | 41/191 kB | 41/560 kB | 49/74 kB | 38/165 kB
Progress (5): 58 kB | 41/191 kB | 41/560 kB | 52/74 kB | 38/165 kB
Progress (5): 58 kB | 41/191 kB | 44/560 kB | 52/74 kB | 38/165 kB
Progress (5): 58 kB | 41/191 kB | 47/560 kB | 52/74 kB | 38/165 kB
Progress (5): 58 kB | 41/191 kB | 49/560 kB | 52/74 kB | 38/165 kB

Downloaded from central: https://repo.maven.apache.org/maven2/org/iq80/snappy/snappy/0.4/snappy-0.4.jar (58 kB at 345 kB/s)
Downloading from central: https://repo.maven.apache.org/maven2/org/tukaani/xz/1.8/xz-1.8.jar
Progress (4): 41/191 kB | 49/560 kB | 52/74 kB | 41/165 kB
Progress (4): 41/191 kB | 49/560 kB | 52/74 kB | 44/165 kB
Progress (4): 41/191 kB | 49/560 kB | 52/74 kB | 47/165 kB
Progress (4): 41/191 kB | 49/560 kB | 52/74 kB | 49/165 kB
Progress (4): 41/191 kB | 49/560 kB | 52/74 kB | 52/165 kB
Progress (4): 41/191 kB | 49/560 kB | 52/74 kB | 55/165 kB
Progress (4): 41/191 kB | 49/560 kB | 52/74 kB | 58/165 kB
Progress (4): 41/191 kB | 49/560 kB | 52/74 kB | 60/165 kB
Progress (4): 41/191 kB | 49/560 kB | 52/74 kB | 63/165 kB
Progress (4): 41/191 kB | 49/560 kB | 52/74 kB | 66/165 kB
Progress (4): 44/191 kB | 49/560 kB | 52/74 kB | 66/165 kB
Progress (4): 47/191 kB | 49/560 kB | 52/74 kB | 66/165 kB
Progress (4): 49/191 kB | 49/560 kB | 52/74 kB | 66/165 kB
Progress (4): 49/191 kB | 49/560 kB | 55/74 kB | 66/165 kB
Progress (4): 49/191 kB | 49/560 kB | 58/74 kB | 66/165 kB
Progress (4): 49/191 kB | 52/560 kB | 58/74 kB | 66/165 kB
Progress (4): 49/191 kB | 55/560 kB | 58/74 kB | 66/165 kB
Progress (4): 49/191 kB | 58/560 kB | 58/74 kB | 66/165 kB
Progress (4): 49/191 kB | 60/560 kB | 58/74 kB | 66/165 kB
Progress (4): 49/191 kB | 63/560 kB | 58/74 kB | 66/165 kB
Progress (4): 49/191 kB | 63/560 kB | 60/74 kB | 66/165 kB
Progress (4): 49/191 kB | 63/560 kB | 63/74 kB | 66/165 kB
Progress (4): 49/191 kB | 63/560 kB | 66/74 kB | 66/165 kB
Progress (4): 52/191 kB | 63/560 kB | 66/74 kB | 66/165 kB
Progress (4): 55/191 kB | 63/560 kB | 66/74 kB | 66/165 kB
Progress (4): 58/191 kB | 63/560 kB | 66/74 kB | 66/165 kB
Progress (4): 60/191 kB | 63/560 kB | 66/74 kB | 66/165 kB
Progress (4): 63/191 kB | 63/560 kB | 66/74 kB | 66/165 kB
Progress (4): 66/191 kB | 63/560 kB | 66/74 kB | 66/165 kB
Progress (4): 69/191 kB | 63/560 kB | 66/74 kB | 66/165 kB
Progress (4): 71/191 kB | 63/560 kB | 66/74 kB | 66/165 kB
Progress (4): 74/191 kB | 63/560 kB | 66/74 kB | 66/165 kB
Progress (5): 74/191 kB | 63/560 kB | 66/74 kB | 66/165 kB | 4.1/109 kB
Progress (5): 74/191 kB | 63/560 kB | 66/74 kB | 66/165 kB | 8.2/109 kB
Progress (5): 74/191 kB | 63/560 kB | 66/74 kB | 66/165 kB | 12/109 kB
Progress (5): 74/191 kB | 63/560 kB | 66/74 kB | 66/165 kB | 16/109 kB
Progress (5): 74/191 kB | 63/560 kB | 66/74 kB | 66/165 kB | 20/109 kB
Progress (5): 74/191 kB | 63/560 kB | 66/74 kB | 66/165 kB | 25/109 kB
Progress (5): 74/191 kB | 63/560 kB | 66/74 kB | 66/165 kB | 29/109 kB
Progress (5): 74/191 kB | 63/560 kB | 66/74 kB | 66/165 kB | 33/109 kB
Progress (5): 74/191 kB | 66/560 kB | 66/74 kB | 66/165 kB | 33/109 kB
Progress (5): 74/191 kB | 69/560 kB | 66/74 kB | 66/165 kB | 33/109 kB
Progress (5): 74/191 kB | 71/560 kB | 66/74 kB | 66/165 kB | 33/109 kB
Progress (5): 74/191 kB | 74/560 kB | 66/74 kB | 66/165 kB | 33/109 kB
Progress (5): 74/191 kB | 77/560 kB | 66/74 kB | 66/165 kB | 33/109 kB
Progress (5): 74/191 kB | 80/560 kB | 66/74 kB | 66/165 kB | 33/109 kB
Progress (5): 74/191 kB | 80/560 kB | 66/74 kB | 66/165 kB | 37/109 kB
Progress (5): 74/191 kB | 80/560 kB | 66/74 kB | 69/165 kB | 37/109 kB
Progress (5): 74/191 kB | 80/560 kB | 66/74 kB | 71/165 kB | 37/109 kB
Progress (5): 74/191 kB | 80/560 kB | 69/74 kB | 71/165 kB | 37/109 kB
Progress (5): 74/191 kB | 80/560 kB | 71/74 kB | 71/165 kB | 37/109 kB
Progress (5): 74/191 kB | 80/560 kB | 74 kB | 71/165 kB | 37/109 kB
Progress (5): 74/191 kB | 80/560 kB | 74 kB | 74/165 kB | 37/109 kB
Progress (5): 74/191 kB | 80/560 kB | 74 kB | 77/165 kB | 37/109 kB
Progress (5): 74/191 kB | 80/560 kB | 74 kB | 80/165 kB | 37/109 kB
Progress (5): 74/191 kB | 80/560 kB | 74 kB | 80/165 kB | 41/109 kB
Progress (5): 74/191 kB | 80/560 kB | 74 kB | 80/165 kB | 45/109 kB
Progress (5): 74/191 kB | 80/560 kB | 74 kB | 80/165 kB | 49/109 kB
Progress (5): 74/191 kB | 80/560 kB | 74 kB | 80/165 kB | 53/109 kB
Progress (5): 74/191 kB | 80/560 kB | 74 kB | 80/165 kB | 57/109 kB
Progress (5): 74/191 kB | 80/560 kB | 74 kB | 80/165 kB | 61/109 kB
Progress (5): 74/191 kB | 80/560 kB | 74 kB | 80/165 kB | 66/109 kB
Progress (5): 74/191 kB | 80/560 kB | 74 kB | 80/165 kB | 70/109 kB
Progress (5): 74/191 kB | 80/560 kB | 74 kB | 80/165 kB | 74/109 kB
Progress (5): 74/191 kB | 80/560 kB | 74 kB | 80/165 kB | 78/109 kB
Progress (5): 74/191 kB | 80/560 kB | 74 kB | 80/165 kB | 82/109 kB
Progress (5): 77/191 kB | 80/560 kB | 74 kB | 80/165 kB | 82/109 kB
Progress (5): 80/191 kB | 80/560 kB | 74 kB | 80/165 kB | 82/109 kB
Progress (5): 82/191 kB | 80/560 kB | 74 kB | 80/165 kB | 82/109 kB
Progress (5): 85/191 kB | 80/560 kB | 74 kB | 80/165 kB | 82/109 kB
Progress (5): 88/191 kB | 80/560 kB | 74 kB | 80/165 kB | 82/109 kB
Progress (5): 88/191 kB | 82/560 kB | 74 kB | 80/165 kB | 82/109 kB
Progress (5): 88/191 kB | 85/560 kB | 74 kB | 80/165 kB | 82/109 kB
Progress (5): 88/191 kB | 88/560 kB | 74 kB | 80/165 kB | 82/109 kB
Progress (5): 88/191 kB | 90/560 kB | 74 kB | 80/165 kB | 82/109 kB
Progress (5): 88/191 kB | 93/560 kB | 74 kB | 80/165 kB | 82/109 kB
Progress (5): 88/191 kB | 96/560 kB | 74 kB | 80/165 kB | 82/109 kB
Progress (5): 88/191 kB | 99/560 kB | 74 kB | 80/165 kB | 82/109 kB
Progress (5): 88/191 kB | 101/560 kB | 74 kB | 80/165 kB | 82/109 kB
Progress (5): 88/191 kB | 101/560 kB | 74 kB | 82/165 kB | 82/109 kB
Progress (5): 88/191 kB | 101/560 kB | 74 kB | 85/165 kB | 82/109 kB
Progress (5): 88/191 kB | 101/560 kB | 74 kB | 88/165 kB | 82/109 kB
Progress (5): 88/191 kB | 101/560 kB | 74 kB | 90/165 kB | 82/109 kB
Progress (5): 88/191 kB | 101/560 kB | 74 kB | 93/165 kB | 82/109 kB
Progress (5): 88/191 kB | 101/560 kB | 74 kB | 96/165 kB | 82/109 kB
Progress (5): 88/191 kB | 101/560 kB | 74 kB | 99/165 kB | 82/109 kB
Progress (5): 88/191 kB | 101/560 kB | 74 kB | 101/165 kB | 82/109 kB
Progress (5): 88/191 kB | 101/560 kB | 74 kB | 104/165 kB | 82/109 kB
Progress (5): 88/191 kB | 101/560 kB | 74 kB | 107/165 kB | 82/109 kB
Progress (5): 88/191 kB | 101/560 kB | 74 kB | 110/165 kB | 82/109 kB
Progress (5): 88/191 kB | 101/560 kB | 74 kB | 110/165 kB | 86/109 kB
Progress (5): 88/191 kB | 101/560 kB | 74 kB | 110/165 kB | 90/109 kB
Progress (5): 88/191 kB | 101/560 kB | 74 kB | 110/165 kB | 94/109 kB
Progress (5): 88/191 kB | 101/560 kB | 74 kB | 110/165 kB | 98/109 kB
Progress (5): 88/191 kB | 101/560 kB | 74 kB | 110/165 kB | 102/109 kB
Progress (5): 88/191 kB | 104/560 kB | 74 kB | 110/165 kB | 102/109 kB
Progress (5): 90/191 kB | 104/560 kB | 74 kB | 110/165 kB | 102/109 kB
Progress (5): 93/191 kB | 104/560 kB | 74 kB | 110/165 kB | 102/109 kB
Progress (5): 96/191 kB | 104/560 kB | 74 kB | 110/165 kB | 102/109 kB
Progress (5): 99/191 kB | 104/560 kB | 74 kB | 110/165 kB | 102/109 kB
Progress (5): 101/191 kB | 104/560 kB | 74 kB | 110/165 kB | 102/109 kB
Progress (5): 104/191 kB | 104/560 kB | 74 kB | 110/165 kB | 102/109 kB
Progress (5): 107/191 kB | 104/560 kB | 74 kB | 110/165 kB | 102/109 kB
Progress (5): 110/191 kB | 104/560 kB | 74 kB | 110/165 kB | 102/109 kB
Progress (5): 112/191 kB | 104/560 kB | 74 kB | 110/165 kB | 102/109 kB
Progress (5): 115/191 kB | 104/560 kB | 74 kB | 110/165 kB | 102/109 kB
Progress (5): 118/191 kB | 104/560 kB | 74 kB | 110/165 kB | 102/109 kB

Downloaded from central: https://repo.maven.apache.org/maven2/org/codehaus/plexus/plexus-io/3.0.1/plexus-io-3.0.1.jar (74 kB at 296 kB/s)
Downloading from central: https://repo.maven.apache.org/maven2/org/codehaus/plexus/plexus-interpolation/1.25/plexus-interpolation-1.25.jar
Progress (4): 118/191 kB | 107/560 kB | 110/165 kB | 102/109 kB
Progress (4): 118/191 kB | 110/560 kB | 110/165 kB | 102/109 kB
Progress (4): 118/191 kB | 112/560 kB | 110/165 kB | 102/109 kB
Progress (4): 118/191 kB | 115/560 kB | 110/165 kB | 102/109 kB
Progress (4): 118/191 kB | 115/560 kB | 112/165 kB | 102/109 kB
Progress (4): 118/191 kB | 115/560 kB | 115/165 kB | 102/109 kB
Progress (4): 118/191 kB | 115/560 kB | 118/165 kB | 102/109 kB
Progress (4): 118/191 kB | 115/560 kB | 121/165 kB | 102/109 kB
Progress (4): 118/191 kB | 115/560 kB | 123/165 kB | 102/109 kB
Progress (4): 118/191 kB | 115/560 kB | 126/165 kB | 102/109 kB
Progress (4): 118/191 kB | 115/560 kB | 129/165 kB | 102/109 kB
Progress (4): 118/191 kB | 115/560 kB | 132/165 kB | 102/109 kB
Progress (4): 118/191 kB | 115/560 kB | 134/165 kB | 102/109 kB
Progress (4): 118/191 kB | 115/560 kB | 137/165 kB | 102/109 kB
Progress (4): 118/191 kB | 115/560 kB | 140/165 kB | 102/109 kB
Progress (4): 118/191 kB | 115/560 kB | 140/165 kB | 106/109 kB
Progress (4): 118/191 kB | 115/560 kB | 140/165 kB | 109 kB
Progress (4): 118/191 kB | 118/560 kB | 140/165 kB | 109 kB
Progress (4): 118/191 kB | 121/560 kB | 140/165 kB | 109 kB
Progress (4): 118/191 kB | 123/560 kB | 140/165 kB | 109 kB
Progress (5): 118/191 kB | 123/560 kB | 140/165 kB | 109 kB | 2.7/85 kB
Progress (5): 121/191 kB | 123/560 kB | 140/165 kB | 109 kB | 2.7/85 kB
Progress (5): 121/191 kB | 123/560 kB | 140/165 kB | 109 kB | 5.5/85 kB
Progress (5): 123/191 kB | 123/560 kB | 140/165 kB | 109 kB | 5.5/85 kB
Progress (5): 123/191 kB | 123/560 kB | 140/165 kB | 109 kB | 8.2/85 kB
Progress (5): 126/191 kB | 123/560 kB | 140/165 kB | 109 kB | 8.2/85 kB
Progress (5): 126/191 kB | 126/560 kB | 140/165 kB | 109 kB | 8.2/85 kB
Progress (5): 126/191 kB | 126/560 kB | 140/165 kB | 109 kB | 11/85 kB
Progress (5): 126/191 kB | 126/560 kB | 140/165 kB | 109 kB | 14/85 kB
Progress (5): 126/191 kB | 126/560 kB | 140/165 kB | 109 kB | 16/85 kB
Progress (5): 126/191 kB | 126/560 kB | 140/165 kB | 109 kB | 19/85 kB
Progress (5): 126/191 kB | 126/560 kB | 140/165 kB | 109 kB | 22/85 kB
Progress (5): 126/191 kB | 126/560 kB | 140/165 kB | 109 kB | 25/85 kB
Progress (5): 126/191 kB | 129/560 kB | 140/165 kB | 109 kB | 25/85 kB
Progress (5): 126/191 kB | 132/560 kB | 140/165 kB | 109 kB | 25/85 kB

Downloaded from central: https://repo.maven.apache.org/maven2/org/tukaani/xz/1.8/xz-1.8.jar (109 kB at 402 kB/s)
Downloading from central: https://repo.maven.apache.org/maven2/com/thoughtworks/xstream/xstream/1.4.10/xstream-1.4.10.jar
Progress (4): 129/191 kB | 132/560 kB | 140/165 kB | 25/85 kB
Progress (4): 132/191 kB | 132/560 kB | 140/165 kB | 25/85 kB
Progress (4): 134/191 kB | 132/560 kB | 140/165 kB | 25/85 kB
Progress (4): 137/191 kB | 132/560 kB | 140/165 kB | 25/85 kB
Progress (4): 140/191 kB | 132/560 kB | 140/165 kB | 25/85 kB
Progress (4): 143/191 kB | 132/560 kB | 140/165 kB | 25/85 kB
Progress (4): 145/191 kB | 132/560 kB | 140/165 kB | 25/85 kB
Progress (4): 148/191 kB | 132/560 kB | 140/165 kB | 25/85 kB
Progress (4): 148/191 kB | 132/560 kB | 143/165 kB | 25/85 kB
Progress (4): 148/191 kB | 132/560 kB | 145/165 kB | 25/85 kB
Progress (4): 148/191 kB | 132/560 kB | 148/165 kB | 25/85 kB
Progress (4): 148/191 kB | 134/560 kB | 148/165 kB | 25/85 kB
Progress (4): 148/191 kB | 137/560 kB | 148/165 kB | 25/85 kB
Progress (4): 148/191 kB | 140/560 kB | 148/165 kB | 25/85 kB
Progress (4): 148/191 kB | 143/560 kB | 148/165 kB | 25/85 kB
Progress (4): 148/191 kB | 143/560 kB | 148/165 kB | 27/85 kB
Progress (4): 148/191 kB | 143/560 kB | 148/165 kB | 30/85 kB
Progress (4): 148/191 kB | 143/560 kB | 148/165 kB | 33/85 kB
Progress (4): 148/191 kB | 143/560 kB | 148/165 kB | 36/85 kB
Progress (4): 148/191 kB | 143/560 kB | 148/165 kB | 38/85 kB
Progress (4): 148/191 kB | 143/560 kB | 148/165 kB | 41/85 kB
Progress (4): 148/191 kB | 143/560 kB | 148/165 kB | 44/85 kB
Progress (4): 148/191 kB | 143/560 kB | 151/165 kB | 44/85 kB
Progress (4): 148/191 kB | 143/560 kB | 154/165 kB | 44/85 kB
Progress (5): 148/191 kB | 143/560 kB | 154/165 kB | 44/85 kB | 4.1/590 kB
Progress (5): 148/191 kB | 143/560 kB | 154/165 kB | 44/85 kB | 8.2/590 kB
Progress (5): 148/191 kB | 143/560 kB | 154/165 kB | 44/85 kB | 12/590 kB
Progress (5): 148/191 kB | 143/560 kB | 154/165 kB | 44/85 kB | 16/590 kB
Progress (5): 148/191 kB | 143/560 kB | 154/165 kB | 44/85 kB | 20/590 kB
Progress (5): 148/191 kB | 143/560 kB | 154/165 kB | 44/85 kB | 25/590 kB
Progress (5): 148/191 kB | 143/560 kB | 154/165 kB | 44/85 kB | 29/590 kB
Progress (5): 148/191 kB | 143/560 kB | 156/165 kB | 44/85 kB | 29/590 kB
Progress (5): 148/191 kB | 143/560 kB | 159/165 kB | 44/85 kB | 29/590 kB
Progress (5): 148/191 kB | 143/560 kB | 162/165 kB | 44/85 kB | 29/590 kB
Progress (5): 151/191 kB | 143/560 kB | 162/165 kB | 44/85 kB | 29/590 kB
Progress (5): 154/191 kB | 143/560 kB | 162/165 kB | 44/85 kB | 29/590 kB
Progress (5): 156/191 kB | 143/560 kB | 162/165 kB | 44/85 kB | 29/590 kB
Progress (5): 159/191 kB | 143/560 kB | 162/165 kB | 44/85 kB | 29/590 kB
Progress (5): 159/191 kB | 145/560 kB | 162/165 kB | 44/85 kB | 29/590 kB
Progress (5): 159/191 kB | 148/560 kB | 162/165 kB | 44/85 kB | 29/590 kB
Progress (5): 159/191 kB | 151/560 kB | 162/165 kB | 44/85 kB | 29/590 kB
Progress (5): 159/191 kB | 154/560 kB | 162/165 kB | 44/85 kB | 29/590 kB
Progress (5): 159/191 kB | 156/560 kB | 162/165 kB | 44/85 kB | 29/590 kB
Progress (5): 159/191 kB | 159/560 kB | 162/165 kB | 44/85 kB | 29/590 kB
Progress (5): 159/191 kB | 162/560 kB | 162/165 kB | 44/85 kB | 29/590 kB
Progress (5): 159/191 kB | 165/560 kB | 162/165 kB | 44/85 kB | 29/590 kB
Progress (5): 159/191 kB | 167/560 kB | 162/165 kB | 44/85 kB | 29/590 kB
Progress (5): 159/191 kB | 170/560 kB | 162/165 kB | 44/85 kB | 29/590 kB
Progress (5): 159/191 kB | 173/560 kB | 162/165 kB | 44/85 kB | 29/590 kB
Progress (5): 159/191 kB | 173/560 kB | 162/165 kB | 44/85 kB | 33/590 kB
Progress (5): 159/191 kB | 173/560 kB | 162/165 kB | 44/85 kB | 37/590 kB
Progress (5): 159/191 kB | 173/560 kB | 162/165 kB | 47/85 kB | 37/590 kB
Progress (5): 159/191 kB | 173/560 kB | 162/165 kB | 49/85 kB | 37/590 kB
Progress (5): 159/191 kB | 173/560 kB | 162/165 kB | 52/85 kB | 37/590 kB
Progress (5): 159/191 kB | 173/560 kB | 162/165 kB | 55/85 kB | 37/590 kB
Progress (5): 159/191 kB | 173/560 kB | 162/165 kB | 58/85 kB | 37/590 kB
Progress (5): 159/191 kB | 173/560 kB | 162/165 kB | 60/85 kB | 37/590 kB
Progress (5): 159/191 kB | 173/560 kB | 162/165 kB | 63/85 kB | 37/590 kB
Progress (5): 159/191 kB | 173/560 kB | 162/165 kB | 66/85 kB | 37/590 kB
Progress (5): 162/191 kB | 173/560 kB | 162/165 kB | 66/85 kB | 37/590 kB
Progress (5): 165/191 kB | 173/560 kB | 162/165 kB | 66/85 kB | 37/590 kB
Progress (5): 167/191 kB | 173/560 kB | 162/165 kB | 66/85 kB | 37/590 kB
Progress (5): 170/191 kB | 173/560 kB | 162/165 kB | 66/85 kB | 37/590 kB
Progress (5): 173/191 kB | 173/560 kB | 162/165 kB | 66/85 kB | 37/590 kB
Progress (5): 175/191 kB | 173/560 kB | 162/165 kB | 66/85 kB | 37/590 kB
Progress (5): 178/191 kB | 173/560 kB | 162/165 kB | 66/85 kB | 37/590 kB
Progress (5): 181/191 kB | 173/560 kB | 162/165 kB | 66/85 kB | 37/590 kB
Progress (5): 184/191 kB | 173/560 kB | 162/165 kB | 66/85 kB | 37/590 kB
Progress (5): 186/191 kB | 173/560 kB | 162/165 kB | 66/85 kB | 37/590 kB
Progress (5): 189/191 kB | 173/560 kB | 162/165 kB | 66/85 kB | 37/590 kB
Progress (5): 191 kB | 173/560 kB | 162/165 kB | 66/85 kB | 37/590 kB
Progress (5): 191 kB | 173/560 kB | 165/165 kB | 66/85 kB | 37/590 kB
Progress (5): 191 kB | 173/560 kB | 165 kB | 66/85 kB | 37/590 kB
Progress (5): 191 kB | 173/560 kB | 165 kB | 69/85 kB | 37/590 kB
Progress (5): 191 kB | 173/560 kB | 165 kB | 71/85 kB | 37/590 kB
Progress (5): 191 kB | 173/560 kB | 165 kB | 74/85 kB | 37/590 kB
Progress (5): 191 kB | 173/560 kB | 165 kB | 77/85 kB | 37/590 kB
Progress (5): 191 kB | 173/560 kB | 165 kB | 80/85 kB | 37/590 kB
Progress (5): 191 kB | 173/560 kB | 165 kB | 82/85 kB | 37/590 kB
Progress (5): 191 kB | 175/560 kB | 165 kB | 82/85 kB | 37/590 kB
Progress (5): 191 kB | 178/560 kB | 165 kB | 82/85 kB | 37/590 kB
Progress (5): 191 kB | 181/560 kB | 165 kB | 82/85 kB | 37/590 kB
Progress (5): 191 kB | 184/560 kB | 165 kB | 82/85 kB | 37/590 kB
Progress (5): 191 kB | 186/560 kB | 165 kB | 82/85 kB | 37/590 kB
Progress (5): 191 kB | 189/560 kB | 165 kB | 82/85 kB | 37/590 kB
Progress (5): 191 kB | 192/560 kB | 165 kB | 82/85 kB | 37/590 kB
Progress (5): 191 kB | 195/560 kB | 165 kB | 82/85 kB | 37/590 kB
Progress (5): 191 kB | 197/560 kB | 165 kB | 82/85 kB | 37/590 kB
Progress (5): 191 kB | 197/560 kB | 165 kB | 82/85 kB | 41/590 kB
Progress (5): 191 kB | 197/560 kB | 165 kB | 82/85 kB | 45/590 kB
Progress (5): 191 kB | 197/560 kB | 165 kB | 82/85 kB | 49/590 kB
Progress (5): 191 kB | 197/560 kB | 165 kB | 82/85 kB | 53/590 kB
Progress (5): 191 kB | 197/560 kB | 165 kB | 82/85 kB | 57/590 kB
Progress (5): 191 kB | 197/560 kB | 165 kB | 82/85 kB | 61/590 kB
Progress (5): 191 kB | 197/560 kB | 165 kB | 82/85 kB | 66/590 kB
Progress (5): 191 kB | 197/560 kB | 165 kB | 82/85 kB | 70/590 kB
Progress (5): 191 kB | 197/560 kB | 165 kB | 82/85 kB | 74/590 kB
Progress (5): 191 kB | 197/560 kB | 165 kB | 82/85 kB | 78/590 kB
Progress (5): 191 kB | 197/560 kB | 165 kB | 82/85 kB | 82/590 kB
Progress (5): 191 kB | 197/560 kB | 165 kB | 82/85 kB | 86/590 kB
Progress (5): 191 kB | 197/560 kB | 165 kB | 82/85 kB | 90/590 kB
Progress (5): 191 kB | 197/560 kB | 165 kB | 82/85 kB | 94/590 kB
Progress (5): 191 kB | 197/560 kB | 165 kB | 82/85 kB | 98/590 kB
Progress (5): 191 kB | 197/560 kB | 165 kB | 82/85 kB | 102/590 kB
Progress (5): 191 kB | 197/560 kB | 165 kB | 82/85 kB | 106/590 kB
Progress (5): 191 kB | 197/560 kB | 165 kB | 82/85 kB | 111/590 kB

Downloaded from central: https://repo.maven.apache.org/maven2/org/apache/maven/shared/maven-shared-utils/3.2.0/maven-shared-utils-3.2.0.jar (165 kB at 459 kB/s)
Downloading from central: https://repo.maven.apache.org/maven2/xmlpull/xmlpull/1.1.3.1/xmlpull-1.1.3.1.jar
Progress (4): 191 kB | 200/560 kB | 82/85 kB | 111/590 kB
Progress (4): 191 kB | 200/560 kB | 85/85 kB | 111/590 kB
Progress (4): 191 kB | 200/560 kB | 85 kB | 111/590 kB
Progress (4): 191 kB | 203/560 kB | 85 kB | 111/590 kB
Progress (4): 191 kB | 206/560 kB | 85 kB | 111/590 kB
Progress (4): 191 kB | 208/560 kB | 85 kB | 111/590 kB
Progress (4): 191 kB | 211/560 kB | 85 kB | 111/590 kB
Progress (4): 191 kB | 214/560 kB | 85 kB | 111/590 kB
Progress (4): 191 kB | 217/560 kB | 85 kB | 111/590 kB
Progress (4): 191 kB | 219/560 kB | 85 kB | 111/590 kB
Progress (4): 191 kB | 219/560 kB | 85 kB | 115/590 kB
Progress (4): 191 kB | 219/560 kB | 85 kB | 119/590 kB

Downloaded from central: https://repo.maven.apache.org/maven2/org/codehaus/plexus/plexus-archiver/3.6.0/plexus-archiver-3.6.0.jar (191 kB at 521 kB/s)
Downloading from central: https://repo.maven.apache.org/maven2/xpp3/xpp3_min/1.1.4c/xpp3_min-1.1.4c.jar
Progress (4): 219/560 kB | 85 kB | 119/590 kB | 2.7/7.2 kB
Progress (4): 219/560 kB | 85 kB | 119/590 kB | 5.5/7.2 kB
Progress (4): 219/560 kB | 85 kB | 119/590 kB | 7.2 kB

Downloaded from central: https://repo.maven.apache.org/maven2/org/codehaus/plexus/plexus-interpolation/1.25/plexus-interpolation-1.25.jar (85 kB at 233 kB/s)
Downloading from central: https://repo.maven.apache.org/maven2/org/apache/maven/shared/maven-mapping/3.0.0/maven-mapping-3.0.0.jar
Progress (3): 219/560 kB | 123/590 kB | 7.2 kB
Progress (3): 219/560 kB | 127/590 kB | 7.2 kB
Progress (3): 219/560 kB | 131/590 kB | 7.2 kB
Progress (3): 219/560 kB | 135/590 kB | 7.2 kB
Progress (3): 222/560 kB | 135/590 kB | 7.2 kB
Progress (3): 225/560 kB | 135/590 kB | 7.2 kB
Progress (3): 228/560 kB | 135/590 kB | 7.2 kB
Progress (4): 228/560 kB | 135/590 kB | 7.2 kB | 2.7/25 kB
Progress (4): 228/560 kB | 135/590 kB | 7.2 kB | 5.5/25 kB
Progress (4): 228/560 kB | 135/590 kB | 7.2 kB | 8.2/25 kB
Progress (4): 228/560 kB | 135/590 kB | 7.2 kB | 11/25 kB
Progress (5): 228/560 kB | 135/590 kB | 7.2 kB | 11/25 kB | 2.7/11 kB
Progress (5): 228/560 kB | 135/590 kB | 7.2 kB | 11/25 kB | 5.5/11 kB
Progress (5): 228/560 kB | 135/590 kB | 7.2 kB | 11/25 kB | 8.2/11 kB
Progress (5): 228/560 kB | 135/590 kB | 7.2 kB | 11/25 kB | 11 kB

Downloaded from central: https://repo.maven.apache.org/maven2/xmlpull/xmlpull/1.1.3.1/xmlpull-1.1.3.1.jar (7.2 kB at 19 kB/s)
Progress (4): 228/560 kB | 135/590 kB | 14/25 kB | 11 kB
Progress (4): 228/560 kB | 135/590 kB | 16/25 kB | 11 kB
Progress (4): 228/560 kB | 135/590 kB | 19/25 kB | 11 kB
Progress (4): 228/560 kB | 135/590 kB | 22/25 kB | 11 kB
Progress (4): 228/560 kB | 135/590 kB | 25/25 kB | 11 kB
Progress (4): 228/560 kB | 135/590 kB | 25 kB | 11 kB
Progress (4): 230/560 kB | 135/590 kB | 25 kB | 11 kB
Progress (4): 230/560 kB | 139/590 kB | 25 kB | 11 kB
Progress (4): 230/560 kB | 143/590 kB | 25 kB | 11 kB
Progress (4): 230/560 kB | 147/590 kB | 25 kB | 11 kB
Progress (4): 233/560 kB | 147/590 kB | 25 kB | 11 kB
Progress (4): 236/560 kB | 147/590 kB | 25 kB | 11 kB
Progress (4): 239/560 kB | 147/590 kB | 25 kB | 11 kB
Progress (4): 241/560 kB | 147/590 kB | 25 kB | 11 kB
Progress (4): 244/560 kB | 147/590 kB | 25 kB | 11 kB
Progress (4): 247/560 kB | 147/590 kB | 25 kB | 11 kB
Progress (4): 247/560 kB | 152/590 kB | 25 kB | 11 kB
Progress (4): 247/560 kB | 156/590 kB | 25 kB | 11 kB
Progress (4): 247/560 kB | 160/590 kB | 25 kB | 11 kB
Progress (4): 247/560 kB | 164/590 kB | 25 kB | 11 kB
Progress (4): 247/560 kB | 168/590 kB | 25 kB | 11 kB
Progress (4): 247/560 kB | 172/590 kB | 25 kB | 11 kB
Progress (4): 247/560 kB | 176/590 kB | 25 kB | 11 kB
Progress (4): 247/560 kB | 180/590 kB | 25 kB | 11 kB
Progress (4): 247/560 kB | 184/590 kB | 25 kB | 11 kB
Progress (4): 247/560 kB | 188/590 kB | 25 kB | 11 kB
Progress (4): 247/560 kB | 193/590 kB | 25 kB | 11 kB
Progress (4): 247/560 kB | 197/590 kB | 25 kB | 11 kB

Downloaded from central: https://repo.maven.apache.org/maven2/org/apache/maven/shared/maven-mapping/3.0.0/maven-mapping-3.0.0.jar (11 kB at 26 kB/s)
Progress (3): 250/560 kB | 197/590 kB | 25 kB
Progress (3): 252/560 kB | 197/590 kB | 25 kB
Progress (3): 255/560 kB | 197/590 kB | 25 kB
Progress (3): 258/560 kB | 197/590 kB | 25 kB
Progress (3): 260/560 kB | 197/590 kB | 25 kB

Downloaded from central: https://repo.maven.apache.org/maven2/xpp3/xpp3_min/1.1.4c/xpp3_min-1.1.4c.jar (25 kB at 61 kB/s)
Progress (2): 263/560 kB | 197/590 kB
Progress (2): 266/560 kB | 197/590 kB
Progress (2): 269/560 kB | 197/590 kB
Progress (2): 271/560 kB | 197/590 kB
Progress (2): 271/560 kB | 201/590 kB
Progress (2): 271/560 kB | 205/590 kB
Progress (2): 271/560 kB | 209/590 kB
Progress (2): 271/560 kB | 213/590 kB
Progress (2): 271/560 kB | 217/590 kB
Progress (2): 271/560 kB | 221/590 kB
Progress (2): 271/560 kB | 225/590 kB
Progress (2): 271/560 kB | 229/590 kB
Progress (2): 271/560 kB | 233/590 kB
Progress (2): 274/560 kB | 233/590 kB
Progress (2): 277/560 kB | 233/590 kB
Progress (2): 280/560 kB | 233/590 kB
Progress (2): 282/560 kB | 233/590 kB
Progress (2): 285/560 kB | 233/590 kB
Progress (2): 288/560 kB | 233/590 kB
Progress (2): 291/560 kB | 233/590 kB
Progress (2): 293/560 kB | 233/590 kB
Progress (2): 296/560 kB | 233/590 kB
Progress (2): 296/560 kB | 238/590 kB
Progress (2): 296/560 kB | 242/590 kB
Progress (2): 296/560 kB | 246/590 kB
Progress (2): 296/560 kB | 250/590 kB
Progress (2): 296/560 kB | 254/590 kB
Progress (2): 296/560 kB | 258/590 kB
Progress (2): 296/560 kB | 262/590 kB
Progress (2): 296/560 kB | 266/590 kB
Progress (2): 296/560 kB | 270/590 kB
Progress (2): 296/560 kB | 274/590 kB
Progress (2): 299/560 kB | 274/590 kB
Progress (2): 302/560 kB | 274/590 kB
Progress (2): 304/560 kB | 274/590 kB
Progress (2): 307/560 kB | 274/590 kB
Progress (2): 310/560 kB | 274/590 kB
Progress (2): 313/560 kB | 274/590 kB
Progress (2): 315/560 kB | 274/590 kB
Progress (2): 318/560 kB | 274/590 kB
Progress (2): 318/560 kB | 279/590 kB
Progress (2): 318/560 kB | 283/590 kB
Progress (2): 318/560 kB | 287/590 kB
Progress (2): 318/560 kB | 291/590 kB
Progress (2): 318/560 kB | 295/590 kB
Progress (2): 318/560 kB | 299/590 kB
Progress (2): 318/560 kB | 303/590 kB
Progress (2): 318/560 kB | 307/590 kB
Progress (2): 318/560 kB | 311/590 kB
Progress (2): 321/560 kB | 311/590 kB
Progress (2): 324/560 kB | 311/590 kB
Progress (2): 326/560 kB | 311/590 kB
Progress (2): 329/560 kB | 311/590 kB
Progress (2): 332/560 kB | 311/590 kB
Progress (2): 335/560 kB | 311/590 kB
Progress (2): 337/560 kB | 311/590 kB
Progress (2): 340/560 kB | 311/590 kB
Progress (2): 343/560 kB | 311/590 kB
Progress (2): 345/560 kB | 311/590 kB
Progress (2): 345/560 kB | 315/590 kB
Progress (2): 345/560 kB | 319/590 kB
Progress (2): 345/560 kB | 324/590 kB
Progress (2): 345/560 kB | 328/590 kB
Progress (2): 345/560 kB | 332/590 kB
Progress (2): 345/560 kB | 336/590 kB
Progress (2): 345/560 kB | 340/590 kB
Progress (2): 345/560 kB | 344/590 kB
Progress (2): 345/560 kB | 348/590 kB
Progress (2): 348/560 kB | 348/590 kB
Progress (2): 351/560 kB | 348/590 kB
Progress (2): 354/560 kB | 348/590 kB
Progress (2): 356/560 kB | 348/590 kB
Progress (2): 359/560 kB | 348/590 kB
Progress (2): 362/560 kB | 348/590 kB
Progress (2): 365/560 kB | 348/590 kB
Progress (2): 367/560 kB | 348/590 kB
Progress (2): 370/560 kB | 348/590 kB
Progress (2): 370/560 kB | 352/590 kB
Progress (2): 370/560 kB | 356/590 kB
Progress (2): 370/560 kB | 360/590 kB
Progress (2): 370/560 kB | 365/590 kB
Progress (2): 370/560 kB | 369/590 kB
Progress (2): 370/560 kB | 373/590 kB
Progress (2): 370/560 kB | 377/590 kB
Progress (2): 370/560 kB | 381/590 kB
Progress (2): 370/560 kB | 385/590 kB
Progress (2): 373/560 kB | 385/590 kB
Progress (2): 376/560 kB | 385/590 kB
Progress (2): 378/560 kB | 385/590 kB
Progress (2): 381/560 kB | 385/590 kB
Progress (2): 384/560 kB | 385/590 kB
Progress (2): 387/560 kB | 385/590 kB
Progress (2): 389/560 kB | 385/590 kB
Progress (2): 392/560 kB | 385/590 kB
Progress (2): 392/560 kB | 389/590 kB
Progress (2): 392/560 kB | 393/590 kB
Progress (2): 392/560 kB | 397/590 kB
Progress (2): 392/560 kB | 401/590 kB
Progress (2): 392/560 kB | 406/590 kB
Progress (2): 392/560 kB | 410/590 kB
Progress (2): 392/560 kB | 414/590 kB
Progress (2): 392/560 kB | 418/590 kB
Progress (2): 395/560 kB | 418/590 kB
Progress (2): 398/560 kB | 418/590 kB
Progress (2): 400/560 kB | 418/590 kB
Progress (2): 403/560 kB | 418/590 kB
Progress (2): 406/560 kB | 418/590 kB
Progress (2): 409/560 kB | 418/590 kB
Progress (2): 411/560 kB | 418/590 kB
Progress (2): 414/560 kB | 418/590 kB
Progress (2): 417/560 kB | 418/590 kB
Progress (2): 417/560 kB | 422/590 kB
Progress (2): 417/560 kB | 426/590 kB
Progress (2): 417/560 kB | 430/590 kB
Progress (2): 417/560 kB | 434/590 kB
Progress (2): 417/560 kB | 438/590 kB
Progress (2): 417/560 kB | 442/590 kB
Progress (2): 417/560 kB | 446/590 kB
Progress (2): 417/560 kB | 451/590 kB
Progress (2): 417/560 kB | 455/590 kB
Progress (2): 420/560 kB | 455/590 kB
Progress (2): 422/560 kB | 455/590 kB
Progress (2): 425/560 kB | 455/590 kB
Progress (2): 428/560 kB | 455/590 kB
Progress (2): 430/560 kB | 455/590 kB
Progress (2): 433/560 kB | 455/590 kB
Progress (2): 436/560 kB | 455/590 kB
Progress (2): 439/560 kB | 455/590 kB
Progress (2): 441/560 kB | 455/590 kB
Progress (2): 441/560 kB | 459/590 kB
Progress (2): 441/560 kB | 463/590 kB
Progress (2): 441/560 kB | 467/590 kB
Progress (2): 441/560 kB | 471/590 kB
Progress (2): 441/560 kB | 475/590 kB
Progress (2): 441/560 kB | 479/590 kB
Progress (2): 441/560 kB | 483/590 kB
Progress (2): 441/560 kB | 487/590 kB
Progress (2): 441/560 kB | 492/590 kB
Progress (2): 441/560 kB | 496/590 kB
Progress (2): 444/560 kB | 496/590 kB
Progress (2): 447/560 kB | 496/590 kB
Progress (2): 450/560 kB | 496/590 kB
Progress (2): 452/560 kB | 496/590 kB
Progress (2): 455/560 kB | 496/590 kB
Progress (2): 458/560 kB | 496/590 kB
Progress (2): 461/560 kB | 496/590 kB
Progress (2): 461/560 kB | 500/590 kB
Progress (2): 461/560 kB | 504/590 kB
Progress (2): 463/560 kB | 504/590 kB
Progress (2): 466/560 kB | 504/590 kB
Progress (2): 469/560 kB | 504/590 kB
Progress (2): 472/560 kB | 504/590 kB
Progress (2): 474/560 kB | 504/590 kB
Progress (2): 474/560 kB | 508/590 kB
Progress (2): 474/560 kB | 512/590 kB
Progress (2): 474/560 kB | 516/590 kB
Progress (2): 474/560 kB | 520/590 kB
Progress (2): 474/560 kB | 524/590 kB
Progress (2): 474/560 kB | 528/590 kB
Progress (2): 474/560 kB | 532/590 kB
Progress (2): 474/560 kB | 537/590 kB
Progress (2): 474/560 kB | 541/590 kB
Progress (2): 474/560 kB | 545/590 kB
Progress (2): 477/560 kB | 545/590 kB
Progress (2): 480/560 kB | 545/590 kB
Progress (2): 483/560 kB | 545/590 kB
Progress (2): 485/560 kB | 545/590 kB
Progress (2): 488/560 kB | 545/590 kB
Progress (2): 491/560 kB | 545/590 kB
Progress (2): 494/560 kB | 545/590 kB
Progress (2): 496/560 kB | 545/590 kB
Progress (2): 499/560 kB | 545/590 kB
Progress (2): 499/560 kB | 549/590 kB
Progress (2): 499/560 kB | 553/590 kB
Progress (2): 499/560 kB | 557/590 kB
Progress (2): 499/560 kB | 561/590 kB
Progress (2): 499/560 kB | 565/590 kB
Progress (2): 499/560 kB | 569/590 kB
Progress (2): 499/560 kB | 573/590 kB
Progress (2): 499/560 kB | 578/590 kB
Progress (2): 502/560 kB | 578/590 kB
Progress (2): 505/560 kB | 578/590 kB
Progress (2): 507/560 kB | 578/590 kB
Progress (2): 510/560 kB | 578/590 kB
Progress (2): 513/560 kB | 578/590 kB
Progress (2): 515/560 kB | 578/590 kB
Progress (2): 518/560 kB | 578/590 kB
Progress (2): 521/560 kB | 578/590 kB
Progress (2): 524/560 kB | 578/590 kB
Progress (2): 524/560 kB | 582/590 kB
Progress (2): 524/560 kB | 586/590 kB
Progress (2): 524/560 kB | 590 kB
Progress (2): 526/560 kB | 590 kB
Progress (2): 529/560 kB | 590 kB
Progress (2): 532/560 kB | 590 kB
Progress (2): 535/560 kB | 590 kB
Progress (2): 537/560 kB | 590 kB
Progress (2): 540/560 kB | 590 kB
Progress (2): 543/560 kB | 590 kB
Progress (2): 546/560 kB | 590 kB
Progress (2): 548/560 kB | 590 kB
Progress (2): 551/560 kB | 590 kB
Progress (2): 554/560 kB | 590 kB
Progress (2): 557/560 kB | 590 kB
Progress (2): 559/560 kB | 590 kB
Progress (2): 560 kB | 590 kB

Downloaded from central: https://repo.maven.apache.org/maven2/com/thoughtworks/xstream/xstream/1.4.10/xstream-1.4.10.jar (590 kB at 1.0 MB/s)
Downloaded from central: https://repo.maven.apache.org/maven2/org/apache/commons/commons-compress/1.16.1/commons-compress-1.16.1.jar (560 kB at 973 kB/s)
[INFO] Packaging webapp
[INFO] Assembling webapp [auth-course] in [/var/jenkins_home/workspace/eCommerce/target/auth-course-0.0.1-SNAPSHOT]
[INFO] Processing war project
[INFO] Webapp assembled in [323 msecs]
[INFO] Building war: /var/jenkins_home/workspace/eCommerce/target/auth-course-0.0.1-SNAPSHOT.war
[INFO]
[INFO] --- spring-boot-maven-plugin:2.1.5.RELEASE:repackage (repackage) @ auth-course ---
Downloading from central: https://repo.maven.apache.org/maven2/org/springframework/boot/spring-boot-loader-tools/2.1.5.RELEASE/spring-boot-loader-tools-2.1.5.RELEASE.pom
Progress (1): 2.7 kB

Downloaded from central: https://repo.maven.apache.org/maven2/org/springframework/boot/spring-boot-loader-tools/2.1.5.RELEASE/spring-boot-loader-tools-2.1.5.RELEASE.pom (2.7 kB at 80 kB/s)
Downloading from central: https://repo.maven.apache.org/maven2/org/apache/commons/commons-compress/1.18/commons-compress-1.18.pom
Progress (1): 4.1/18 kB
Progress (1): 8.2/18 kB
Progress (1): 12/18 kB
Progress (1): 16/18 kB
Progress (1): 18 kB

Downloaded from central: https://repo.maven.apache.org/maven2/org/apache/commons/commons-compress/1.18/commons-compress-1.18.pom (18 kB at 570 kB/s)
Downloading from central: https://repo.maven.apache.org/maven2/org/apache/commons/commons-parent/47/commons-parent-47.pom
Progress (1): 4.1/78 kB
Progress (1): 8.2/78 kB
Progress (1): 12/78 kB
Progress (1): 16/78 kB
Progress (1): 20/78 kB
Progress (1): 25/78 kB
Progress (1): 29/78 kB
Progress (1): 33/78 kB
Progress (1): 37/78 kB
Progress (1): 41/78 kB
Progress (1): 45/78 kB
Progress (1): 49/78 kB
Progress (1): 53/78 kB
Progress (1): 57/78 kB
Progress (1): 61/78 kB
Progress (1): 66/78 kB
Progress (1): 70/78 kB
Progress (1): 74/78 kB
Progress (1): 78 kB

Downloaded from central: https://repo.maven.apache.org/maven2/org/apache/commons/commons-parent/47/commons-parent-47.pom (78 kB at 1.6 MB/s)
Downloading from central: https://repo.maven.apache.org/maven2/org/codehaus/plexus/plexus-component-annotations/1.5.5/plexus-component-annotations-1.5.5.pom
Progress (1): 815 B

Downloaded from central: https://repo.maven.apache.org/maven2/org/codehaus/plexus/plexus-component-annotations/1.5.5/plexus-component-annotations-1.5.5.pom (815 B at 29 kB/s)
Downloading from central: https://repo.maven.apache.org/maven2/org/codehaus/plexus/plexus-containers/1.5.5/plexus-containers-1.5.5.pom
Progress (1): 4.1/4.2 kB
Progress (1): 4.2 kB

Downloaded from central: https://repo.maven.apache.org/maven2/org/codehaus/plexus/plexus-containers/1.5.5/plexus-containers-1.5.5.pom (4.2 kB at 151 kB/s)
Downloading from central: https://repo.maven.apache.org/maven2/org/codehaus/plexus/plexus-component-annotations/1.5.4/plexus-component-annotations-1.5.4.pom
Progress (1): 815 B

Downloaded from central: https://repo.maven.apache.org/maven2/org/codehaus/plexus/plexus-component-annotations/1.5.4/plexus-component-annotations-1.5.4.pom (815 B at 25 kB/s)
Downloading from central: https://repo.maven.apache.org/maven2/org/codehaus/plexus/plexus-containers/1.5.4/plexus-containers-1.5.4.pom
Progress (1): 4.1/4.2 kB
Progress (1): 4.2 kB

Downloaded from central: https://repo.maven.apache.org/maven2/org/codehaus/plexus/plexus-containers/1.5.4/plexus-containers-1.5.4.pom (4.2 kB at 141 kB/s)
Downloading from central: https://repo.maven.apache.org/maven2/org/codehaus/plexus/plexus/2.0.5/plexus-2.0.5.pom
Progress (1): 4.1/17 kB
Progress (1): 8.2/17 kB
Progress (1): 12/17 kB
Progress (1): 16/17 kB
Progress (1): 17 kB

Downloaded from central: https://repo.maven.apache.org/maven2/org/codehaus/plexus/plexus/2.0.5/plexus-2.0.5.pom (17 kB at 526 kB/s)
Downloading from central: https://repo.maven.apache.org/maven2/org/apache/maven/maven-artifact/3.3.9/maven-artifact-3.3.9.pom
Progress (1): 2.1 kB

Downloaded from central: https://repo.maven.apache.org/maven2/org/apache/maven/maven-artifact/3.3.9/maven-artifact-3.3.9.pom (2.1 kB at 15 kB/s)
Downloading from central: https://repo.maven.apache.org/maven2/org/apache/maven/maven/3.3.9/maven-3.3.9.pom
Progress (1): 4.1/24 kB
Progress (1): 8.2/24 kB
Progress (1): 12/24 kB
Progress (1): 16/24 kB
Progress (1): 20/24 kB
Progress (1): 24 kB

Downloaded from central: https://repo.maven.apache.org/maven2/org/apache/maven/maven/3.3.9/maven-3.3.9.pom (24 kB at 704 kB/s)
Downloading from central: https://repo.maven.apache.org/maven2/org/apache/commons/commons-lang3/3.8.1/commons-lang3-3.8.1.pom
Progress (1): 4.1/28 kB
Progress (1): 8.2/28 kB
Progress (1): 12/28 kB
Progress (1): 16/28 kB
Progress (1): 20/28 kB
Progress (1): 25/28 kB
Progress (1): 28 kB

Downloaded from central: https://repo.maven.apache.org/maven2/org/apache/commons/commons-lang3/3.8.1/commons-lang3-3.8.1.pom (28 kB at 620 kB/s)
Downloading from central: https://repo.maven.apache.org/maven2/org/apache/maven/maven-core/3.3.9/maven-core-3.3.9.pom
Progress (1): 4.1/8.3 kB
Progress (1): 8.2/8.3 kB
Progress (1): 8.3 kB

Downloaded from central: https://repo.maven.apache.org/maven2/org/apache/maven/maven-core/3.3.9/maven-core-3.3.9.pom (8.3 kB at 244 kB/s)
Downloading from central: https://repo.maven.apache.org/maven2/org/apache/maven/maven-model/3.3.9/maven-model-3.3.9.pom
Progress (1): 4.0 kB

Downloaded from central: https://repo.maven.apache.org/maven2/org/apache/maven/maven-model/3.3.9/maven-model-3.3.9.pom (4.0 kB at 149 kB/s)
Downloading from central: https://repo.maven.apache.org/maven2/org/apache/maven/maven-settings/3.3.9/maven-settings-3.3.9.pom
Progress (1): 1.8 kB

Downloaded from central: https://repo.maven.apache.org/maven2/org/apache/maven/maven-settings/3.3.9/maven-settings-3.3.9.pom (1.8 kB at 57 kB/s)
Downloading from central: https://repo.maven.apache.org/maven2/org/apache/maven/maven-settings-builder/3.3.9/maven-settings-builder-3.3.9.pom
Progress (1): 2.6 kB

Downloaded from central: https://repo.maven.apache.org/maven2/org/apache/maven/maven-settings-builder/3.3.9/maven-settings-builder-3.3.9.pom (2.6 kB at 69 kB/s)
Downloading from central: https://repo.maven.apache.org/maven2/org/apache/maven/maven-builder-support/3.3.9/maven-builder-support-3.3.9.pom
Progress (1): 1.7 kB

Downloaded from central: https://repo.maven.apache.org/maven2/org/apache/maven/maven-builder-support/3.3.9/maven-builder-support-3.3.9.pom (1.7 kB at 64 kB/s)
Downloading from central: https://repo.maven.apache.org/maven2/org/codehaus/plexus/plexus-component-annotations/1.6/plexus-component-annotations-1.6.pom
Progress (1): 748 B

Downloaded from central: https://repo.maven.apache.org/maven2/org/codehaus/plexus/plexus-component-annotations/1.6/plexus-component-annotations-1.6.pom (748 B at 29 kB/s)
Downloading from central: https://repo.maven.apache.org/maven2/org/codehaus/plexus/plexus-containers/1.6/plexus-containers-1.6.pom
Progress (1): 3.8 kB

Downloaded from central: https://repo.maven.apache.org/maven2/org/codehaus/plexus/plexus-containers/1.6/plexus-containers-1.6.pom (3.8 kB at 145 kB/s)
Downloading from central: https://repo.maven.apache.org/maven2/org/codehaus/plexus/plexus/3.3.2/plexus-3.3.2.pom
Progress (1): 4.1/22 kB
Progress (1): 8.2/22 kB
Progress (1): 12/22 kB
Progress (1): 16/22 kB
Progress (1): 20/22 kB
Progress (1): 22 kB

Downloaded from central: https://repo.maven.apache.org/maven2/org/codehaus/plexus/plexus/3.3.2/plexus-3.3.2.pom (22 kB at 567 kB/s)
Downloading from central: https://repo.maven.apache.org/maven2/org/apache/maven/maven-repository-metadata/3.3.9/maven-repository-metadata-3.3.9.pom
Progress (1): 1.9 kB

Downloaded from central: https://repo.maven.apache.org/maven2/org/apache/maven/maven-repository-metadata/3.3.9/maven-repository-metadata-3.3.9.pom (1.9 kB at 63 kB/s)
Downloading from central: https://repo.maven.apache.org/maven2/org/apache/maven/maven-plugin-api/3.3.9/maven-plugin-api-3.3.9.pom
Progress (1): 2.7 kB

Downloaded from central: https://repo.maven.apache.org/maven2/org/apache/maven/maven-plugin-api/3.3.9/maven-plugin-api-3.3.9.pom (2.7 kB at 100 kB/s)
Downloading from central: https://repo.maven.apache.org/maven2/org/eclipse/sisu/org.eclipse.sisu.plexus/0.3.2/org.eclipse.sisu.plexus-0.3.2.pom
Progress (1): 4.1/4.2 kB
Progress (1): 4.2 kB

Downloaded from central: https://repo.maven.apache.org/maven2/org/eclipse/sisu/org.eclipse.sisu.plexus/0.3.2/org.eclipse.sisu.plexus-0.3.2.pom (4.2 kB at 154 kB/s)
Downloading from central: https://repo.maven.apache.org/maven2/org/eclipse/sisu/sisu-plexus/0.3.2/sisu-plexus-0.3.2.pom
Progress (1): 4.1/14 kB
Progress (1): 8.2/14 kB
Progress (1): 12/14 kB
Progress (1): 14 kB

Downloaded from central: https://repo.maven.apache.org/maven2/org/eclipse/sisu/sisu-plexus/0.3.2/sisu-plexus-0.3.2.pom (14 kB at 416 kB/s)
Downloading from central: https://repo.maven.apache.org/maven2/javax/enterprise/cdi-api/1.0/cdi-api-1.0.pom
Progress (1): 1.4 kB

Downloaded from central: https://repo.maven.apache.org/maven2/javax/enterprise/cdi-api/1.0/cdi-api-1.0.pom (1.4 kB at 51 kB/s)
Downloading from central: https://repo.maven.apache.org/maven2/org/jboss/weld/weld-api-parent/1.0/weld-api-parent-1.0.pom
Progress (1): 2.4 kB

Downloaded from central: https://repo.maven.apache.org/maven2/org/jboss/weld/weld-api-parent/1.0/weld-api-parent-1.0.pom (2.4 kB at 76 kB/s)
Downloading from central: https://repo.maven.apache.org/maven2/org/jboss/weld/weld-api-bom/1.0/weld-api-bom-1.0.pom
Progress (1): 4.1/7.9 kB
Progress (1): 7.9 kB

Downloaded from central: https://repo.maven.apache.org/maven2/org/jboss/weld/weld-api-bom/1.0/weld-api-bom-1.0.pom (7.9 kB at 226 kB/s)
Downloading from central: https://repo.maven.apache.org/maven2/org/jboss/weld/weld-parent/6/weld-parent-6.pom
Progress (1): 4.1/21 kB
Progress (1): 8.2/21 kB
Progress (1): 12/21 kB
Progress (1): 16/21 kB
Progress (1): 20/21 kB
Progress (1): 21 kB

Downloaded from central: https://repo.maven.apache.org/maven2/org/jboss/weld/weld-parent/6/weld-parent-6.pom (21 kB at 575 kB/s)
Downloading from central: https://repo.maven.apache.org/maven2/javax/annotation/jsr250-api/1.0/jsr250-api-1.0.pom
Progress (1): 1.0 kB

Downloaded from central: https://repo.maven.apache.org/maven2/javax/annotation/jsr250-api/1.0/jsr250-api-1.0.pom (1.0 kB at 35 kB/s)
Downloading from central: https://repo.maven.apache.org/maven2/javax/inject/javax.inject/1/javax.inject-1.pom
Progress (1): 612 B

Downloaded from central: https://repo.maven.apache.org/maven2/javax/inject/javax.inject/1/javax.inject-1.pom (612 B at 21 kB/s)
Downloading from central: https://repo.maven.apache.org/maven2/org/eclipse/sisu/org.eclipse.sisu.inject/0.3.2/org.eclipse.sisu.inject-0.3.2.pom
Progress (1): 2.6 kB

Downloaded from central: https://repo.maven.apache.org/maven2/org/eclipse/sisu/org.eclipse.sisu.inject/0.3.2/org.eclipse.sisu.inject-0.3.2.pom (2.6 kB at 91 kB/s)
Downloading from central: https://repo.maven.apache.org/maven2/org/eclipse/sisu/sisu-inject/0.3.2/sisu-inject-0.3.2.pom
Progress (1): 4.1/14 kB
Progress (1): 8.2/14 kB
Progress (1): 12/14 kB
Progress (1): 14 kB

Downloaded from central: https://repo.maven.apache.org/maven2/org/eclipse/sisu/sisu-inject/0.3.2/sisu-inject-0.3.2.pom (14 kB at 465 kB/s)
Downloading from central: https://repo.maven.apache.org/maven2/org/codehaus/plexus/plexus-classworlds/2.5.2/plexus-classworlds-2.5.2.pom
Progress (1): 4.1/7.3 kB
Progress (1): 7.3 kB

Downloaded from central: https://repo.maven.apache.org/maven2/org/codehaus/plexus/plexus-classworlds/2.5.2/plexus-classworlds-2.5.2.pom (7.3 kB at 261 kB/s)
Downloading from central: https://repo.maven.apache.org/maven2/org/codehaus/plexus/plexus-utils/3.0.17/plexus-utils-3.0.17.pom
Progress (1): 3.4 kB

Downloaded from central: https://repo.maven.apache.org/maven2/org/codehaus/plexus/plexus-utils/3.0.17/plexus-utils-3.0.17.pom (3.4 kB at 126 kB/s)
Downloading from central: https://repo.maven.apache.org/maven2/org/apache/maven/maven-model-builder/3.3.9/maven-model-builder-3.3.9.pom
Progress (1): 3.1 kB

Downloaded from central: https://repo.maven.apache.org/maven2/org/apache/maven/maven-model-builder/3.3.9/maven-model-builder-3.3.9.pom (3.1 kB at 95 kB/s)
Downloading from central: https://repo.maven.apache.org/maven2/com/google/guava/guava/18.0/guava-18.0.pom
Progress (1): 4.1/5.7 kB
Progress (1): 5.7 kB

Downloaded from central: https://repo.maven.apache.org/maven2/com/google/guava/guava/18.0/guava-18.0.pom (5.7 kB at 218 kB/s)
Downloading from central: https://repo.maven.apache.org/maven2/com/google/guava/guava-parent/18.0/guava-parent-18.0.pom
Progress (1): 4.1/7.7 kB
Progress (1): 7.7 kB

Downloaded from central: https://repo.maven.apache.org/maven2/com/google/guava/guava-parent/18.0/guava-parent-18.0.pom (7.7 kB at 248 kB/s)
Downloading from central: https://repo.maven.apache.org/maven2/org/apache/maven/maven-aether-provider/3.3.9/maven-aether-provider-3.3.9.pom
Progress (1): 4.0 kB

Downloaded from central: https://repo.maven.apache.org/maven2/org/apache/maven/maven-aether-provider/3.3.9/maven-aether-provider-3.3.9.pom (4.0 kB at 90 kB/s)
Downloading from central: https://repo.maven.apache.org/maven2/org/eclipse/aether/aether-api/1.0.2.v20150114/aether-api-1.0.2.v20150114.pom
Progress (1): 1.8 kB

Downloaded from central: https://repo.maven.apache.org/maven2/org/eclipse/aether/aether-api/1.0.2.v20150114/aether-api-1.0.2.v20150114.pom (1.8 kB at 65 kB/s)
Downloading from central: https://repo.maven.apache.org/maven2/org/eclipse/aether/aether/1.0.2.v20150114/aether-1.0.2.v20150114.pom
Progress (1): 4.1/29 kB
Progress (1): 8.2/29 kB
Progress (1): 12/29 kB
Progress (1): 16/29 kB
Progress (1): 20/29 kB
Progress (1): 25/29 kB
Progress (1): 29/29 kB
Progress (1): 29 kB

Downloaded from central: https://repo.maven.apache.org/maven2/org/eclipse/aether/aether/1.0.2.v20150114/aether-1.0.2.v20150114.pom (29 kB at 863 kB/s)
Downloading from central: https://repo.maven.apache.org/maven2/org/eclipse/aether/aether-spi/1.0.2.v20150114/aether-spi-1.0.2.v20150114.pom
Progress (1): 2.0 kB

Downloaded from central: https://repo.maven.apache.org/maven2/org/eclipse/aether/aether-spi/1.0.2.v20150114/aether-spi-1.0.2.v20150114.pom (2.0 kB at 76 kB/s)
Downloading from central: https://repo.maven.apache.org/maven2/org/eclipse/aether/aether-util/1.0.2.v20150114/aether-util-1.0.2.v20150114.pom
Progress (1): 2.1 kB

Downloaded from central: https://repo.maven.apache.org/maven2/org/eclipse/aether/aether-util/1.0.2.v20150114/aether-util-1.0.2.v20150114.pom (2.1 kB at 76 kB/s)
Downloading from central: https://repo.maven.apache.org/maven2/org/eclipse/aether/aether-impl/1.0.2.v20150114/aether-impl-1.0.2.v20150114.pom
Progress (1): 3.4 kB

Downloaded from central: https://repo.maven.apache.org/maven2/org/eclipse/aether/aether-impl/1.0.2.v20150114/aether-impl-1.0.2.v20150114.pom (3.4 kB at 129 kB/s)
Downloading from central: https://repo.maven.apache.org/maven2/com/google/inject/guice/4.0/guice-4.0.pom
Progress (1): 4.1/11 kB
Progress (1): 8.2/11 kB
Progress (1): 11 kB

Downloaded from central: https://repo.maven.apache.org/maven2/com/google/inject/guice/4.0/guice-4.0.pom (11 kB at 343 kB/s)
Downloading from central: https://repo.maven.apache.org/maven2/com/google/inject/guice-parent/4.0/guice-parent-4.0.pom
Progress (1): 4.1/15 kB
Progress (1): 8.2/15 kB
Progress (1): 12/15 kB
Progress (1): 15 kB

Downloaded from central: https://repo.maven.apache.org/maven2/com/google/inject/guice-parent/4.0/guice-parent-4.0.pom (15 kB at 534 kB/s)
Downloading from central: https://repo.maven.apache.org/maven2/com/google/google/5/google-5.pom
Progress (1): 2.5 kB

Downloaded from central: https://repo.maven.apache.org/maven2/com/google/google/5/google-5.pom (2.5 kB at 98 kB/s)
Downloading from central: https://repo.maven.apache.org/maven2/aopalliance/aopalliance/1.0/aopalliance-1.0.pom
Progress (1): 363 B

Downloaded from central: https://repo.maven.apache.org/maven2/aopalliance/aopalliance/1.0/aopalliance-1.0.pom (363 B at 13 kB/s)
Downloading from central: https://repo.maven.apache.org/maven2/com/google/guava/guava/16.0.1/guava-16.0.1.pom
Progress (1): 4.1/6.1 kB
Progress (1): 6.1 kB

Downloaded from central: https://repo.maven.apache.org/maven2/com/google/guava/guava/16.0.1/guava-16.0.1.pom (6.1 kB at 210 kB/s)
Downloading from central: https://repo.maven.apache.org/maven2/com/google/guava/guava-parent/16.0.1/guava-parent-16.0.1.pom
Progress (1): 4.1/7.3 kB
Progress (1): 7.3 kB

Downloaded from central: https://repo.maven.apache.org/maven2/com/google/guava/guava-parent/16.0.1/guava-parent-16.0.1.pom (7.3 kB at 272 kB/s)
Downloading from central: https://repo.maven.apache.org/maven2/org/apache/maven/shared/maven-common-artifact-filters/3.0.1/maven-common-artifact-filters-3.0.1.pom
Progress (1): 4.1/4.8 kB
Progress (1): 4.8 kB

Downloaded from central: https://repo.maven.apache.org/maven2/org/apache/maven/shared/maven-common-artifact-filters/3.0.1/maven-common-artifact-filters-3.0.1.pom (4.8 kB at 161 kB/s)
Downloading from central: https://repo.maven.apache.org/maven2/org/apache/maven/shared/maven-shared-utils/3.1.0/maven-shared-utils-3.1.0.pom
Progress (1): 4.1/5.0 kB
Progress (1): 5.0 kB

Downloaded from central: https://repo.maven.apache.org/maven2/org/apache/maven/shared/maven-shared-utils/3.1.0/maven-shared-utils-3.1.0.pom (5.0 kB at 184 kB/s)
Downloading from central: https://repo.maven.apache.org/maven2/org/apache/maven/plugins/maven-shade-plugin/3.2.1/maven-shade-plugin-3.2.1.pom
Progress (1): 4.1/9.3 kB
Progress (1): 8.2/9.3 kB
Progress (1): 9.3 kB

Downloaded from central: https://repo.maven.apache.org/maven2/org/apache/maven/plugins/maven-shade-plugin/3.2.1/maven-shade-plugin-3.2.1.pom (9.3 kB at 233 kB/s)
Downloading from central: https://repo.maven.apache.org/maven2/org/apache/maven/shared/maven-artifact-transfer/0.10.0/maven-artifact-transfer-0.10.0.pom
Progress (1): 4.1/12 kB
Progress (1): 8.2/12 kB
Progress (1): 12 kB

Downloaded from central: https://repo.maven.apache.org/maven2/org/apache/maven/shared/maven-artifact-transfer/0.10.0/maven-artifact-transfer-0.10.0.pom (12 kB at 251 kB/s)
Downloading from central: https://repo.maven.apache.org/maven2/org/apache/maven/shared/maven-shared-components/31/maven-shared-components-31.pom
Progress (1): 4.1/5.1 kB
Progress (1): 5.1 kB

Downloaded from central: https://repo.maven.apache.org/maven2/org/apache/maven/shared/maven-shared-components/31/maven-shared-components-31.pom (5.1 kB at 197 kB/s)
Downloading from central: https://repo.maven.apache.org/maven2/org/ow2/asm/asm/7.0/asm-7.0.pom
Progress (1): 2.9 kB

Downloaded from central: https://repo.maven.apache.org/maven2/org/ow2/asm/asm/7.0/asm-7.0.pom (2.9 kB at 101 kB/s)
Downloading from central: https://repo.maven.apache.org/maven2/org/ow2/asm/asm-commons/7.0/asm-commons-7.0.pom
Progress (1): 3.7 kB

Downloaded from central: https://repo.maven.apache.org/maven2/org/ow2/asm/asm-commons/7.0/asm-commons-7.0.pom (3.7 kB at 136 kB/s)
Downloading from central: https://repo.maven.apache.org/maven2/org/ow2/asm/asm-tree/7.0/asm-tree-7.0.pom
Progress (1): 3.1 kB

Downloaded from central: https://repo.maven.apache.org/maven2/org/ow2/asm/asm-tree/7.0/asm-tree-7.0.pom (3.1 kB at 87 kB/s)
Downloading from central: https://repo.maven.apache.org/maven2/org/ow2/asm/asm-analysis/7.0/asm-analysis-7.0.pom
Progress (1): 3.2 kB

Downloaded from central: https://repo.maven.apache.org/maven2/org/ow2/asm/asm-analysis/7.0/asm-analysis-7.0.pom (3.2 kB at 117 kB/s)
Downloading from central: https://repo.maven.apache.org/maven2/org/jdom/jdom2/2.0.6/jdom2-2.0.6.pom
Progress (1): 4.1/4.6 kB
Progress (1): 4.6 kB

Downloaded from central: https://repo.maven.apache.org/maven2/org/jdom/jdom2/2.0.6/jdom2-2.0.6.pom (4.6 kB at 177 kB/s)
Downloading from central: https://repo.maven.apache.org/maven2/org/apache/maven/shared/maven-dependency-tree/3.0.1/maven-dependency-tree-3.0.1.pom
Progress (1): 4.1/7.5 kB
Progress (1): 7.5 kB

Downloaded from central: https://repo.maven.apache.org/maven2/org/apache/maven/shared/maven-dependency-tree/3.0.1/maven-dependency-tree-3.0.1.pom (7.5 kB at 234 kB/s)
Downloading from central: https://repo.maven.apache.org/maven2/org/eclipse/aether/aether-util/0.9.0.M2/aether-util-0.9.0.M2.pom
Progress (1): 2.0 kB

Downloaded from central: https://repo.maven.apache.org/maven2/org/eclipse/aether/aether-util/0.9.0.M2/aether-util-0.9.0.M2.pom (2.0 kB at 78 kB/s)
Downloading from central: https://repo.maven.apache.org/maven2/org/eclipse/aether/aether/0.9.0.M2/aether-0.9.0.M2.pom
Progress (1): 4.1/28 kB
Progress (1): 8.2/28 kB
Progress (1): 12/28 kB
Progress (1): 16/28 kB
Progress (1): 20/28 kB
Progress (1): 25/28 kB
Progress (1): 28 kB

Downloaded from central: https://repo.maven.apache.org/maven2/org/eclipse/aether/aether/0.9.0.M2/aether-0.9.0.M2.pom (28 kB at 715 kB/s)
Downloading from central: https://repo.maven.apache.org/maven2/org/vafer/jdependency/2.1.1/jdependency-2.1.1.pom
Progress (1): 4.1/11 kB
Progress (1): 8.2/11 kB
Progress (1): 11 kB

Downloaded from central: https://repo.maven.apache.org/maven2/org/vafer/jdependency/2.1.1/jdependency-2.1.1.pom (11 kB at 375 kB/s)
Downloading from central: https://repo.maven.apache.org/maven2/org/ow2/asm/asm/7.0-beta/asm-7.0-beta.pom
Progress (1): 2.9 kB

Downloaded from central: https://repo.maven.apache.org/maven2/org/ow2/asm/asm/7.0-beta/asm-7.0-beta.pom (2.9 kB at 87 kB/s)
Downloading from central: https://repo.maven.apache.org/maven2/org/ow2/asm/asm-analysis/7.0-beta/asm-analysis-7.0-beta.pom
Progress (1): 3.2 kB

Downloaded from central: https://repo.maven.apache.org/maven2/org/ow2/asm/asm-analysis/7.0-beta/asm-analysis-7.0-beta.pom (3.2 kB at 122 kB/s)
Downloading from central: https://repo.maven.apache.org/maven2/org/ow2/asm/asm-tree/7.0-beta/asm-tree-7.0-beta.pom
Progress (1): 3.1 kB

Downloaded from central: https://repo.maven.apache.org/maven2/org/ow2/asm/asm-tree/7.0-beta/asm-tree-7.0-beta.pom (3.1 kB at 116 kB/s)
Downloading from central: https://repo.maven.apache.org/maven2/org/ow2/asm/asm-commons/7.0-beta/asm-commons-7.0-beta.pom
Progress (1): 3.7 kB

Downloaded from central: https://repo.maven.apache.org/maven2/org/ow2/asm/asm-commons/7.0-beta/asm-commons-7.0-beta.pom (3.7 kB at 112 kB/s)
Downloading from central: https://repo.maven.apache.org/maven2/org/ow2/asm/asm-util/7.0-beta/asm-util-7.0-beta.pom
Progress (1): 3.7 kB

Downloaded from central: https://repo.maven.apache.org/maven2/org/ow2/asm/asm-util/7.0-beta/asm-util-7.0-beta.pom (3.7 kB at 141 kB/s)
Downloading from central: https://repo.maven.apache.org/maven2/com/google/guava/guava/19.0/guava-19.0.pom
Progress (1): 4.1/6.8 kB
Progress (1): 6.8 kB

Downloaded from central: https://repo.maven.apache.org/maven2/com/google/guava/guava/19.0/guava-19.0.pom (6.8 kB at 243 kB/s)
Downloading from central: https://repo.maven.apache.org/maven2/com/google/guava/guava-parent/19.0/guava-parent-19.0.pom
Progress (1): 4.1/9.9 kB
Progress (1): 8.2/9.9 kB
Progress (1): 9.9 kB

Downloaded from central: https://repo.maven.apache.org/maven2/com/google/guava/guava-parent/19.0/guava-parent-19.0.pom (9.9 kB at 290 kB/s)
Downloading from central: https://repo.maven.apache.org/maven2/org/springframework/boot/spring-boot-loader-tools/2.1.5.RELEASE/spring-boot-loader-tools-2.1.5.RELEASE.jar
Downloading from central: https://repo.maven.apache.org/maven2/org/apache/commons/commons-compress/1.18/commons-compress-1.18.jar
Downloading from central: https://repo.maven.apache.org/maven2/org/codehaus/plexus/plexus-interpolation/1.22/plexus-interpolation-1.22.jar
Downloading from central: https://repo.maven.apache.org/maven2/org/apache/maven/maven-artifact/3.3.9/maven-artifact-3.3.9.jar
Downloading from central: https://repo.maven.apache.org/maven2/org/apache/commons/commons-lang3/3.8.1/commons-lang3-3.8.1.jar
Progress (1): 2.7/55 kB
Progress (2): 2.7/55 kB | 4.1/77 kB
Progress (2): 2.7/55 kB | 8.2/77 kB
Progress (2): 2.7/55 kB | 12/77 kB
Progress (2): 2.7/55 kB | 16/77 kB
Progress (2): 2.7/55 kB | 20/77 kB
Progress (2): 2.7/55 kB | 25/77 kB
Progress (2): 2.7/55 kB | 29/77 kB
Progress (2): 2.7/55 kB | 33/77 kB
Progress (3): 2.7/55 kB | 33/77 kB | 4.1/149 kB
Progress (3): 2.7/55 kB | 33/77 kB | 8.2/149 kB
Progress (3): 2.7/55 kB | 33/77 kB | 12/149 kB
Progress (3): 2.7/55 kB | 33/77 kB | 16/149 kB
Progress (3): 2.7/55 kB | 33/77 kB | 20/149 kB
Progress (3): 2.7/55 kB | 33/77 kB | 25/149 kB
Progress (3): 2.7/55 kB | 33/77 kB | 29/149 kB
Progress (3): 2.7/55 kB | 33/77 kB | 33/149 kB
Progress (4): 2.7/55 kB | 33/77 kB | 33/149 kB | 2.7/502 kB
Progress (4): 2.7/55 kB | 33/77 kB | 33/149 kB | 5.5/502 kB
Progress (4): 2.7/55 kB | 33/77 kB | 33/149 kB | 8.2/502 kB
Progress (4): 2.7/55 kB | 33/77 kB | 33/149 kB | 11/502 kB
Progress (4): 2.7/55 kB | 33/77 kB | 33/149 kB | 14/502 kB
Progress (4): 2.7/55 kB | 33/77 kB | 33/149 kB | 16/502 kB
Progress (5): 2.7/55 kB | 33/77 kB | 33/149 kB | 16/502 kB | 4.1/592 kB
Progress (5): 2.7/55 kB | 33/77 kB | 33/149 kB | 16/502 kB | 8.2/592 kB
Progress (5): 2.7/55 kB | 33/77 kB | 33/149 kB | 16/502 kB | 12/592 kB
Progress (5): 2.7/55 kB | 33/77 kB | 33/149 kB | 16/502 kB | 16/592 kB
Progress (5): 2.7/55 kB | 33/77 kB | 33/149 kB | 16/502 kB | 20/592 kB
Progress (5): 2.7/55 kB | 33/77 kB | 33/149 kB | 16/502 kB | 25/592 kB
Progress (5): 2.7/55 kB | 33/77 kB | 33/149 kB | 16/502 kB | 29/592 kB
Progress (5): 2.7/55 kB | 33/77 kB | 33/149 kB | 16/502 kB | 33/592 kB
Progress (5): 2.7/55 kB | 33/77 kB | 33/149 kB | 16/502 kB | 37/592 kB
Progress (5): 2.7/55 kB | 33/77 kB | 33/149 kB | 16/502 kB | 41/592 kB
Progress (5): 2.7/55 kB | 33/77 kB | 37/149 kB | 16/502 kB | 41/592 kB
Progress (5): 2.7/55 kB | 33/77 kB | 41/149 kB | 16/502 kB | 41/592 kB
Progress (5): 2.7/55 kB | 33/77 kB | 45/149 kB | 16/502 kB | 41/592 kB
Progress (5): 2.7/55 kB | 33/77 kB | 49/149 kB | 16/502 kB | 41/592 kB
Progress (5): 2.7/55 kB | 33/77 kB | 53/149 kB | 16/502 kB | 41/592 kB
Progress (5): 2.7/55 kB | 33/77 kB | 57/149 kB | 16/502 kB | 41/592 kB
Progress (5): 2.7/55 kB | 33/77 kB | 61/149 kB | 16/502 kB | 41/592 kB
Progress (5): 2.7/55 kB | 33/77 kB | 61/149 kB | 19/502 kB | 41/592 kB
Progress (5): 2.7/55 kB | 33/77 kB | 61/149 kB | 22/502 kB | 41/592 kB
Progress (5): 2.7/55 kB | 33/77 kB | 61/149 kB | 25/502 kB | 41/592 kB
Progress (5): 2.7/55 kB | 33/77 kB | 61/149 kB | 27/502 kB | 41/592 kB
Progress (5): 2.7/55 kB | 33/77 kB | 61/149 kB | 30/502 kB | 41/592 kB
Progress (5): 2.7/55 kB | 33/77 kB | 61/149 kB | 33/502 kB | 41/592 kB
Progress (5): 2.7/55 kB | 33/77 kB | 61/149 kB | 36/502 kB | 41/592 kB
Progress (5): 2.7/55 kB | 37/77 kB | 61/149 kB | 36/502 kB | 41/592 kB
Progress (5): 5.5/55 kB | 37/77 kB | 61/149 kB | 36/502 kB | 41/592 kB
Progress (5): 8.2/55 kB | 37/77 kB | 61/149 kB | 36/502 kB | 41/592 kB
Progress (5): 11/55 kB | 37/77 kB | 61/149 kB | 36/502 kB | 41/592 kB
Progress (5): 14/55 kB | 37/77 kB | 61/149 kB | 36/502 kB | 41/592 kB
Progress (5): 16/55 kB | 37/77 kB | 61/149 kB | 36/502 kB | 41/592 kB
Progress (5): 19/55 kB | 37/77 kB | 61/149 kB | 36/502 kB | 41/592 kB
Progress (5): 22/55 kB | 37/77 kB | 61/149 kB | 36/502 kB | 41/592 kB
Progress (5): 25/55 kB | 37/77 kB | 61/149 kB | 36/502 kB | 41/592 kB
Progress (5): 27/55 kB | 37/77 kB | 61/149 kB | 36/502 kB | 41/592 kB
Progress (5): 30/55 kB | 37/77 kB | 61/149 kB | 36/502 kB | 41/592 kB
Progress (5): 33/55 kB | 37/77 kB | 61/149 kB | 36/502 kB | 41/592 kB
Progress (5): 36/55 kB | 37/77 kB | 61/149 kB | 36/502 kB | 41/592 kB
Progress (5): 38/55 kB | 37/77 kB | 61/149 kB | 36/502 kB | 41/592 kB
Progress (5): 41/55 kB | 37/77 kB | 61/149 kB | 36/502 kB | 41/592 kB
Progress (5): 44/55 kB | 37/77 kB | 61/149 kB | 36/502 kB | 41/592 kB
Progress (5): 47/55 kB | 37/77 kB | 61/149 kB | 36/502 kB | 41/592 kB
Progress (5): 47/55 kB | 37/77 kB | 61/149 kB | 36/502 kB | 45/592 kB
Progress (5): 47/55 kB | 37/77 kB | 61/149 kB | 36/502 kB | 49/592 kB
Progress (5): 47/55 kB | 37/77 kB | 61/149 kB | 36/502 kB | 53/592 kB
Progress (5): 47/55 kB | 37/77 kB | 61/149 kB | 36/502 kB | 57/592 kB
Progress (5): 47/55 kB | 37/77 kB | 61/149 kB | 36/502 kB | 61/592 kB
Progress (5): 47/55 kB | 37/77 kB | 61/149 kB | 36/502 kB | 66/592 kB
Progress (5): 47/55 kB | 37/77 kB | 61/149 kB | 36/502 kB | 70/592 kB
Progress (5): 47/55 kB | 37/77 kB | 61/149 kB | 36/502 kB | 74/592 kB
Progress (5): 47/55 kB | 37/77 kB | 61/149 kB | 36/502 kB | 78/592 kB
Progress (5): 47/55 kB | 37/77 kB | 61/149 kB | 36/502 kB | 82/592 kB
Progress (5): 47/55 kB | 37/77 kB | 66/149 kB | 36/502 kB | 82/592 kB
Progress (5): 47/55 kB | 37/77 kB | 70/149 kB | 36/502 kB | 82/592 kB
Progress (5): 47/55 kB | 37/77 kB | 74/149 kB | 36/502 kB | 82/592 kB
Progress (5): 47/55 kB | 37/77 kB | 78/149 kB | 36/502 kB | 82/592 kB
Progress (5): 47/55 kB | 37/77 kB | 82/149 kB | 36/502 kB | 82/592 kB
Progress (5): 47/55 kB | 37/77 kB | 86/149 kB | 36/502 kB | 82/592 kB
Progress (5): 47/55 kB | 37/77 kB | 90/149 kB | 36/502 kB | 82/592 kB
Progress (5): 47/55 kB | 37/77 kB | 94/149 kB | 36/502 kB | 82/592 kB
Progress (5): 47/55 kB | 37/77 kB | 98/149 kB | 36/502 kB | 82/592 kB
Progress (5): 47/55 kB | 37/77 kB | 102/149 kB | 36/502 kB | 82/592 kB
Progress (5): 47/55 kB | 37/77 kB | 106/149 kB | 36/502 kB | 82/592 kB
Progress (5): 47/55 kB | 37/77 kB | 111/149 kB | 36/502 kB | 82/592 kB
Progress (5): 47/55 kB | 37/77 kB | 115/149 kB | 36/502 kB | 82/592 kB
Progress (5): 47/55 kB | 37/77 kB | 119/149 kB | 36/502 kB | 82/592 kB
Progress (5): 47/55 kB | 37/77 kB | 123/149 kB | 36/502 kB | 82/592 kB
Progress (5): 47/55 kB | 37/77 kB | 127/149 kB | 36/502 kB | 82/592 kB
Progress (5): 47/55 kB | 37/77 kB | 131/149 kB | 36/502 kB | 82/592 kB
Progress (5): 47/55 kB | 37/77 kB | 131/149 kB | 38/502 kB | 82/592 kB
Progress (5): 47/55 kB | 37/77 kB | 131/149 kB | 41/502 kB | 82/592 kB
Progress (5): 47/55 kB | 37/77 kB | 131/149 kB | 44/502 kB | 82/592 kB
Progress (5): 47/55 kB | 37/77 kB | 131/149 kB | 47/502 kB | 82/592 kB
Progress (5): 47/55 kB | 37/77 kB | 131/149 kB | 49/502 kB | 82/592 kB
Progress (5): 47/55 kB | 37/77 kB | 131/149 kB | 52/502 kB | 82/592 kB
Progress (5): 47/55 kB | 37/77 kB | 131/149 kB | 55/502 kB | 82/592 kB
Progress (5): 47/55 kB | 37/77 kB | 131/149 kB | 58/502 kB | 82/592 kB
Progress (5): 47/55 kB | 37/77 kB | 131/149 kB | 60/502 kB | 82/592 kB
Progress (5): 47/55 kB | 37/77 kB | 131/149 kB | 63/502 kB | 82/592 kB
Progress (5): 47/55 kB | 37/77 kB | 131/149 kB | 66/502 kB | 82/592 kB
Progress (5): 47/55 kB | 37/77 kB | 131/149 kB | 69/502 kB | 82/592 kB
Progress (5): 47/55 kB | 37/77 kB | 131/149 kB | 71/502 kB | 82/592 kB
Progress (5): 47/55 kB | 37/77 kB | 131/149 kB | 74/502 kB | 82/592 kB
Progress (5): 47/55 kB | 37/77 kB | 131/149 kB | 77/502 kB | 82/592 kB
Progress (5): 47/55 kB | 37/77 kB | 131/149 kB | 80/502 kB | 82/592 kB
Progress (5): 47/55 kB | 37/77 kB | 131/149 kB | 82/502 kB | 82/592 kB
Progress (5): 47/55 kB | 37/77 kB | 131/149 kB | 85/502 kB | 82/592 kB
Progress (5): 47/55 kB | 41/77 kB | 131/149 kB | 85/502 kB | 82/592 kB
Progress (5): 47/55 kB | 45/77 kB | 131/149 kB | 85/502 kB | 82/592 kB
Progress (5): 47/55 kB | 49/77 kB | 131/149 kB | 85/502 kB | 82/592 kB
Progress (5): 47/55 kB | 53/77 kB | 131/149 kB | 85/502 kB | 82/592 kB
Progress (5): 47/55 kB | 57/77 kB | 131/149 kB | 85/502 kB | 82/592 kB
Progress (5): 47/55 kB | 61/77 kB | 131/149 kB | 85/502 kB | 82/592 kB
Progress (5): 47/55 kB | 66/77 kB | 131/149 kB | 85/502 kB | 82/592 kB
Progress (5): 47/55 kB | 70/77 kB | 131/149 kB | 85/502 kB | 82/592 kB
Progress (5): 47/55 kB | 74/77 kB | 131/149 kB | 85/502 kB | 82/592 kB
Progress (5): 47/55 kB | 77 kB | 131/149 kB | 85/502 kB | 82/592 kB
Progress (5): 47/55 kB | 77 kB | 131/149 kB | 85/502 kB | 86/592 kB
Progress (5): 49/55 kB | 77 kB | 131/149 kB | 85/502 kB | 86/592 kB
Progress (5): 52/55 kB | 77 kB | 131/149 kB | 85/502 kB | 86/592 kB
Progress (5): 55/55 kB | 77 kB | 131/149 kB | 85/502 kB | 86/592 kB
Progress (5): 55 kB | 77 kB | 131/149 kB | 85/502 kB | 86/592 kB
Progress (5): 55 kB | 77 kB | 131/149 kB | 85/502 kB | 90/592 kB
Progress (5): 55 kB | 77 kB | 131/149 kB | 85/502 kB | 94/592 kB
Progress (5): 55 kB | 77 kB | 131/149 kB | 85/502 kB | 98/592 kB
Progress (5): 55 kB | 77 kB | 131/149 kB | 85/502 kB | 102/592 kB
Progress (5): 55 kB | 77 kB | 131/149 kB | 85/502 kB | 106/592 kB
Progress (5): 55 kB | 77 kB | 131/149 kB | 85/502 kB | 111/592 kB
Progress (5): 55 kB | 77 kB | 131/149 kB | 85/502 kB | 115/592 kB
Progress (5): 55 kB | 77 kB | 131/149 kB | 85/502 kB | 119/592 kB
Progress (5): 55 kB | 77 kB | 131/149 kB | 85/502 kB | 123/592 kB
Progress (5): 55 kB | 77 kB | 135/149 kB | 85/502 kB | 123/592 kB
Progress (5): 55 kB | 77 kB | 139/149 kB | 85/502 kB | 123/592 kB
Progress (5): 55 kB | 77 kB | 143/149 kB | 85/502 kB | 123/592 kB
Progress (5): 55 kB | 77 kB | 147/149 kB | 85/502 kB | 123/592 kB
Progress (5): 55 kB | 77 kB | 149 kB | 85/502 kB | 123/592 kB
Progress (5): 55 kB | 77 kB | 149 kB | 88/502 kB | 123/592 kB
Progress (5): 55 kB | 77 kB | 149 kB | 90/502 kB | 123/592 kB

Downloaded from central: https://repo.maven.apache.org/maven2/org/codehaus/plexus/plexus-interpolation/1.22/plexus-interpolation-1.22.jar (77 kB at 904 kB/s)
Downloading from central: https://repo.maven.apache.org/maven2/org/apache/maven/maven-core/3.3.9/maven-core-3.3.9.jar
Progress (4): 55 kB | 149 kB | 90/502 kB | 127/592 kB
Progress (4): 55 kB | 149 kB | 90/502 kB | 131/592 kB
Progress (4): 55 kB | 149 kB | 93/502 kB | 131/592 kB

Downloaded from central: https://repo.maven.apache.org/maven2/org/apache/maven/maven-artifact/3.3.9/maven-artifact-3.3.9.jar (55 kB at 640 kB/s)
Downloading from central: https://repo.maven.apache.org/maven2/org/apache/maven/maven-settings-builder/3.3.9/maven-settings-builder-3.3.9.jar
Progress (3): 149 kB | 96/502 kB | 131/592 kB
Progress (3): 149 kB | 99/502 kB | 131/592 kB
Progress (3): 149 kB | 101/502 kB | 131/592 kB
Progress (3): 149 kB | 104/502 kB | 131/592 kB
Progress (3): 149 kB | 107/502 kB | 131/592 kB
Progress (3): 149 kB | 110/502 kB | 131/592 kB
Progress (3): 149 kB | 112/502 kB | 131/592 kB

Downloaded from central: https://repo.maven.apache.org/maven2/org/springframework/boot/spring-boot-loader-tools/2.1.5.RELEASE/spring-boot-loader-tools-2.1.5.RELEASE.jar (149 kB at 1.5 MB/s)
Downloading from central: https://repo.maven.apache.org/maven2/org/apache/maven/maven-builder-support/3.3.9/maven-builder-support-3.3.9.jar
Progress (3): 112/502 kB | 131/592 kB | 4.1/638 kB
Progress (3): 112/502 kB | 131/592 kB | 8.2/638 kB
Progress (3): 112/502 kB | 131/592 kB | 12/638 kB
Progress (3): 112/502 kB | 131/592 kB | 16/638 kB
Progress (4): 112/502 kB | 131/592 kB | 16/638 kB | 4.1/43 kB
Progress (4): 112/502 kB | 131/592 kB | 16/638 kB | 8.2/43 kB
Progress (4): 112/502 kB | 131/592 kB | 16/638 kB | 12/43 kB
Progress (4): 112/502 kB | 131/592 kB | 16/638 kB | 16/43 kB
Progress (4): 115/502 kB | 131/592 kB | 16/638 kB | 16/43 kB
Progress (4): 115/502 kB | 131/592 kB | 20/638 kB | 16/43 kB
Progress (4): 115/502 kB | 131/592 kB | 25/638 kB | 16/43 kB
Progress (4): 115/502 kB | 131/592 kB | 29/638 kB | 16/43 kB
Progress (4): 115/502 kB | 131/592 kB | 33/638 kB | 16/43 kB
Progress (4): 115/502 kB | 131/592 kB | 33/638 kB | 20/43 kB
Progress (4): 115/502 kB | 131/592 kB | 33/638 kB | 25/43 kB
Progress (4): 115/502 kB | 131/592 kB | 33/638 kB | 29/43 kB
Progress (4): 115/502 kB | 131/592 kB | 33/638 kB | 33/43 kB
Progress (4): 118/502 kB | 131/592 kB | 33/638 kB | 33/43 kB
Progress (4): 121/502 kB | 131/592 kB | 33/638 kB | 33/43 kB
Progress (4): 123/502 kB | 131/592 kB | 33/638 kB | 33/43 kB
Progress (4): 126/502 kB | 131/592 kB | 33/638 kB | 33/43 kB
Progress (4): 126/502 kB | 131/592 kB | 37/638 kB | 33/43 kB
Progress (4): 126/502 kB | 131/592 kB | 41/638 kB | 33/43 kB
Progress (4): 126/502 kB | 131/592 kB | 45/638 kB | 33/43 kB
Progress (4): 126/502 kB | 131/592 kB | 49/638 kB | 33/43 kB
Progress (4): 126/502 kB | 131/592 kB | 53/638 kB | 33/43 kB
Progress (4): 126/502 kB | 131/592 kB | 57/638 kB | 33/43 kB
Progress (4): 126/502 kB | 131/592 kB | 61/638 kB | 33/43 kB
Progress (4): 126/502 kB | 131/592 kB | 66/638 kB | 33/43 kB
Progress (4): 126/502 kB | 131/592 kB | 70/638 kB | 33/43 kB
Progress (4): 126/502 kB | 131/592 kB | 74/638 kB | 33/43 kB
Progress (4): 126/502 kB | 131/592 kB | 78/638 kB | 33/43 kB
Progress (4): 126/502 kB | 131/592 kB | 82/638 kB | 33/43 kB
Progress (4): 126/502 kB | 131/592 kB | 82/638 kB | 37/43 kB
Progress (4): 126/502 kB | 131/592 kB | 82/638 kB | 41/43 kB
Progress (4): 126/502 kB | 131/592 kB | 82/638 kB | 43 kB
Progress (5): 126/502 kB | 131/592 kB | 82/638 kB | 43 kB | 4.1/15 kB
Progress (5): 126/502 kB | 135/592 kB | 82/638 kB | 43 kB | 4.1/15 kB
Progress (5): 126/502 kB | 139/592 kB | 82/638 kB | 43 kB | 4.1/15 kB
Progress (5): 126/502 kB | 143/592 kB | 82/638 kB | 43 kB | 4.1/15 kB
Progress (5): 126/502 kB | 147/592 kB | 82/638 kB | 43 kB | 4.1/15 kB
Progress (5): 126/502 kB | 152/592 kB | 82/638 kB | 43 kB | 4.1/15 kB
Progress (5): 126/502 kB | 156/592 kB | 82/638 kB | 43 kB | 4.1/15 kB
Progress (5): 126/502 kB | 160/592 kB | 82/638 kB | 43 kB | 4.1/15 kB
Progress (5): 126/502 kB | 164/592 kB | 82/638 kB | 43 kB | 4.1/15 kB
Progress (5): 126/502 kB | 168/592 kB | 82/638 kB | 43 kB | 4.1/15 kB
Progress (5): 126/502 kB | 172/592 kB | 82/638 kB | 43 kB | 4.1/15 kB
Progress (5): 126/502 kB | 176/592 kB | 82/638 kB | 43 kB | 4.1/15 kB
Progress (5): 126/502 kB | 180/592 kB | 82/638 kB | 43 kB | 4.1/15 kB
Progress (5): 126/502 kB | 184/592 kB | 82/638 kB | 43 kB | 4.1/15 kB
Progress (5): 126/502 kB | 188/592 kB | 82/638 kB | 43 kB | 4.1/15 kB
Progress (5): 126/502 kB | 193/592 kB | 82/638 kB | 43 kB | 4.1/15 kB
Progress (5): 126/502 kB | 197/592 kB | 82/638 kB | 43 kB | 4.1/15 kB
Progress (5): 126/502 kB | 201/592 kB | 82/638 kB | 43 kB | 4.1/15 kB
Progress (5): 126/502 kB | 205/592 kB | 82/638 kB | 43 kB | 4.1/15 kB
Progress (5): 126/502 kB | 209/592 kB | 82/638 kB | 43 kB | 4.1/15 kB
Progress (5): 126/502 kB | 213/592 kB | 82/638 kB | 43 kB | 4.1/15 kB
Progress (5): 126/502 kB | 217/592 kB | 82/638 kB | 43 kB | 4.1/15 kB
Progress (5): 126/502 kB | 221/592 kB | 82/638 kB | 43 kB | 4.1/15 kB
Progress (5): 126/502 kB | 221/592 kB | 86/638 kB | 43 kB | 4.1/15 kB

Downloaded from central: https://repo.maven.apache.org/maven2/org/apache/maven/maven-settings-builder/3.3.9/maven-settings-builder-3.3.9.jar (43 kB at 334 kB/s)
Downloading from central: https://repo.maven.apache.org/maven2/org/apache/maven/maven-repository-metadata/3.3.9/maven-repository-metadata-3.3.9.jar
Progress (4): 129/502 kB | 221/592 kB | 86/638 kB | 4.1/15 kB
Progress (4): 129/502 kB | 221/592 kB | 86/638 kB | 8.2/15 kB
Progress (4): 129/502 kB | 221/592 kB | 86/638 kB | 12/15 kB
Progress (4): 129/502 kB | 221/592 kB | 86/638 kB | 15 kB
Progress (4): 132/502 kB | 221/592 kB | 86/638 kB | 15 kB
Progress (4): 134/502 kB | 221/592 kB | 86/638 kB | 15 kB
Progress (4): 137/502 kB | 221/592 kB | 86/638 kB | 15 kB
Progress (4): 140/502 kB | 221/592 kB | 86/638 kB | 15 kB
Progress (4): 143/502 kB | 221/592 kB | 86/638 kB | 15 kB
Progress (4): 145/502 kB | 221/592 kB | 86/638 kB | 15 kB
Progress (4): 148/502 kB | 221/592 kB | 86/638 kB | 15 kB
Progress (4): 151/502 kB | 221/592 kB | 86/638 kB | 15 kB
Progress (4): 154/502 kB | 221/592 kB | 86/638 kB | 15 kB
Progress (4): 156/502 kB | 221/592 kB | 86/638 kB | 15 kB
Progress (4): 159/502 kB | 221/592 kB | 86/638 kB | 15 kB
Progress (4): 162/502 kB | 221/592 kB | 86/638 kB | 15 kB
Progress (4): 162/502 kB | 221/592 kB | 90/638 kB | 15 kB
Progress (4): 162/502 kB | 221/592 kB | 94/638 kB | 15 kB
Progress (4): 162/502 kB | 221/592 kB | 98/638 kB | 15 kB
Progress (4): 162/502 kB | 221/592 kB | 102/638 kB | 15 kB
Progress (4): 162/502 kB | 221/592 kB | 106/638 kB | 15 kB
Progress (4): 162/502 kB | 221/592 kB | 111/638 kB | 15 kB
Progress (4): 162/502 kB | 221/592 kB | 115/638 kB | 15 kB
Progress (4): 162/502 kB | 221/592 kB | 119/638 kB | 15 kB
Progress (4): 162/502 kB | 221/592 kB | 123/638 kB | 15 kB
Progress (4): 162/502 kB | 221/592 kB | 127/638 kB | 15 kB
Progress (4): 162/502 kB | 221/592 kB | 131/638 kB | 15 kB
Progress (4): 162/502 kB | 221/592 kB | 135/638 kB | 15 kB
Progress (4): 162/502 kB | 221/592 kB | 139/638 kB | 15 kB
Progress (4): 162/502 kB | 221/592 kB | 143/638 kB | 15 kB
Progress (4): 162/502 kB | 221/592 kB | 147/638 kB | 15 kB
Progress (4): 162/502 kB | 221/592 kB | 152/638 kB | 15 kB
Progress (4): 162/502 kB | 221/592 kB | 156/638 kB | 15 kB
Progress (4): 165/502 kB | 221/592 kB | 156/638 kB | 15 kB
Progress (4): 167/502 kB | 221/592 kB | 156/638 kB | 15 kB
Progress (4): 167/502 kB | 225/592 kB | 156/638 kB | 15 kB
Progress (4): 167/502 kB | 229/592 kB | 156/638 kB | 15 kB
Progress (4): 167/502 kB | 233/592 kB | 156/638 kB | 15 kB
Progress (4): 167/502 kB | 238/592 kB | 156/638 kB | 15 kB
Progress (4): 167/502 kB | 242/592 kB | 156/638 kB | 15 kB
Progress (4): 167/502 kB | 246/592 kB | 156/638 kB | 15 kB
Progress (4): 167/502 kB | 250/592 kB | 156/638 kB | 15 kB
Progress (4): 167/502 kB | 254/592 kB | 156/638 kB | 15 kB
Progress (4): 167/502 kB | 258/592 kB | 156/638 kB | 15 kB
Progress (5): 167/502 kB | 258/592 kB | 156/638 kB | 15 kB | 4.1/27 kB
Progress (5): 167/502 kB | 258/592 kB | 156/638 kB | 15 kB | 8.2/27 kB
Progress (5): 167/502 kB | 258/592 kB | 156/638 kB | 15 kB | 12/27 kB
Progress (5): 167/502 kB | 258/592 kB | 156/638 kB | 15 kB | 16/27 kB
Progress (5): 170/502 kB | 258/592 kB | 156/638 kB | 15 kB | 16/27 kB
Progress (5): 173/502 kB | 258/592 kB | 156/638 kB | 15 kB | 16/27 kB

Downloaded from central: https://repo.maven.apache.org/maven2/org/apache/maven/maven-builder-support/3.3.9/maven-builder-support-3.3.9.jar (15 kB at 101 kB/s)
Downloading from central: https://repo.maven.apache.org/maven2/org/apache/maven/maven-model-builder/3.3.9/maven-model-builder-3.3.9.jar
Progress (4): 173/502 kB | 258/592 kB | 156/638 kB | 20/27 kB
Progress (4): 173/502 kB | 258/592 kB | 156/638 kB | 25/27 kB
Progress (4): 173/502 kB | 258/592 kB | 156/638 kB | 27 kB
Progress (4): 175/502 kB | 258/592 kB | 156/638 kB | 27 kB
Progress (4): 178/502 kB | 258/592 kB | 156/638 kB | 27 kB
Progress (4): 181/502 kB | 258/592 kB | 156/638 kB | 27 kB
Progress (4): 184/502 kB | 258/592 kB | 156/638 kB | 27 kB
Progress (4): 186/502 kB | 258/592 kB | 156/638 kB | 27 kB
Progress (4): 186/502 kB | 262/592 kB | 156/638 kB | 27 kB
Progress (4): 186/502 kB | 266/592 kB | 156/638 kB | 27 kB
Progress (4): 186/502 kB | 270/592 kB | 156/638 kB | 27 kB
Progress (4): 186/502 kB | 274/592 kB | 156/638 kB | 27 kB
Progress (4): 186/502 kB | 279/592 kB | 156/638 kB | 27 kB
Progress (4): 186/502 kB | 283/592 kB | 156/638 kB | 27 kB
Progress (4): 186/502 kB | 287/592 kB | 156/638 kB | 27 kB
Progress (4): 186/502 kB | 291/592 kB | 156/638 kB | 27 kB
Progress (4): 186/502 kB | 295/592 kB | 156/638 kB | 27 kB
Progress (4): 186/502 kB | 295/592 kB | 160/638 kB | 27 kB
Progress (4): 186/502 kB | 295/592 kB | 164/638 kB | 27 kB
Progress (4): 186/502 kB | 295/592 kB | 168/638 kB | 27 kB
Progress (4): 186/502 kB | 295/592 kB | 172/638 kB | 27 kB
Progress (4): 186/502 kB | 295/592 kB | 176/638 kB | 27 kB
Progress (4): 186/502 kB | 295/592 kB | 180/638 kB | 27 kB
Progress (4): 186/502 kB | 295/592 kB | 184/638 kB | 27 kB
Progress (4): 186/502 kB | 295/592 kB | 188/638 kB | 27 kB
Progress (4): 186/502 kB | 295/592 kB | 193/638 kB | 27 kB
Progress (4): 186/502 kB | 295/592 kB | 197/638 kB | 27 kB
Progress (4): 186/502 kB | 295/592 kB | 201/638 kB | 27 kB
Progress (4): 186/502 kB | 295/592 kB | 205/638 kB | 27 kB
Progress (4): 186/502 kB | 295/592 kB | 209/638 kB | 27 kB
Progress (4): 186/502 kB | 295/592 kB | 213/638 kB | 27 kB
Progress (4): 186/502 kB | 295/592 kB | 217/638 kB | 27 kB
Progress (4): 186/502 kB | 295/592 kB | 221/638 kB | 27 kB
Progress (4): 186/502 kB | 295/592 kB | 225/638 kB | 27 kB
Progress (4): 186/502 kB | 295/592 kB | 229/638 kB | 27 kB
Progress (4): 186/502 kB | 295/592 kB | 233/638 kB | 27 kB
Progress (4): 186/502 kB | 295/592 kB | 238/638 kB | 27 kB
Progress (4): 186/502 kB | 295/592 kB | 242/638 kB | 27 kB
Progress (4): 186/502 kB | 295/592 kB | 246/638 kB | 27 kB
Progress (4): 189/502 kB | 295/592 kB | 246/638 kB | 27 kB
Progress (4): 192/502 kB | 295/592 kB | 246/638 kB | 27 kB

Downloaded from central: https://repo.maven.apache.org/maven2/org/apache/maven/maven-repository-metadata/3.3.9/maven-repository-metadata-3.3.9.jar (27 kB at 168 kB/s)
Progress (4): 192/502 kB | 295/592 kB | 246/638 kB | 4.1/177 kB
Progress (4): 192/502 kB | 295/592 kB | 246/638 kB | 8.2/177 kB
Progress (4): 192/502 kB | 295/592 kB | 246/638 kB | 12/177 kB
Progress (4): 192/502 kB | 295/592 kB | 246/638 kB | 16/177 kB

Downloading from central: https://repo.maven.apache.org/maven2/org/apache/maven/maven-aether-provider/3.3.9/maven-aether-provider-3.3.9.jar
Progress (4): 192/502 kB | 295/592 kB | 246/638 kB | 20/177 kB
Progress (4): 192/502 kB | 295/592 kB | 246/638 kB | 25/177 kB
Progress (4): 192/502 kB | 295/592 kB | 246/638 kB | 29/177 kB
Progress (4): 192/502 kB | 295/592 kB | 246/638 kB | 33/177 kB
Progress (4): 192/502 kB | 299/592 kB | 246/638 kB | 33/177 kB
Progress (4): 192/502 kB | 303/592 kB | 246/638 kB | 33/177 kB
Progress (4): 192/502 kB | 307/592 kB | 246/638 kB | 33/177 kB
Progress (4): 192/502 kB | 311/592 kB | 246/638 kB | 33/177 kB
Progress (4): 192/502 kB | 315/592 kB | 246/638 kB | 33/177 kB
Progress (4): 195/502 kB | 315/592 kB | 246/638 kB | 33/177 kB
Progress (4): 197/502 kB | 315/592 kB | 246/638 kB | 33/177 kB
Progress (4): 200/502 kB | 315/592 kB | 246/638 kB | 33/177 kB
Progress (4): 203/502 kB | 315/592 kB | 246/638 kB | 33/177 kB
Progress (4): 203/502 kB | 315/592 kB | 246/638 kB | 37/177 kB
Progress (4): 203/502 kB | 315/592 kB | 246/638 kB | 41/177 kB
Progress (4): 203/502 kB | 315/592 kB | 246/638 kB | 45/177 kB
Progress (4): 203/502 kB | 315/592 kB | 246/638 kB | 49/177 kB
Progress (4): 203/502 kB | 315/592 kB | 246/638 kB | 53/177 kB
Progress (4): 203/502 kB | 315/592 kB | 246/638 kB | 57/177 kB
Progress (4): 203/502 kB | 315/592 kB | 246/638 kB | 61/177 kB
Progress (4): 203/502 kB | 315/592 kB | 246/638 kB | 66/177 kB
Progress (4): 206/502 kB | 315/592 kB | 246/638 kB | 66/177 kB
Progress (4): 208/502 kB | 315/592 kB | 246/638 kB | 66/177 kB
Progress (4): 211/502 kB | 315/592 kB | 246/638 kB | 66/177 kB
Progress (4): 214/502 kB | 315/592 kB | 246/638 kB | 66/177 kB
Progress (4): 217/502 kB | 315/592 kB | 246/638 kB | 66/177 kB
Progress (4): 219/502 kB | 315/592 kB | 246/638 kB | 66/177 kB
Progress (4): 219/502 kB | 315/592 kB | 246/638 kB | 70/177 kB
Progress (4): 219/502 kB | 315/592 kB | 246/638 kB | 74/177 kB
Progress (4): 219/502 kB | 315/592 kB | 246/638 kB | 78/177 kB
Progress (4): 219/502 kB | 315/592 kB | 246/638 kB | 82/177 kB
Progress (4): 219/502 kB | 315/592 kB | 246/638 kB | 86/177 kB
Progress (4): 219/502 kB | 315/592 kB | 246/638 kB | 90/177 kB
Progress (4): 219/502 kB | 315/592 kB | 246/638 kB | 94/177 kB
Progress (4): 219/502 kB | 315/592 kB | 246/638 kB | 98/177 kB
Progress (4): 219/502 kB | 315/592 kB | 246/638 kB | 102/177 kB
Progress (4): 219/502 kB | 315/592 kB | 246/638 kB | 106/177 kB
Progress (4): 219/502 kB | 315/592 kB | 246/638 kB | 111/177 kB
Progress (4): 219/502 kB | 315/592 kB | 246/638 kB | 115/177 kB
Progress (4): 219/502 kB | 319/592 kB | 246/638 kB | 115/177 kB
Progress (4): 219/502 kB | 324/592 kB | 246/638 kB | 115/177 kB
Progress (4): 219/502 kB | 328/592 kB | 246/638 kB | 115/177 kB
Progress (4): 219/502 kB | 332/592 kB | 246/638 kB | 115/177 kB
Progress (4): 219/502 kB | 336/592 kB | 246/638 kB | 115/177 kB
Progress (4): 219/502 kB | 340/592 kB | 246/638 kB | 115/177 kB
Progress (4): 219/502 kB | 344/592 kB | 246/638 kB | 115/177 kB
Progress (4): 219/502 kB | 348/592 kB | 246/638 kB | 115/177 kB
Progress (4): 219/502 kB | 352/592 kB | 246/638 kB | 115/177 kB
Progress (4): 219/502 kB | 356/592 kB | 246/638 kB | 115/177 kB
Progress (4): 219/502 kB | 360/592 kB | 246/638 kB | 115/177 kB
Progress (4): 219/502 kB | 365/592 kB | 246/638 kB | 115/177 kB
Progress (4): 219/502 kB | 369/592 kB | 246/638 kB | 115/177 kB
Progress (4): 219/502 kB | 373/592 kB | 246/638 kB | 115/177 kB
Progress (4): 219/502 kB | 377/592 kB | 246/638 kB | 115/177 kB
Progress (4): 219/502 kB | 381/592 kB | 246/638 kB | 115/177 kB
Progress (4): 219/502 kB | 385/592 kB | 246/638 kB | 115/177 kB
Progress (4): 219/502 kB | 389/592 kB | 246/638 kB | 115/177 kB
Progress (4): 219/502 kB | 393/592 kB | 246/638 kB | 115/177 kB
Progress (4): 219/502 kB | 397/592 kB | 246/638 kB | 115/177 kB
Progress (4): 219/502 kB | 401/592 kB | 246/638 kB | 115/177 kB
Progress (5): 219/502 kB | 401/592 kB | 246/638 kB | 115/177 kB | 4.1/67 kB
Progress (5): 219/502 kB | 401/592 kB | 246/638 kB | 115/177 kB | 8.2/67 kB
Progress (5): 219/502 kB | 401/592 kB | 246/638 kB | 115/177 kB | 12/67 kB
Progress (5): 219/502 kB | 401/592 kB | 246/638 kB | 115/177 kB | 16/67 kB
Progress (5): 219/502 kB | 401/592 kB | 246/638 kB | 115/177 kB | 20/67 kB
Progress (5): 219/502 kB | 401/592 kB | 246/638 kB | 115/177 kB | 25/67 kB
Progress (5): 219/502 kB | 401/592 kB | 246/638 kB | 115/177 kB | 29/67 kB
Progress (5): 219/502 kB | 401/592 kB | 246/638 kB | 115/177 kB | 33/67 kB
Progress (5): 219/502 kB | 401/592 kB | 246/638 kB | 115/177 kB | 37/67 kB
Progress (5): 219/502 kB | 401/592 kB | 246/638 kB | 115/177 kB | 41/67 kB
Progress (5): 219/502 kB | 401/592 kB | 246/638 kB | 115/177 kB | 45/67 kB
Progress (5): 219/502 kB | 401/592 kB | 246/638 kB | 115/177 kB | 49/67 kB
Progress (5): 219/502 kB | 401/592 kB | 246/638 kB | 115/177 kB | 53/67 kB
Progress (5): 219/502 kB | 401/592 kB | 246/638 kB | 115/177 kB | 57/67 kB
Progress (5): 219/502 kB | 401/592 kB | 246/638 kB | 115/177 kB | 61/67 kB
Progress (5): 219/502 kB | 401/592 kB | 246/638 kB | 115/177 kB | 66/67 kB
Progress (5): 219/502 kB | 401/592 kB | 246/638 kB | 115/177 kB | 67 kB
Progress (5): 219/502 kB | 401/592 kB | 246/638 kB | 119/177 kB | 67 kB
Progress (5): 219/502 kB | 401/592 kB | 250/638 kB | 119/177 kB | 67 kB
Progress (5): 219/502 kB | 401/592 kB | 254/638 kB | 119/177 kB | 67 kB
Progress (5): 222/502 kB | 401/592 kB | 254/638 kB | 119/177 kB | 67 kB
Progress (5): 225/502 kB | 401/592 kB | 254/638 kB | 119/177 kB | 67 kB
Progress (5): 228/502 kB | 401/592 kB | 254/638 kB | 119/177 kB | 67 kB
Progress (5): 230/502 kB | 401/592 kB | 254/638 kB | 119/177 kB | 67 kB
Progress (5): 233/502 kB | 401/592 kB | 254/638 kB | 119/177 kB | 67 kB
Progress (5): 236/502 kB | 401/592 kB | 254/638 kB | 119/177 kB | 67 kB
Progress (5): 239/502 kB | 401/592 kB | 254/638 kB | 119/177 kB | 67 kB
Progress (5): 241/502 kB | 401/592 kB | 254/638 kB | 119/177 kB | 67 kB
Progress (5): 244/502 kB | 401/592 kB | 254/638 kB | 119/177 kB | 67 kB
Progress (5): 247/502 kB | 401/592 kB | 254/638 kB | 119/177 kB | 67 kB
Progress (5): 250/502 kB | 401/592 kB | 254/638 kB | 119/177 kB | 67 kB
Progress (5): 252/502 kB | 401/592 kB | 254/638 kB | 119/177 kB | 67 kB
Progress (5): 255/502 kB | 401/592 kB | 254/638 kB | 119/177 kB | 67 kB
Progress (5): 255/502 kB | 401/592 kB | 254/638 kB | 123/177 kB | 67 kB
Progress (5): 255/502 kB | 401/592 kB | 254/638 kB | 127/177 kB | 67 kB
Progress (5): 255/502 kB | 401/592 kB | 254/638 kB | 131/177 kB | 67 kB
Progress (5): 255/502 kB | 401/592 kB | 254/638 kB | 135/177 kB | 67 kB
Progress (5): 255/502 kB | 401/592 kB | 258/638 kB | 135/177 kB | 67 kB
Progress (5): 255/502 kB | 401/592 kB | 262/638 kB | 135/177 kB | 67 kB
Progress (5): 255/502 kB | 401/592 kB | 266/638 kB | 135/177 kB | 67 kB
Progress (5): 255/502 kB | 401/592 kB | 270/638 kB | 135/177 kB | 67 kB
Progress (5): 255/502 kB | 401/592 kB | 274/638 kB | 135/177 kB | 67 kB
Progress (5): 255/502 kB | 401/592 kB | 279/638 kB | 135/177 kB | 67 kB
Progress (5): 255/502 kB | 401/592 kB | 283/638 kB | 135/177 kB | 67 kB
Progress (5): 255/502 kB | 401/592 kB | 287/638 kB | 135/177 kB | 67 kB
Progress (5): 255/502 kB | 401/592 kB | 291/638 kB | 135/177 kB | 67 kB
Progress (5): 255/502 kB | 401/592 kB | 295/638 kB | 135/177 kB | 67 kB
Progress (5): 255/502 kB | 401/592 kB | 299/638 kB | 135/177 kB | 67 kB
Progress (5): 255/502 kB | 401/592 kB | 303/638 kB | 135/177 kB | 67 kB
Progress (5): 255/502 kB | 401/592 kB | 307/638 kB | 135/177 kB | 67 kB
Progress (5): 255/502 kB | 401/592 kB | 311/638 kB | 135/177 kB | 67 kB
Progress (5): 255/502 kB | 401/592 kB | 315/638 kB | 135/177 kB | 67 kB
Progress (5): 255/502 kB | 401/592 kB | 319/638 kB | 135/177 kB | 67 kB
Progress (5): 255/502 kB | 401/592 kB | 324/638 kB | 135/177 kB | 67 kB
Progress (5): 255/502 kB | 401/592 kB | 328/638 kB | 135/177 kB | 67 kB
Progress (5): 255/502 kB | 401/592 kB | 332/638 kB | 135/177 kB | 67 kB
Progress (5): 255/502 kB | 401/592 kB | 336/638 kB | 135/177 kB | 67 kB
Progress (5): 255/502 kB | 401/592 kB | 340/638 kB | 135/177 kB | 67 kB
Progress (5): 255/502 kB | 401/592 kB | 344/638 kB | 135/177 kB | 67 kB
Progress (5): 255/502 kB | 401/592 kB | 348/638 kB | 135/177 kB | 67 kB
Progress (5): 255/502 kB | 401/592 kB | 352/638 kB | 135/177 kB | 67 kB

Downloaded from central: https://repo.maven.apache.org/maven2/org/apache/maven/maven-aether-provider/3.3.9/maven-aether-provider-3.3.9.jar (67 kB at 323 kB/s)
Progress (4): 255/502 kB | 406/592 kB | 352/638 kB | 135/177 kB
Progress (4): 255/502 kB | 410/592 kB | 352/638 kB | 135/177 kB
Progress (4): 255/502 kB | 414/592 kB | 352/638 kB | 135/177 kB
Progress (4): 255/502 kB | 418/592 kB | 352/638 kB | 135/177 kB
Progress (4): 255/502 kB | 422/592 kB | 352/638 kB | 135/177 kB
Progress (4): 255/502 kB | 426/592 kB | 352/638 kB | 135/177 kB
Progress (4): 255/502 kB | 430/592 kB | 352/638 kB | 135/177 kB
Progress (4): 255/502 kB | 434/592 kB | 352/638 kB | 135/177 kB
Progress (4): 255/502 kB | 438/592 kB | 352/638 kB | 135/177 kB
Progress (4): 255/502 kB | 442/592 kB | 352/638 kB | 135/177 kB
Progress (4): 255/502 kB | 446/592 kB | 352/638 kB | 135/177 kB
Progress (4): 255/502 kB | 450/592 kB | 352/638 kB | 135/177 kB
Progress (4): 255/502 kB | 454/592 kB | 352/638 kB | 135/177 kB
Progress (4): 255/502 kB | 459/592 kB | 352/638 kB | 135/177 kB
Progress (4): 255/502 kB | 463/592 kB | 352/638 kB | 135/177 kB
Progress (4): 255/502 kB | 467/592 kB | 352/638 kB | 135/177 kB
Progress (4): 255/502 kB | 467/592 kB | 352/638 kB | 139/177 kB
Progress (4): 255/502 kB | 467/592 kB | 352/638 kB | 143/177 kB
Progress (4): 255/502 kB | 467/592 kB | 352/638 kB | 147/177 kB
Progress (4): 255/502 kB | 467/592 kB | 352/638 kB | 152/177 kB
Progress (4): 255/502 kB | 467/592 kB | 352/638 kB | 156/177 kB
Progress (4): 255/502 kB | 467/592 kB | 352/638 kB | 160/177 kB
Progress (4): 255/502 kB | 467/592 kB | 352/638 kB | 164/177 kB
Progress (4): 255/502 kB | 467/592 kB | 352/638 kB | 168/177 kB
Progress (4): 255/502 kB | 467/592 kB | 352/638 kB | 172/177 kB
Progress (4): 255/502 kB | 467/592 kB | 352/638 kB | 176/177 kB
Progress (4): 255/502 kB | 467/592 kB | 352/638 kB | 177 kB
Progress (4): 258/502 kB | 467/592 kB | 352/638 kB | 177 kB
Progress (4): 260/502 kB | 467/592 kB | 352/638 kB | 177 kB
Progress (4): 263/502 kB | 467/592 kB | 352/638 kB | 177 kB
Progress (4): 266/502 kB | 467/592 kB | 352/638 kB | 177 kB
Progress (4): 269/502 kB | 467/592 kB | 352/638 kB | 177 kB
Progress (4): 271/502 kB | 467/592 kB | 352/638 kB | 177 kB
Progress (4): 274/502 kB | 467/592 kB | 352/638 kB | 177 kB
Progress (4): 277/502 kB | 467/592 kB | 352/638 kB | 177 kB
Progress (4): 280/502 kB | 467/592 kB | 352/638 kB | 177 kB
Progress (4): 282/502 kB | 467/592 kB | 352/638 kB | 177 kB
Progress (4): 285/502 kB | 467/592 kB | 352/638 kB | 177 kB
Progress (4): 288/502 kB | 467/592 kB | 352/638 kB | 177 kB
Progress (4): 291/502 kB | 467/592 kB | 352/638 kB | 177 kB
Progress (4): 293/502 kB | 467/592 kB | 352/638 kB | 177 kB
Progress (4): 296/502 kB | 467/592 kB | 352/638 kB | 177 kB
Progress (4): 299/502 kB | 467/592 kB | 352/638 kB | 177 kB
Progress (4): 302/502 kB | 467/592 kB | 352/638 kB | 177 kB
Progress (4): 304/502 kB | 467/592 kB | 352/638 kB | 177 kB
Progress (4): 307/502 kB | 467/592 kB | 352/638 kB | 177 kB
Progress (4): 310/502 kB | 467/592 kB | 352/638 kB | 177 kB
Progress (4): 313/502 kB | 467/592 kB | 352/638 kB | 177 kB
Progress (4): 315/502 kB | 467/592 kB | 352/638 kB | 177 kB
Progress (4): 318/502 kB | 467/592 kB | 352/638 kB | 177 kB
Progress (4): 321/502 kB | 467/592 kB | 352/638 kB | 177 kB
Progress (4): 324/502 kB | 467/592 kB | 352/638 kB | 177 kB
Progress (4): 326/502 kB | 467/592 kB | 352/638 kB | 177 kB
Progress (4): 329/502 kB | 467/592 kB | 352/638 kB | 177 kB
Progress (4): 332/502 kB | 467/592 kB | 352/638 kB | 177 kB

Downloading from central: https://repo.maven.apache.org/maven2/org/eclipse/aether/aether-spi/1.0.2.v20150114/aether-spi-1.0.2.v20150114.jar
Progress (4): 332/502 kB | 467/592 kB | 356/638 kB | 177 kB
Progress (4): 332/502 kB | 467/592 kB | 360/638 kB | 177 kB
Progress (4): 332/502 kB | 467/592 kB | 365/638 kB | 177 kB
Progress (4): 332/502 kB | 467/592 kB | 369/638 kB | 177 kB
Progress (4): 332/502 kB | 467/592 kB | 373/638 kB | 177 kB
Progress (4): 332/502 kB | 467/592 kB | 377/638 kB | 177 kB
Progress (4): 332/502 kB | 471/592 kB | 377/638 kB | 177 kB
Progress (4): 332/502 kB | 475/592 kB | 377/638 kB | 177 kB
Progress (4): 332/502 kB | 479/592 kB | 377/638 kB | 177 kB
Progress (4): 332/502 kB | 483/592 kB | 377/638 kB | 177 kB
Progress (4): 332/502 kB | 487/592 kB | 377/638 kB | 177 kB
Progress (4): 332/502 kB | 491/592 kB | 377/638 kB | 177 kB
Progress (4): 332/502 kB | 495/592 kB | 377/638 kB | 177 kB
Progress (4): 332/502 kB | 499/592 kB | 377/638 kB | 177 kB
Progress (4): 332/502 kB | 504/592 kB | 377/638 kB | 177 kB
Progress (4): 332/502 kB | 508/592 kB | 377/638 kB | 177 kB
Progress (4): 332/502 kB | 512/592 kB | 377/638 kB | 177 kB
Progress (4): 332/502 kB | 516/592 kB | 377/638 kB | 177 kB
Progress (4): 332/502 kB | 520/592 kB | 377/638 kB | 177 kB

Downloaded from central: https://repo.maven.apache.org/maven2/org/apache/maven/maven-model-builder/3.3.9/maven-model-builder-3.3.9.jar (177 kB at 766 kB/s)
Downloading from central: https://repo.maven.apache.org/maven2/org/eclipse/aether/aether-impl/1.0.2.v20150114/aether-impl-1.0.2.v20150114.jar
Progress (3): 332/502 kB | 520/592 kB | 381/638 kB
Progress (3): 332/502 kB | 520/592 kB | 385/638 kB
Progress (3): 332/502 kB | 520/592 kB | 389/638 kB
Progress (4): 332/502 kB | 520/592 kB | 389/638 kB | 4.1/31 kB
Progress (4): 332/502 kB | 520/592 kB | 389/638 kB | 8.2/31 kB
Progress (4): 332/502 kB | 520/592 kB | 389/638 kB | 12/31 kB
Progress (4): 332/502 kB | 520/592 kB | 389/638 kB | 16/31 kB
Progress (4): 332/502 kB | 520/592 kB | 393/638 kB | 16/31 kB
Progress (4): 332/502 kB | 520/592 kB | 393/638 kB | 20/31 kB
Progress (4): 332/502 kB | 520/592 kB | 393/638 kB | 25/31 kB
Progress (4): 332/502 kB | 520/592 kB | 393/638 kB | 29/31 kB
Progress (4): 332/502 kB | 520/592 kB | 393/638 kB | 31 kB
Progress (4): 335/502 kB | 520/592 kB | 393/638 kB | 31 kB
Progress (4): 337/502 kB | 520/592 kB | 393/638 kB | 31 kB
Progress (4): 340/502 kB | 520/592 kB | 393/638 kB | 31 kB
Progress (4): 343/502 kB | 520/592 kB | 393/638 kB | 31 kB
Progress (4): 345/502 kB | 520/592 kB | 393/638 kB | 31 kB
Progress (4): 345/502 kB | 520/592 kB | 397/638 kB | 31 kB
Progress (5): 345/502 kB | 520/592 kB | 397/638 kB | 31 kB | 4.1/173 kB
Progress (5): 345/502 kB | 520/592 kB | 397/638 kB | 31 kB | 8.2/173 kB
Progress (5): 345/502 kB | 520/592 kB | 397/638 kB | 31 kB | 12/173 kB
Progress (5): 345/502 kB | 520/592 kB | 397/638 kB | 31 kB | 16/173 kB
Progress (5): 345/502 kB | 520/592 kB | 397/638 kB | 31 kB | 20/173 kB
Progress (5): 345/502 kB | 520/592 kB | 397/638 kB | 31 kB | 25/173 kB
Progress (5): 345/502 kB | 520/592 kB | 397/638 kB | 31 kB | 29/173 kB
Progress (5): 345/502 kB | 520/592 kB | 397/638 kB | 31 kB | 33/173 kB
Progress (5): 345/502 kB | 520/592 kB | 397/638 kB | 31 kB | 37/173 kB
Progress (5): 345/502 kB | 520/592 kB | 397/638 kB | 31 kB | 41/173 kB
Progress (5): 345/502 kB | 520/592 kB | 397/638 kB | 31 kB | 45/173 kB
Progress (5): 345/502 kB | 524/592 kB | 397/638 kB | 31 kB | 45/173 kB
Progress (5): 345/502 kB | 528/592 kB | 397/638 kB | 31 kB | 45/173 kB
Progress (5): 345/502 kB | 532/592 kB | 397/638 kB | 31 kB | 45/173 kB
Progress (5): 345/502 kB | 536/592 kB | 397/638 kB | 31 kB | 45/173 kB
Progress (5): 345/502 kB | 540/592 kB | 397/638 kB | 31 kB | 45/173 kB
Progress (5): 345/502 kB | 545/592 kB | 397/638 kB | 31 kB | 45/173 kB
Progress (5): 345/502 kB | 549/592 kB | 397/638 kB | 31 kB | 45/173 kB
Progress (5): 345/502 kB | 553/592 kB | 397/638 kB | 31 kB | 45/173 kB
Progress (5): 345/502 kB | 557/592 kB | 397/638 kB | 31 kB | 45/173 kB
Progress (5): 345/502 kB | 561/592 kB | 397/638 kB | 31 kB | 45/173 kB
Progress (5): 345/502 kB | 565/592 kB | 397/638 kB | 31 kB | 45/173 kB
Progress (5): 345/502 kB | 569/592 kB | 397/638 kB | 31 kB | 45/173 kB

Downloaded from central: https://repo.maven.apache.org/maven2/org/eclipse/aether/aether-spi/1.0.2.v20150114/aether-spi-1.0.2.v20150114.jar (31 kB at 120 kB/s)
Downloading from central: https://repo.maven.apache.org/maven2/org/eclipse/aether/aether-api/1.0.2.v20150114/aether-api-1.0.2.v20150114.jar
Progress (4): 348/502 kB | 569/592 kB | 397/638 kB | 45/173 kB
Progress (4): 348/502 kB | 569/592 kB | 401/638 kB | 45/173 kB
Progress (4): 348/502 kB | 569/592 kB | 406/638 kB | 45/173 kB
Progress (4): 348/502 kB | 569/592 kB | 410/638 kB | 45/173 kB
Progress (4): 348/502 kB | 569/592 kB | 414/638 kB | 45/173 kB
Progress (4): 348/502 kB | 569/592 kB | 418/638 kB | 45/173 kB
Progress (4): 348/502 kB | 569/592 kB | 422/638 kB | 45/173 kB
Progress (4): 348/502 kB | 569/592 kB | 426/638 kB | 45/173 kB
Progress (4): 348/502 kB | 569/592 kB | 430/638 kB | 45/173 kB
Progress (4): 348/502 kB | 569/592 kB | 434/638 kB | 45/173 kB
Progress (4): 348/502 kB | 569/592 kB | 438/638 kB | 45/173 kB
Progress (4): 348/502 kB | 569/592 kB | 442/638 kB | 45/173 kB
Progress (4): 348/502 kB | 569/592 kB | 442/638 kB | 49/173 kB
Progress (4): 348/502 kB | 569/592 kB | 442/638 kB | 53/173 kB
Progress (4): 348/502 kB | 569/592 kB | 442/638 kB | 57/173 kB
Progress (4): 348/502 kB | 569/592 kB | 442/638 kB | 61/173 kB
Progress (4): 348/502 kB | 569/592 kB | 442/638 kB | 66/173 kB
Progress (4): 348/502 kB | 569/592 kB | 442/638 kB | 70/173 kB
Progress (4): 348/502 kB | 569/592 kB | 442/638 kB | 74/173 kB
Progress (4): 348/502 kB | 569/592 kB | 442/638 kB | 78/173 kB
Progress (4): 348/502 kB | 569/592 kB | 442/638 kB | 82/173 kB
Progress (4): 348/502 kB | 569/592 kB | 442/638 kB | 86/173 kB
Progress (4): 348/502 kB | 569/592 kB | 442/638 kB | 90/173 kB
Progress (4): 348/502 kB | 569/592 kB | 442/638 kB | 94/173 kB
Progress (4): 348/502 kB | 573/592 kB | 442/638 kB | 94/173 kB
Progress (4): 348/502 kB | 577/592 kB | 442/638 kB | 94/173 kB
Progress (4): 348/502 kB | 581/592 kB | 442/638 kB | 94/173 kB
Progress (4): 348/502 kB | 585/592 kB | 442/638 kB | 94/173 kB
Progress (4): 351/502 kB | 585/592 kB | 442/638 kB | 94/173 kB
Progress (4): 354/502 kB | 585/592 kB | 442/638 kB | 94/173 kB
Progress (4): 356/502 kB | 585/592 kB | 442/638 kB | 94/173 kB
Progress (4): 359/502 kB | 585/592 kB | 442/638 kB | 94/173 kB
Progress (4): 362/502 kB | 585/592 kB | 442/638 kB | 94/173 kB
Progress (4): 365/502 kB | 585/592 kB | 442/638 kB | 94/173 kB
Progress (4): 367/502 kB | 585/592 kB | 442/638 kB | 94/173 kB
Progress (4): 370/502 kB | 585/592 kB | 442/638 kB | 94/173 kB
Progress (4): 373/502 kB | 585/592 kB | 442/638 kB | 94/173 kB
Progress (4): 376/502 kB | 585/592 kB | 442/638 kB | 94/173 kB
Progress (4): 378/502 kB | 585/592 kB | 442/638 kB | 94/173 kB
Progress (4): 381/502 kB | 585/592 kB | 442/638 kB | 94/173 kB
Progress (4): 384/502 kB | 585/592 kB | 442/638 kB | 94/173 kB
Progress (4): 387/502 kB | 585/592 kB | 442/638 kB | 94/173 kB
Progress (4): 389/502 kB | 585/592 kB | 442/638 kB | 94/173 kB
Progress (4): 392/502 kB | 585/592 kB | 442/638 kB | 94/173 kB
Progress (4): 395/502 kB | 585/592 kB | 442/638 kB | 94/173 kB
Progress (4): 398/502 kB | 585/592 kB | 442/638 kB | 94/173 kB
Progress (4): 400/502 kB | 585/592 kB | 442/638 kB | 94/173 kB
Progress (4): 403/502 kB | 585/592 kB | 442/638 kB | 94/173 kB
Progress (4): 403/502 kB | 585/592 kB | 446/638 kB | 94/173 kB
Progress (4): 403/502 kB | 585/592 kB | 451/638 kB | 94/173 kB
Progress (4): 403/502 kB | 585/592 kB | 455/638 kB | 94/173 kB
Progress (4): 403/502 kB | 585/592 kB | 459/638 kB | 94/173 kB
Progress (4): 403/502 kB | 585/592 kB | 463/638 kB | 94/173 kB
Progress (4): 403/502 kB | 585/592 kB | 467/638 kB | 94/173 kB
Progress (4): 403/502 kB | 585/592 kB | 471/638 kB | 94/173 kB
Progress (4): 403/502 kB | 585/592 kB | 475/638 kB | 94/173 kB
Progress (4): 403/502 kB | 585/592 kB | 479/638 kB | 94/173 kB
Progress (4): 403/502 kB | 585/592 kB | 483/638 kB | 94/173 kB
Progress (4): 403/502 kB | 585/592 kB | 487/638 kB | 94/173 kB
Progress (4): 403/502 kB | 585/592 kB | 491/638 kB | 94/173 kB
Progress (4): 403/502 kB | 585/592 kB | 495/638 kB | 94/173 kB
Progress (4): 403/502 kB | 585/592 kB | 499/638 kB | 94/173 kB
Progress (4): 403/502 kB | 585/592 kB | 503/638 kB | 94/173 kB
Progress (4): 403/502 kB | 585/592 kB | 507/638 kB | 94/173 kB
Progress (4): 403/502 kB | 585/592 kB | 511/638 kB | 94/173 kB
Progress (4): 403/502 kB | 585/592 kB | 516/638 kB | 94/173 kB
Progress (4): 403/502 kB | 585/592 kB | 520/638 kB | 94/173 kB
Progress (4): 403/502 kB | 585/592 kB | 524/638 kB | 94/173 kB
Progress (4): 403/502 kB | 585/592 kB | 524/638 kB | 98/173 kB
Progress (4): 403/502 kB | 585/592 kB | 524/638 kB | 102/173 kB
Progress (4): 403/502 kB | 585/592 kB | 524/638 kB | 106/173 kB
Progress (4): 403/502 kB | 585/592 kB | 524/638 kB | 111/173 kB
Progress (4): 403/502 kB | 585/592 kB | 524/638 kB | 115/173 kB
Progress (4): 403/502 kB | 585/592 kB | 524/638 kB | 119/173 kB
Progress (4): 403/502 kB | 585/592 kB | 524/638 kB | 123/173 kB
Progress (4): 403/502 kB | 585/592 kB | 524/638 kB | 127/173 kB
Progress (4): 403/502 kB | 585/592 kB | 524/638 kB | 131/173 kB
Progress (4): 403/502 kB | 585/592 kB | 524/638 kB | 135/173 kB
Progress (4): 403/502 kB | 585/592 kB | 524/638 kB | 139/173 kB
Progress (4): 403/502 kB | 585/592 kB | 524/638 kB | 143/173 kB
Progress (4): 403/502 kB | 585/592 kB | 524/638 kB | 147/173 kB
Progress (4): 403/502 kB | 585/592 kB | 524/638 kB | 152/173 kB
Progress (4): 403/502 kB | 585/592 kB | 524/638 kB | 156/173 kB
Progress (4): 403/502 kB | 585/592 kB | 524/638 kB | 160/173 kB
Progress (4): 403/502 kB | 585/592 kB | 524/638 kB | 164/173 kB
Progress (4): 403/502 kB | 585/592 kB | 524/638 kB | 168/173 kB
Progress (4): 403/502 kB | 585/592 kB | 524/638 kB | 172/173 kB
Progress (4): 403/502 kB | 585/592 kB | 524/638 kB | 173 kB
Progress (4): 403/502 kB | 590/592 kB | 524/638 kB | 173 kB
Progress (5): 403/502 kB | 590/592 kB | 524/638 kB | 173 kB | 4.1/136 kB
Progress (5): 403/502 kB | 590/592 kB | 524/638 kB | 173 kB | 8.2/136 kB
Progress (5): 403/502 kB | 590/592 kB | 524/638 kB | 173 kB | 12/136 kB
Progress (5): 403/502 kB | 590/592 kB | 524/638 kB | 173 kB | 16/136 kB
Progress (5): 403/502 kB | 590/592 kB | 524/638 kB | 173 kB | 20/136 kB
Progress (5): 403/502 kB | 590/592 kB | 524/638 kB | 173 kB | 25/136 kB
Progress (5): 403/502 kB | 590/592 kB | 524/638 kB | 173 kB | 29/136 kB
Progress (5): 403/502 kB | 590/592 kB | 524/638 kB | 173 kB | 33/136 kB
Progress (5): 403/502 kB | 590/592 kB | 524/638 kB | 173 kB | 37/136 kB
Progress (5): 403/502 kB | 590/592 kB | 524/638 kB | 173 kB | 41/136 kB
Progress (5): 403/502 kB | 590/592 kB | 524/638 kB | 173 kB | 45/136 kB
Progress (5): 403/502 kB | 590/592 kB | 524/638 kB | 173 kB | 49/136 kB
Progress (5): 403/502 kB | 590/592 kB | 524/638 kB | 173 kB | 53/136 kB
Progress (5): 403/502 kB | 590/592 kB | 524/638 kB | 173 kB | 57/136 kB
Progress (5): 403/502 kB | 590/592 kB | 524/638 kB | 173 kB | 61/136 kB
Progress (5): 403/502 kB | 590/592 kB | 524/638 kB | 173 kB | 66/136 kB
Progress (5): 403/502 kB | 590/592 kB | 524/638 kB | 173 kB | 70/136 kB
Progress (5): 403/502 kB | 590/592 kB | 524/638 kB | 173 kB | 74/136 kB
Progress (5): 403/502 kB | 590/592 kB | 524/638 kB | 173 kB | 78/136 kB
Progress (5): 403/502 kB | 590/592 kB | 524/638 kB | 173 kB | 82/136 kB
Progress (5): 403/502 kB | 592 kB | 524/638 kB | 173 kB | 82/136 kB
Progress (5): 406/502 kB | 592 kB | 524/638 kB | 173 kB | 82/136 kB
Progress (5): 409/502 kB | 592 kB | 524/638 kB | 173 kB | 82/136 kB
Progress (5): 411/502 kB | 592 kB | 524/638 kB | 173 kB | 82/136 kB
Progress (5): 414/502 kB | 592 kB | 524/638 kB | 173 kB | 82/136 kB
Progress (5): 417/502 kB | 592 kB | 524/638 kB | 173 kB | 82/136 kB
Progress (5): 420/502 kB | 592 kB | 524/638 kB | 173 kB | 82/136 kB
Progress (5): 422/502 kB | 592 kB | 524/638 kB | 173 kB | 82/136 kB
Progress (5): 422/502 kB | 592 kB | 528/638 kB | 173 kB | 82/136 kB
Progress (5): 422/502 kB | 592 kB | 532/638 kB | 173 kB | 82/136 kB
Progress (5): 422/502 kB | 592 kB | 536/638 kB | 173 kB | 82/136 kB
Progress (5): 422/502 kB | 592 kB | 540/638 kB | 173 kB | 82/136 kB
Progress (5): 422/502 kB | 592 kB | 544/638 kB | 173 kB | 82/136 kB
Progress (5): 422/502 kB | 592 kB | 548/638 kB | 173 kB | 82/136 kB
Progress (5): 422/502 kB | 592 kB | 552/638 kB | 173 kB | 82/136 kB
Progress (5): 422/502 kB | 592 kB | 556/638 kB | 173 kB | 82/136 kB

Downloaded from central: https://repo.maven.apache.org/maven2/org/apache/commons/commons-compress/1.18/commons-compress-1.18.jar (592 kB at 1.9 MB/s)
Downloading from central: https://repo.maven.apache.org/maven2/org/eclipse/aether/aether-util/1.0.2.v20150114/aether-util-1.0.2.v20150114.jar
Progress (4): 422/502 kB | 556/638 kB | 173 kB | 86/136 kB
Progress (4): 422/502 kB | 556/638 kB | 173 kB | 90/136 kB
Progress (4): 422/502 kB | 556/638 kB | 173 kB | 94/136 kB
Progress (4): 422/502 kB | 556/638 kB | 173 kB | 98/136 kB
Progress (4): 422/502 kB | 556/638 kB | 173 kB | 102/136 kB
Progress (4): 422/502 kB | 556/638 kB | 173 kB | 106/136 kB
Progress (4): 422/502 kB | 556/638 kB | 173 kB | 111/136 kB
Progress (4): 422/502 kB | 556/638 kB | 173 kB | 115/136 kB
Progress (4): 422/502 kB | 556/638 kB | 173 kB | 119/136 kB
Progress (4): 422/502 kB | 556/638 kB | 173 kB | 123/136 kB
Progress (4): 422/502 kB | 556/638 kB | 173 kB | 127/136 kB
Progress (4): 422/502 kB | 556/638 kB | 173 kB | 131/136 kB
Progress (4): 422/502 kB | 556/638 kB | 173 kB | 135/136 kB
Progress (4): 422/502 kB | 561/638 kB | 173 kB | 135/136 kB
Progress (4): 422/502 kB | 565/638 kB | 173 kB | 135/136 kB
Progress (4): 425/502 kB | 565/638 kB | 173 kB | 135/136 kB
Progress (4): 428/502 kB | 565/638 kB | 173 kB | 135/136 kB
Progress (4): 430/502 kB | 565/638 kB | 173 kB | 135/136 kB
Progress (4): 433/502 kB | 565/638 kB | 173 kB | 135/136 kB
Progress (4): 436/502 kB | 565/638 kB | 173 kB | 135/136 kB
Progress (4): 439/502 kB | 565/638 kB | 173 kB | 135/136 kB
Progress (4): 441/502 kB | 565/638 kB | 173 kB | 135/136 kB
Progress (4): 444/502 kB | 565/638 kB | 173 kB | 135/136 kB
Progress (4): 447/502 kB | 565/638 kB | 173 kB | 135/136 kB

Downloaded from central: https://repo.maven.apache.org/maven2/org/eclipse/aether/aether-impl/1.0.2.v20150114/aether-impl-1.0.2.v20150114.jar (173 kB at 564 kB/s)
Progress (3): 447/502 kB | 569/638 kB | 135/136 kB
Progress (3): 447/502 kB | 573/638 kB | 135/136 kB
Progress (3): 447/502 kB | 577/638 kB | 135/136 kB
Progress (3): 447/502 kB | 581/638 kB | 135/136 kB
Progress (3): 447/502 kB | 585/638 kB | 135/136 kB
Progress (3): 447/502 kB | 589/638 kB | 135/136 kB

Downloading from central: https://repo.maven.apache.org/maven2/org/eclipse/sisu/org.eclipse.sisu.plexus/0.3.2/org.eclipse.sisu.plexus-0.3.2.jar
Progress (3): 447/502 kB | 589/638 kB | 136 kB
Progress (3): 450/502 kB | 589/638 kB | 136 kB
Progress (3): 452/502 kB | 589/638 kB | 136 kB
Progress (3): 455/502 kB | 589/638 kB | 136 kB
Progress (3): 458/502 kB | 589/638 kB | 136 kB
Progress (3): 461/502 kB | 589/638 kB | 136 kB
Progress (3): 463/502 kB | 589/638 kB | 136 kB
Progress (3): 466/502 kB | 589/638 kB | 136 kB
Progress (3): 469/502 kB | 589/638 kB | 136 kB
Progress (3): 472/502 kB | 589/638 kB | 136 kB
Progress (3): 474/502 kB | 589/638 kB | 136 kB
Progress (3): 477/502 kB | 589/638 kB | 136 kB
Progress (3): 480/502 kB | 589/638 kB | 136 kB
Progress (3): 480/502 kB | 593/638 kB | 136 kB
Progress (4): 480/502 kB | 593/638 kB | 136 kB | 4.1/147 kB
Progress (4): 480/502 kB | 593/638 kB | 136 kB | 8.2/147 kB
Progress (4): 480/502 kB | 593/638 kB | 136 kB | 12/147 kB
Progress (4): 480/502 kB | 593/638 kB | 136 kB | 16/147 kB
Progress (4): 480/502 kB | 593/638 kB | 136 kB | 20/147 kB
Progress (4): 480/502 kB | 593/638 kB | 136 kB | 25/147 kB
Progress (4): 480/502 kB | 593/638 kB | 136 kB | 29/147 kB
Progress (4): 480/502 kB | 593/638 kB | 136 kB | 33/147 kB
Progress (4): 480/502 kB | 593/638 kB | 136 kB | 37/147 kB
Progress (4): 480/502 kB | 593/638 kB | 136 kB | 41/147 kB
Progress (4): 480/502 kB | 593/638 kB | 136 kB | 45/147 kB
Progress (4): 480/502 kB | 593/638 kB | 136 kB | 49/147 kB
Progress (5): 480/502 kB | 593/638 kB | 136 kB | 49/147 kB | 4.1/205 kB
Progress (5): 480/502 kB | 593/638 kB | 136 kB | 49/147 kB | 8.2/205 kB
Progress (5): 480/502 kB | 593/638 kB | 136 kB | 49/147 kB | 12/205 kB
Progress (5): 480/502 kB | 593/638 kB | 136 kB | 49/147 kB | 16/205 kB

Downloaded from central: https://repo.maven.apache.org/maven2/org/eclipse/aether/aether-api/1.0.2.v20150114/aether-api-1.0.2.v20150114.jar (136 kB at 413 kB/s)
Progress (4): 480/502 kB | 597/638 kB | 49/147 kB | 16/205 kB
Progress (4): 480/502 kB | 602/638 kB | 49/147 kB | 16/205 kB
Progress (4): 480/502 kB | 606/638 kB | 49/147 kB | 16/205 kB
Progress (4): 480/502 kB | 610/638 kB | 49/147 kB | 16/205 kB
Progress (4): 480/502 kB | 614/638 kB | 49/147 kB | 16/205 kB
Progress (4): 480/502 kB | 618/638 kB | 49/147 kB | 16/205 kB
Progress (4): 480/502 kB | 622/638 kB | 49/147 kB | 16/205 kB
Progress (4): 480/502 kB | 626/638 kB | 49/147 kB | 16/205 kB
Progress (4): 480/502 kB | 630/638 kB | 49/147 kB | 16/205 kB
Progress (4): 480/502 kB | 634/638 kB | 49/147 kB | 16/205 kB
Progress (4): 480/502 kB | 638 kB | 49/147 kB | 16/205 kB

Downloading from central: https://repo.maven.apache.org/maven2/javax/enterprise/cdi-api/1.0/cdi-api-1.0.jar
Progress (4): 480/502 kB | 638 kB | 53/147 kB | 16/205 kB
Progress (4): 480/502 kB | 638 kB | 57/147 kB | 16/205 kB
Progress (4): 480/502 kB | 638 kB | 61/147 kB | 16/205 kB
Progress (4): 480/502 kB | 638 kB | 66/147 kB | 16/205 kB
Progress (4): 480/502 kB | 638 kB | 70/147 kB | 16/205 kB
Progress (4): 480/502 kB | 638 kB | 74/147 kB | 16/205 kB
Progress (4): 480/502 kB | 638 kB | 78/147 kB | 16/205 kB
Progress (4): 480/502 kB | 638 kB | 82/147 kB | 16/205 kB
Progress (4): 480/502 kB | 638 kB | 86/147 kB | 16/205 kB
Progress (4): 480/502 kB | 638 kB | 90/147 kB | 16/205 kB
Progress (4): 480/502 kB | 638 kB | 94/147 kB | 16/205 kB
Progress (4): 480/502 kB | 638 kB | 98/147 kB | 16/205 kB
Progress (4): 480/502 kB | 638 kB | 98/147 kB | 20/205 kB
Progress (4): 480/502 kB | 638 kB | 98/147 kB | 25/205 kB
Progress (4): 480/502 kB | 638 kB | 98/147 kB | 29/205 kB
Progress (4): 480/502 kB | 638 kB | 98/147 kB | 33/205 kB
Progress (4): 480/502 kB | 638 kB | 98/147 kB | 37/205 kB
Progress (4): 480/502 kB | 638 kB | 98/147 kB | 41/205 kB
Progress (4): 480/502 kB | 638 kB | 98/147 kB | 45/205 kB
Progress (4): 480/502 kB | 638 kB | 98/147 kB | 49/205 kB
Progress (4): 480/502 kB | 638 kB | 98/147 kB | 53/205 kB
Progress (4): 480/502 kB | 638 kB | 98/147 kB | 57/205 kB
Progress (4): 480/502 kB | 638 kB | 98/147 kB | 61/205 kB
Progress (4): 480/502 kB | 638 kB | 98/147 kB | 66/205 kB
Progress (4): 480/502 kB | 638 kB | 98/147 kB | 70/205 kB
Progress (4): 480/502 kB | 638 kB | 98/147 kB | 74/205 kB
Progress (4): 480/502 kB | 638 kB | 98/147 kB | 78/205 kB
Progress (4): 480/502 kB | 638 kB | 98/147 kB | 82/205 kB
Progress (4): 480/502 kB | 638 kB | 98/147 kB | 86/205 kB
Progress (4): 480/502 kB | 638 kB | 98/147 kB | 90/205 kB
Progress (4): 480/502 kB | 638 kB | 98/147 kB | 94/205 kB
Progress (4): 480/502 kB | 638 kB | 98/147 kB | 98/205 kB
Progress (4): 483/502 kB | 638 kB | 98/147 kB | 98/205 kB
Progress (4): 485/502 kB | 638 kB | 98/147 kB | 98/205 kB
Progress (4): 488/502 kB | 638 kB | 98/147 kB | 98/205 kB
Progress (4): 491/502 kB | 638 kB | 98/147 kB | 98/205 kB
Progress (4): 494/502 kB | 638 kB | 98/147 kB | 98/205 kB
Progress (4): 496/502 kB | 638 kB | 98/147 kB | 98/205 kB
Progress (4): 499/502 kB | 638 kB | 98/147 kB | 98/205 kB
Progress (4): 502/502 kB | 638 kB | 98/147 kB | 98/205 kB
Progress (4): 502 kB | 638 kB | 98/147 kB | 98/205 kB
Progress (4): 502 kB | 638 kB | 102/147 kB | 98/205 kB
Progress (4): 502 kB | 638 kB | 106/147 kB | 98/205 kB
Progress (4): 502 kB | 638 kB | 111/147 kB | 98/205 kB
Progress (4): 502 kB | 638 kB | 115/147 kB | 98/205 kB
Progress (4): 502 kB | 638 kB | 119/147 kB | 98/205 kB
Progress (4): 502 kB | 638 kB | 123/147 kB | 98/205 kB
Progress (4): 502 kB | 638 kB | 127/147 kB | 98/205 kB
Progress (4): 502 kB | 638 kB | 131/147 kB | 98/205 kB
Progress (4): 502 kB | 638 kB | 135/147 kB | 98/205 kB
Progress (4): 502 kB | 638 kB | 139/147 kB | 98/205 kB
Progress (4): 502 kB | 638 kB | 139/147 kB | 102/205 kB
Progress (4): 502 kB | 638 kB | 139/147 kB | 106/205 kB

Downloaded from central: https://repo.maven.apache.org/maven2/org/apache/maven/maven-core/3.3.9/maven-core-3.3.9.jar (638 kB at 1.7 MB/s)
Downloading from central: https://repo.maven.apache.org/maven2/javax/annotation/jsr250-api/1.0/jsr250-api-1.0.jar
Downloaded from central: https://repo.maven.apache.org/maven2/org/apache/commons/commons-lang3/3.8.1/commons-lang3-3.8.1.jar (502 kB at 1.4 MB/s)
Progress (3): 139/147 kB | 106/205 kB | 4.1/45 kB
Progress (3): 139/147 kB | 106/205 kB | 8.2/45 kB
Progress (3): 139/147 kB | 106/205 kB | 12/45 kB
Progress (3): 139/147 kB | 106/205 kB | 16/45 kB
Progress (3): 139/147 kB | 106/205 kB | 20/45 kB
Progress (3): 139/147 kB | 106/205 kB | 25/45 kB
Progress (3): 139/147 kB | 106/205 kB | 29/45 kB
Progress (3): 139/147 kB | 106/205 kB | 33/45 kB
Progress (3): 139/147 kB | 106/205 kB | 37/45 kB
Progress (3): 139/147 kB | 106/205 kB | 41/45 kB
Progress (3): 139/147 kB | 106/205 kB | 45 kB

Downloading from central: https://repo.maven.apache.org/maven2/org/eclipse/sisu/org.eclipse.sisu.inject/0.3.2/org.eclipse.sisu.inject-0.3.2.jar
Progress (3): 139/147 kB | 111/205 kB | 45 kB
Progress (3): 139/147 kB | 115/205 kB | 45 kB
Progress (3): 139/147 kB | 119/205 kB | 45 kB
Progress (3): 139/147 kB | 123/205 kB | 45 kB
Progress (3): 139/147 kB | 127/205 kB | 45 kB
Progress (3): 139/147 kB | 131/205 kB | 45 kB
Progress (3): 139/147 kB | 135/205 kB | 45 kB
Progress (3): 139/147 kB | 139/205 kB | 45 kB
Progress (3): 139/147 kB | 143/205 kB | 45 kB
Progress (3): 139/147 kB | 147/205 kB | 45 kB
Progress (3): 139/147 kB | 152/205 kB | 45 kB
Progress (3): 139/147 kB | 156/205 kB | 45 kB
Progress (3): 139/147 kB | 160/205 kB | 45 kB
Progress (3): 139/147 kB | 164/205 kB | 45 kB
Progress (3): 139/147 kB | 168/205 kB | 45 kB
Progress (3): 139/147 kB | 172/205 kB | 45 kB
Progress (3): 139/147 kB | 176/205 kB | 45 kB
Progress (3): 143/147 kB | 176/205 kB | 45 kB
Progress (3): 147 kB | 176/205 kB | 45 kB
Progress (3): 147 kB | 180/205 kB | 45 kB

Downloaded from central: https://repo.maven.apache.org/maven2/javax/enterprise/cdi-api/1.0/cdi-api-1.0.jar (45 kB at 116 kB/s)
Downloading from central: https://repo.maven.apache.org/maven2/com/google/inject/guice/4.0/guice-4.0-no_aop.jar
Progress (2): 147 kB | 184/205 kB
Progress (2): 147 kB | 188/205 kB
Progress (2): 147 kB | 193/205 kB
Progress (2): 147 kB | 197/205 kB
Progress (2): 147 kB | 201/205 kB
Progress (2): 147 kB | 205/205 kB
Progress (2): 147 kB | 205 kB
Progress (3): 147 kB | 205 kB | 4.1/5.8 kB
Progress (3): 147 kB | 205 kB | 5.8 kB

Downloaded from central: https://repo.maven.apache.org/maven2/org/eclipse/aether/aether-util/1.0.2.v20150114/aether-util-1.0.2.v20150114.jar (147 kB at 373 kB/s)
Downloading from central: https://repo.maven.apache.org/maven2/javax/inject/javax.inject/1/javax.inject-1.jar
Progress (3): 205 kB | 5.8 kB | 4.1/378 kB
Progress (3): 205 kB | 5.8 kB | 8.2/378 kB
Progress (3): 205 kB | 5.8 kB | 12/378 kB
Progress (3): 205 kB | 5.8 kB | 16/378 kB
Progress (3): 205 kB | 5.8 kB | 20/378 kB
Progress (3): 205 kB | 5.8 kB | 25/378 kB
Progress (3): 205 kB | 5.8 kB | 29/378 kB
Progress (3): 205 kB | 5.8 kB | 33/378 kB
Progress (3): 205 kB | 5.8 kB | 37/378 kB
Progress (3): 205 kB | 5.8 kB | 41/378 kB
Progress (3): 205 kB | 5.8 kB | 45/378 kB
Progress (3): 205 kB | 5.8 kB | 49/378 kB
Progress (3): 205 kB | 5.8 kB | 53/378 kB
Progress (3): 205 kB | 5.8 kB | 57/378 kB
Progress (3): 205 kB | 5.8 kB | 61/378 kB
Progress (3): 205 kB | 5.8 kB | 66/378 kB
Progress (3): 205 kB | 5.8 kB | 70/378 kB
Progress (3): 205 kB | 5.8 kB | 74/378 kB
Progress (3): 205 kB | 5.8 kB | 78/378 kB
Progress (4): 205 kB | 5.8 kB | 78/378 kB | 4.1/424 kB
Progress (4): 205 kB | 5.8 kB | 78/378 kB | 8.2/424 kB
Progress (4): 205 kB | 5.8 kB | 78/378 kB | 12/424 kB

Downloaded from central: https://repo.maven.apache.org/maven2/javax/annotation/jsr250-api/1.0/jsr250-api-1.0.jar (5.8 kB at 15 kB/s)
Downloading from central: https://repo.maven.apache.org/maven2/aopalliance/aopalliance/1.0/aopalliance-1.0.jar
Downloaded from central: https://repo.maven.apache.org/maven2/org/eclipse/sisu/org.eclipse.sisu.plexus/0.3.2/org.eclipse.sisu.plexus-0.3.2.jar (205 kB at 507 kB/s)
Downloading from central: https://repo.maven.apache.org/maven2/org/codehaus/plexus/plexus-classworlds/2.5.2/plexus-classworlds-2.5.2.jar
Progress (3): 78/378 kB | 12/424 kB | 2.5 kB
Progress (3): 78/378 kB | 16/424 kB | 2.5 kB
Progress (3): 78/378 kB | 20/424 kB | 2.5 kB
Progress (3): 78/378 kB | 25/424 kB | 2.5 kB
Progress (3): 78/378 kB | 29/424 kB | 2.5 kB
Progress (3): 78/378 kB | 33/424 kB | 2.5 kB
Progress (3): 78/378 kB | 37/424 kB | 2.5 kB
Progress (3): 78/378 kB | 41/424 kB | 2.5 kB
Progress (3): 78/378 kB | 45/424 kB | 2.5 kB
Progress (3): 78/378 kB | 49/424 kB | 2.5 kB
Progress (3): 82/378 kB | 49/424 kB | 2.5 kB
Progress (3): 86/378 kB | 49/424 kB | 2.5 kB
Progress (3): 90/378 kB | 49/424 kB | 2.5 kB
Progress (3): 94/378 kB | 49/424 kB | 2.5 kB
Progress (3): 98/378 kB | 49/424 kB | 2.5 kB
Progress (3): 102/378 kB | 49/424 kB | 2.5 kB
Progress (3): 106/378 kB | 49/424 kB | 2.5 kB
Progress (3): 111/378 kB | 49/424 kB | 2.5 kB
Progress (3): 111/378 kB | 53/424 kB | 2.5 kB

Downloaded from central: https://repo.maven.apache.org/maven2/javax/inject/javax.inject/1/javax.inject-1.jar (2.5 kB at 6.0 kB/s)
Downloading from central: https://repo.maven.apache.org/maven2/org/codehaus/plexus/plexus-component-annotations/1.6/plexus-component-annotations-1.6.jar
Progress (3): 111/378 kB | 53/424 kB | 4.1/4.5 kB
Progress (3): 111/378 kB | 53/424 kB | 4.5 kB
Progress (3): 111/378 kB | 57/424 kB | 4.5 kB
Progress (3): 111/378 kB | 61/424 kB | 4.5 kB
Progress (4): 111/378 kB | 61/424 kB | 4.5 kB | 4.1/53 kB
Progress (4): 111/378 kB | 61/424 kB | 4.5 kB | 8.2/53 kB
Progress (4): 111/378 kB | 61/424 kB | 4.5 kB | 12/53 kB
Progress (4): 111/378 kB | 61/424 kB | 4.5 kB | 16/53 kB
Progress (4): 111/378 kB | 66/424 kB | 4.5 kB | 16/53 kB
Progress (4): 111/378 kB | 70/424 kB | 4.5 kB | 16/53 kB
Progress (4): 111/378 kB | 74/424 kB | 4.5 kB | 16/53 kB
Progress (4): 115/378 kB | 74/424 kB | 4.5 kB | 16/53 kB
Progress (4): 115/378 kB | 74/424 kB | 4.5 kB | 20/53 kB
Progress (4): 115/378 kB | 74/424 kB | 4.5 kB | 25/53 kB
Progress (4): 115/378 kB | 74/424 kB | 4.5 kB | 29/53 kB
Progress (4): 115/378 kB | 74/424 kB | 4.5 kB | 33/53 kB
Progress (4): 115/378 kB | 78/424 kB | 4.5 kB | 33/53 kB
Progress (4): 115/378 kB | 82/424 kB | 4.5 kB | 33/53 kB
Progress (4): 115/378 kB | 86/424 kB | 4.5 kB | 33/53 kB
Progress (4): 115/378 kB | 90/424 kB | 4.5 kB | 33/53 kB
Progress (4): 115/378 kB | 94/424 kB | 4.5 kB | 33/53 kB
Progress (4): 115/378 kB | 98/424 kB | 4.5 kB | 33/53 kB
Progress (4): 119/378 kB | 98/424 kB | 4.5 kB | 33/53 kB
Progress (4): 119/378 kB | 98/424 kB | 4.5 kB | 37/53 kB
Progress (4): 119/378 kB | 98/424 kB | 4.5 kB | 41/53 kB
Progress (4): 119/378 kB | 98/424 kB | 4.5 kB | 45/53 kB
Progress (4): 119/378 kB | 98/424 kB | 4.5 kB | 49/53 kB
Progress (4): 119/378 kB | 98/424 kB | 4.5 kB | 53 kB
Progress (4): 123/378 kB | 98/424 kB | 4.5 kB | 53 kB
Progress (4): 127/378 kB | 98/424 kB | 4.5 kB | 53 kB
Progress (4): 131/378 kB | 98/424 kB | 4.5 kB | 53 kB
Progress (4): 135/378 kB | 98/424 kB | 4.5 kB | 53 kB
Progress (4): 139/378 kB | 98/424 kB | 4.5 kB | 53 kB
Progress (4): 143/378 kB | 98/424 kB | 4.5 kB | 53 kB
Progress (4): 147/378 kB | 98/424 kB | 4.5 kB | 53 kB
Progress (4): 152/378 kB | 98/424 kB | 4.5 kB | 53 kB
Progress (4): 156/378 kB | 98/424 kB | 4.5 kB | 53 kB
Progress (4): 160/378 kB | 98/424 kB | 4.5 kB | 53 kB
Progress (4): 164/378 kB | 98/424 kB | 4.5 kB | 53 kB
Progress (4): 168/378 kB | 98/424 kB | 4.5 kB | 53 kB
Progress (5): 168/378 kB | 98/424 kB | 4.5 kB | 53 kB | 4.1/4.3 kB
Progress (5): 168/378 kB | 98/424 kB | 4.5 kB | 53 kB | 4.3 kB

Downloaded from central: https://repo.maven.apache.org/maven2/aopalliance/aopalliance/1.0/aopalliance-1.0.jar (4.5 kB at 10 kB/s)
Downloading from central: https://repo.maven.apache.org/maven2/org/apache/maven/maven-model/3.3.9/maven-model-3.3.9.jar
Progress (4): 168/378 kB | 102/424 kB | 53 kB | 4.3 kB
Progress (4): 168/378 kB | 106/424 kB | 53 kB | 4.3 kB
Progress (4): 168/378 kB | 111/424 kB | 53 kB | 4.3 kB
Progress (4): 168/378 kB | 115/424 kB | 53 kB | 4.3 kB

Downloaded from central: https://repo.maven.apache.org/maven2/org/codehaus/plexus/plexus-classworlds/2.5.2/plexus-classworlds-2.5.2.jar (53 kB at 118 kB/s)
Downloading from central: https://repo.maven.apache.org/maven2/org/apache/maven/maven-plugin-api/3.3.9/maven-plugin-api-3.3.9.jar
Progress (3): 168/378 kB | 119/424 kB | 4.3 kB
Progress (3): 168/378 kB | 123/424 kB | 4.3 kB
Progress (3): 168/378 kB | 127/424 kB | 4.3 kB
Progress (3): 168/378 kB | 131/424 kB | 4.3 kB
Progress (3): 168/378 kB | 135/424 kB | 4.3 kB
Progress (3): 172/378 kB | 135/424 kB | 4.3 kB
Progress (3): 176/378 kB | 135/424 kB | 4.3 kB
Progress (3): 180/378 kB | 135/424 kB | 4.3 kB
Progress (3): 184/378 kB | 135/424 kB | 4.3 kB
Progress (3): 188/378 kB | 135/424 kB | 4.3 kB
Progress (3): 193/378 kB | 135/424 kB | 4.3 kB
Progress (3): 197/378 kB | 135/424 kB | 4.3 kB
Progress (3): 201/378 kB | 135/424 kB | 4.3 kB
Progress (3): 205/378 kB | 135/424 kB | 4.3 kB
Progress (3): 209/378 kB | 135/424 kB | 4.3 kB
Progress (3): 213/378 kB | 135/424 kB | 4.3 kB
Progress (3): 217/378 kB | 135/424 kB | 4.3 kB
Progress (3): 221/378 kB | 135/424 kB | 4.3 kB
Progress (3): 225/378 kB | 135/424 kB | 4.3 kB
Progress (3): 229/378 kB | 135/424 kB | 4.3 kB
Progress (3): 229/378 kB | 139/424 kB | 4.3 kB
Progress (3): 229/378 kB | 143/424 kB | 4.3 kB
Progress (3): 229/378 kB | 147/424 kB | 4.3 kB

Downloaded from central: https://repo.maven.apache.org/maven2/org/codehaus/plexus/plexus-component-annotations/1.6/plexus-component-annotations-1.6.jar (4.3 kB at 9.4 kB/s)
Downloading from central: https://repo.maven.apache.org/maven2/org/apache/maven/maven-settings/3.3.9/maven-settings-3.3.9.jar
Progress (2): 229/378 kB | 152/424 kB
Progress (2): 229/378 kB | 156/424 kB
Progress (3): 229/378 kB | 156/424 kB | 4.1/164 kB
Progress (3): 229/378 kB | 156/424 kB | 8.2/164 kB
Progress (3): 229/378 kB | 156/424 kB | 12/164 kB
Progress (3): 229/378 kB | 156/424 kB | 16/164 kB
Progress (3): 229/378 kB | 160/424 kB | 16/164 kB
Progress (4): 229/378 kB | 160/424 kB | 16/164 kB | 4.1/47 kB
Progress (4): 229/378 kB | 160/424 kB | 16/164 kB | 8.2/47 kB
Progress (4): 229/378 kB | 160/424 kB | 16/164 kB | 12/47 kB
Progress (4): 229/378 kB | 160/424 kB | 16/164 kB | 16/47 kB
Progress (4): 229/378 kB | 160/424 kB | 20/164 kB | 16/47 kB
Progress (4): 229/378 kB | 160/424 kB | 25/164 kB | 16/47 kB
Progress (4): 229/378 kB | 160/424 kB | 29/164 kB | 16/47 kB
Progress (4): 229/378 kB | 160/424 kB | 33/164 kB | 16/47 kB
Progress (4): 229/378 kB | 164/424 kB | 33/164 kB | 16/47 kB
Progress (4): 229/378 kB | 168/424 kB | 33/164 kB | 16/47 kB
Progress (4): 229/378 kB | 172/424 kB | 33/164 kB | 16/47 kB
Progress (4): 229/378 kB | 176/424 kB | 33/164 kB | 16/47 kB
Progress (4): 229/378 kB | 180/424 kB | 33/164 kB | 16/47 kB
Progress (4): 233/378 kB | 180/424 kB | 33/164 kB | 16/47 kB
Progress (4): 233/378 kB | 180/424 kB | 33/164 kB | 20/47 kB
Progress (4): 233/378 kB | 180/424 kB | 33/164 kB | 25/47 kB
Progress (4): 233/378 kB | 180/424 kB | 33/164 kB | 29/47 kB
Progress (4): 233/378 kB | 180/424 kB | 33/164 kB | 33/47 kB
Progress (4): 233/378 kB | 180/424 kB | 33/164 kB | 37/47 kB
Progress (4): 233/378 kB | 180/424 kB | 33/164 kB | 41/47 kB
Progress (4): 233/378 kB | 180/424 kB | 33/164 kB | 45/47 kB
Progress (4): 233/378 kB | 180/424 kB | 37/164 kB | 45/47 kB
Progress (4): 233/378 kB | 180/424 kB | 41/164 kB | 45/47 kB
Progress (4): 233/378 kB | 180/424 kB | 45/164 kB | 45/47 kB
Progress (4): 233/378 kB | 180/424 kB | 49/164 kB | 45/47 kB
Progress (5): 233/378 kB | 180/424 kB | 49/164 kB | 45/47 kB | 4.1/44 kB
Progress (5): 233/378 kB | 180/424 kB | 49/164 kB | 45/47 kB | 8.2/44 kB
Progress (5): 233/378 kB | 180/424 kB | 49/164 kB | 45/47 kB | 12/44 kB
Progress (5): 233/378 kB | 180/424 kB | 49/164 kB | 45/47 kB | 16/44 kB
Progress (5): 233/378 kB | 180/424 kB | 53/164 kB | 45/47 kB | 16/44 kB
Progress (5): 233/378 kB | 180/424 kB | 57/164 kB | 45/47 kB | 16/44 kB
Progress (5): 233/378 kB | 180/424 kB | 61/164 kB | 45/47 kB | 16/44 kB
Progress (5): 233/378 kB | 180/424 kB | 66/164 kB | 45/47 kB | 16/44 kB
Progress (5): 233/378 kB | 180/424 kB | 70/164 kB | 45/47 kB | 16/44 kB
Progress (5): 233/378 kB | 180/424 kB | 74/164 kB | 45/47 kB | 16/44 kB
Progress (5): 233/378 kB | 180/424 kB | 78/164 kB | 45/47 kB | 16/44 kB
Progress (5): 233/378 kB | 180/424 kB | 82/164 kB | 45/47 kB | 16/44 kB
Progress (5): 233/378 kB | 180/424 kB | 86/164 kB | 45/47 kB | 16/44 kB
Progress (5): 233/378 kB | 180/424 kB | 90/164 kB | 45/47 kB | 16/44 kB
Progress (5): 233/378 kB | 180/424 kB | 94/164 kB | 45/47 kB | 16/44 kB
Progress (5): 233/378 kB | 180/424 kB | 98/164 kB | 45/47 kB | 16/44 kB
Progress (5): 233/378 kB | 180/424 kB | 102/164 kB | 45/47 kB | 16/44 kB
Progress (5): 233/378 kB | 180/424 kB | 106/164 kB | 45/47 kB | 16/44 kB
Progress (5): 233/378 kB | 184/424 kB | 106/164 kB | 45/47 kB | 16/44 kB
Progress (5): 238/378 kB | 184/424 kB | 106/164 kB | 45/47 kB | 16/44 kB
Progress (5): 242/378 kB | 184/424 kB | 106/164 kB | 45/47 kB | 16/44 kB
Progress (5): 246/378 kB | 184/424 kB | 106/164 kB | 45/47 kB | 16/44 kB
Progress (5): 250/378 kB | 184/424 kB | 106/164 kB | 45/47 kB | 16/44 kB
Progress (5): 254/378 kB | 184/424 kB | 106/164 kB | 45/47 kB | 16/44 kB
Progress (5): 258/378 kB | 184/424 kB | 106/164 kB | 45/47 kB | 16/44 kB
Progress (5): 262/378 kB | 184/424 kB | 106/164 kB | 45/47 kB | 16/44 kB
Progress (5): 262/378 kB | 188/424 kB | 106/164 kB | 45/47 kB | 16/44 kB
Progress (5): 262/378 kB | 193/424 kB | 106/164 kB | 45/47 kB | 16/44 kB
Progress (5): 262/378 kB | 197/424 kB | 106/164 kB | 45/47 kB | 16/44 kB
Progress (5): 262/378 kB | 201/424 kB | 106/164 kB | 45/47 kB | 16/44 kB
Progress (5): 262/378 kB | 205/424 kB | 106/164 kB | 45/47 kB | 16/44 kB
Progress (5): 262/378 kB | 209/424 kB | 106/164 kB | 45/47 kB | 16/44 kB
Progress (5): 262/378 kB | 213/424 kB | 106/164 kB | 45/47 kB | 16/44 kB
Progress (5): 262/378 kB | 213/424 kB | 106/164 kB | 47 kB | 16/44 kB
Progress (5): 262/378 kB | 213/424 kB | 106/164 kB | 47 kB | 20/44 kB
Progress (5): 262/378 kB | 213/424 kB | 106/164 kB | 47 kB | 25/44 kB
Progress (5): 262/378 kB | 213/424 kB | 106/164 kB | 47 kB | 29/44 kB
Progress (5): 262/378 kB | 213/424 kB | 106/164 kB | 47 kB | 33/44 kB
Progress (5): 262/378 kB | 213/424 kB | 106/164 kB | 47 kB | 37/44 kB
Progress (5): 262/378 kB | 213/424 kB | 106/164 kB | 47 kB | 41/44 kB
Progress (5): 262/378 kB | 213/424 kB | 106/164 kB | 47 kB | 44 kB
Progress (5): 266/378 kB | 213/424 kB | 106/164 kB | 47 kB | 44 kB
Progress (5): 270/378 kB | 213/424 kB | 106/164 kB | 47 kB | 44 kB
Progress (5): 274/378 kB | 213/424 kB | 106/164 kB | 47 kB | 44 kB
Progress (5): 279/378 kB | 213/424 kB | 106/164 kB | 47 kB | 44 kB
Progress (5): 283/378 kB | 213/424 kB | 106/164 kB | 47 kB | 44 kB
Progress (5): 287/378 kB | 213/424 kB | 106/164 kB | 47 kB | 44 kB
Progress (5): 291/378 kB | 213/424 kB | 106/164 kB | 47 kB | 44 kB
Progress (5): 295/378 kB | 213/424 kB | 106/164 kB | 47 kB | 44 kB
Progress (5): 295/378 kB | 213/424 kB | 111/164 kB | 47 kB | 44 kB
Progress (5): 295/378 kB | 213/424 kB | 115/164 kB | 47 kB | 44 kB
Progress (5): 295/378 kB | 213/424 kB | 119/164 kB | 47 kB | 44 kB
Progress (5): 295/378 kB | 213/424 kB | 123/164 kB | 47 kB | 44 kB
Progress (5): 295/378 kB | 213/424 kB | 127/164 kB | 47 kB | 44 kB
Progress (5): 295/378 kB | 213/424 kB | 131/164 kB | 47 kB | 44 kB
Progress (5): 295/378 kB | 217/424 kB | 131/164 kB | 47 kB | 44 kB
Progress (5): 295/378 kB | 221/424 kB | 131/164 kB | 47 kB | 44 kB
Progress (5): 295/378 kB | 225/424 kB | 131/164 kB | 47 kB | 44 kB
Progress (5): 295/378 kB | 229/424 kB | 131/164 kB | 47 kB | 44 kB
Progress (5): 295/378 kB | 233/424 kB | 131/164 kB | 47 kB | 44 kB
Progress (5): 295/378 kB | 238/424 kB | 131/164 kB | 47 kB | 44 kB
Progress (5): 295/378 kB | 242/424 kB | 131/164 kB | 47 kB | 44 kB
Progress (5): 295/378 kB | 246/424 kB | 131/164 kB | 47 kB | 44 kB
Progress (5): 295/378 kB | 250/424 kB | 131/164 kB | 47 kB | 44 kB
Progress (5): 295/378 kB | 254/424 kB | 131/164 kB | 47 kB | 44 kB
Progress (5): 295/378 kB | 258/424 kB | 131/164 kB | 47 kB | 44 kB
Progress (5): 295/378 kB | 262/424 kB | 131/164 kB | 47 kB | 44 kB
Progress (5): 295/378 kB | 266/424 kB | 131/164 kB | 47 kB | 44 kB
Progress (5): 295/378 kB | 270/424 kB | 131/164 kB | 47 kB | 44 kB
Progress (5): 295/378 kB | 274/424 kB | 131/164 kB | 47 kB | 44 kB
Progress (5): 295/378 kB | 279/424 kB | 131/164 kB | 47 kB | 44 kB
Progress (5): 295/378 kB | 283/424 kB | 131/164 kB | 47 kB | 44 kB
Progress (5): 295/378 kB | 287/424 kB | 131/164 kB | 47 kB | 44 kB
Progress (5): 295/378 kB | 291/424 kB | 131/164 kB | 47 kB | 44 kB
Progress (5): 295/378 kB | 295/424 kB | 131/164 kB | 47 kB | 44 kB
Progress (5): 295/378 kB | 299/424 kB | 131/164 kB | 47 kB | 44 kB
Progress (5): 299/378 kB | 299/424 kB | 131/164 kB | 47 kB | 44 kB
Progress (5): 303/378 kB | 299/424 kB | 131/164 kB | 47 kB | 44 kB
Progress (5): 307/378 kB | 299/424 kB | 131/164 kB | 47 kB | 44 kB
Progress (5): 311/378 kB | 299/424 kB | 131/164 kB | 47 kB | 44 kB
Progress (5): 315/378 kB | 299/424 kB | 131/164 kB | 47 kB | 44 kB
Progress (5): 319/378 kB | 299/424 kB | 131/164 kB | 47 kB | 44 kB
Progress (5): 324/378 kB | 299/424 kB | 131/164 kB | 47 kB | 44 kB
Progress (5): 328/378 kB | 299/424 kB | 131/164 kB | 47 kB | 44 kB
Progress (5): 332/378 kB | 299/424 kB | 131/164 kB | 47 kB | 44 kB
Progress (5): 336/378 kB | 299/424 kB | 131/164 kB | 47 kB | 44 kB
Progress (5): 340/378 kB | 299/424 kB | 131/164 kB | 47 kB | 44 kB
Progress (5): 344/378 kB | 299/424 kB | 131/164 kB | 47 kB | 44 kB
Progress (5): 348/378 kB | 299/424 kB | 131/164 kB | 47 kB | 44 kB
Progress (5): 352/378 kB | 299/424 kB | 131/164 kB | 47 kB | 44 kB
Progress (5): 356/378 kB | 299/424 kB | 131/164 kB | 47 kB | 44 kB
Progress (5): 360/378 kB | 299/424 kB | 131/164 kB | 47 kB | 44 kB

Downloaded from central: https://repo.maven.apache.org/maven2/org/apache/maven/maven-settings/3.3.9/maven-settings-3.3.9.jar (44 kB at 88 kB/s)
Downloading from central: https://repo.maven.apache.org/maven2/org/apache/maven/shared/maven-common-artifact-filters/3.0.1/maven-common-artifact-filters-3.0.1.jar
Progress (4): 360/378 kB | 299/424 kB | 135/164 kB | 47 kB
Progress (4): 360/378 kB | 299/424 kB | 139/164 kB | 47 kB
Progress (4): 360/378 kB | 299/424 kB | 143/164 kB | 47 kB
Progress (4): 360/378 kB | 299/424 kB | 147/164 kB | 47 kB
Progress (4): 360/378 kB | 299/424 kB | 152/164 kB | 47 kB
Progress (4): 360/378 kB | 299/424 kB | 156/164 kB | 47 kB
Progress (4): 360/378 kB | 299/424 kB | 160/164 kB | 47 kB

Downloaded from central: https://repo.maven.apache.org/maven2/org/apache/maven/maven-plugin-api/3.3.9/maven-plugin-api-3.3.9.jar (47 kB at 94 kB/s)
Downloading from central: https://repo.maven.apache.org/maven2/org/apache/maven/plugins/maven-shade-plugin/3.2.1/maven-shade-plugin-3.2.1.jar
Progress (3): 360/378 kB | 299/424 kB | 164/164 kB
Progress (3): 360/378 kB | 299/424 kB | 164 kB
Progress (3): 365/378 kB | 299/424 kB | 164 kB
Progress (3): 369/378 kB | 299/424 kB | 164 kB
Progress (3): 373/378 kB | 299/424 kB | 164 kB
Progress (3): 377/378 kB | 299/424 kB | 164 kB
Progress (3): 378 kB | 299/424 kB | 164 kB
Progress (3): 378 kB | 303/424 kB | 164 kB
Progress (3): 378 kB | 307/424 kB | 164 kB
Progress (3): 378 kB | 311/424 kB | 164 kB
Progress (3): 378 kB | 315/424 kB | 164 kB
Progress (3): 378 kB | 319/424 kB | 164 kB
Progress (3): 378 kB | 324/424 kB | 164 kB
Progress (3): 378 kB | 328/424 kB | 164 kB
Progress (3): 378 kB | 332/424 kB | 164 kB
Progress (3): 378 kB | 336/424 kB | 164 kB
Progress (3): 378 kB | 340/424 kB | 164 kB
Progress (4): 378 kB | 340/424 kB | 164 kB | 4.1/61 kB
Progress (4): 378 kB | 340/424 kB | 164 kB | 8.2/61 kB
Progress (4): 378 kB | 340/424 kB | 164 kB | 12/61 kB
Progress (4): 378 kB | 340/424 kB | 164 kB | 16/61 kB
Progress (4): 378 kB | 344/424 kB | 164 kB | 16/61 kB
Progress (4): 378 kB | 348/424 kB | 164 kB | 16/61 kB
Progress (4): 378 kB | 348/424 kB | 164 kB | 20/61 kB
Progress (4): 378 kB | 348/424 kB | 164 kB | 25/61 kB
Progress (4): 378 kB | 348/424 kB | 164 kB | 29/61 kB
Progress (4): 378 kB | 348/424 kB | 164 kB | 33/61 kB
Progress (4): 378 kB | 352/424 kB | 164 kB | 33/61 kB

Downloaded from central: https://repo.maven.apache.org/maven2/org/apache/maven/maven-model/3.3.9/maven-model-3.3.9.jar (164 kB at 316 kB/s)
Downloading from central: https://repo.maven.apache.org/maven2/org/apache/maven/shared/maven-artifact-transfer/0.10.0/maven-artifact-transfer-0.10.0.jar
Progress (3): 378 kB | 352/424 kB | 37/61 kB
Progress (3): 378 kB | 352/424 kB | 41/61 kB
Progress (3): 378 kB | 352/424 kB | 45/61 kB
Progress (3): 378 kB | 352/424 kB | 49/61 kB
Progress (4): 378 kB | 352/424 kB | 49/61 kB | 4.1/114 kB
Progress (4): 378 kB | 352/424 kB | 49/61 kB | 8.2/114 kB
Progress (4): 378 kB | 352/424 kB | 49/61 kB | 12/114 kB
Progress (4): 378 kB | 352/424 kB | 49/61 kB | 16/114 kB
Progress (4): 378 kB | 352/424 kB | 49/61 kB | 20/114 kB
Progress (4): 378 kB | 352/424 kB | 49/61 kB | 25/114 kB
Progress (4): 378 kB | 352/424 kB | 49/61 kB | 29/114 kB
Progress (4): 378 kB | 352/424 kB | 49/61 kB | 33/114 kB
Progress (4): 378 kB | 352/424 kB | 53/61 kB | 33/114 kB
Progress (4): 378 kB | 352/424 kB | 57/61 kB | 33/114 kB
Progress (4): 378 kB | 352/424 kB | 61/61 kB | 33/114 kB
Progress (4): 378 kB | 352/424 kB | 61 kB | 33/114 kB
Progress (4): 378 kB | 352/424 kB | 61 kB | 37/114 kB
Progress (4): 378 kB | 352/424 kB | 61 kB | 41/114 kB
Progress (4): 378 kB | 352/424 kB | 61 kB | 45/114 kB

Downloaded from central: https://repo.maven.apache.org/maven2/org/eclipse/sisu/org.eclipse.sisu.inject/0.3.2/org.eclipse.sisu.inject-0.3.2.jar (378 kB at 717 kB/s)
Downloading from central: https://repo.maven.apache.org/maven2/org/ow2/asm/asm/7.0/asm-7.0.jar
Progress (3): 352/424 kB | 61 kB | 49/114 kB
Progress (3): 352/424 kB | 61 kB | 53/114 kB
Progress (3): 352/424 kB | 61 kB | 57/114 kB
Progress (3): 352/424 kB | 61 kB | 61/114 kB
Progress (3): 352/424 kB | 61 kB | 66/114 kB
Progress (3): 352/424 kB | 61 kB | 70/114 kB
Progress (3): 352/424 kB | 61 kB | 74/114 kB
Progress (3): 352/424 kB | 61 kB | 78/114 kB
Progress (3): 356/424 kB | 61 kB | 78/114 kB
Progress (4): 356/424 kB | 61 kB | 78/114 kB | 4.1/128 kB
Progress (4): 356/424 kB | 61 kB | 78/114 kB | 8.2/128 kB
Progress (4): 356/424 kB | 61 kB | 78/114 kB | 12/128 kB
Progress (4): 356/424 kB | 61 kB | 78/114 kB | 16/128 kB
Progress (4): 356/424 kB | 61 kB | 78/114 kB | 20/128 kB
Progress (4): 356/424 kB | 61 kB | 78/114 kB | 25/128 kB
Progress (4): 356/424 kB | 61 kB | 78/114 kB | 29/128 kB
Progress (4): 356/424 kB | 61 kB | 78/114 kB | 33/128 kB
Progress (4): 360/424 kB | 61 kB | 78/114 kB | 33/128 kB
Progress (4): 365/424 kB | 61 kB | 78/114 kB | 33/128 kB
Progress (4): 369/424 kB | 61 kB | 78/114 kB | 33/128 kB
Progress (4): 373/424 kB | 61 kB | 78/114 kB | 33/128 kB
Progress (4): 377/424 kB | 61 kB | 78/114 kB | 33/128 kB
Progress (4): 381/424 kB | 61 kB | 78/114 kB | 33/128 kB
Progress (4): 385/424 kB | 61 kB | 78/114 kB | 33/128 kB
Progress (4): 389/424 kB | 61 kB | 78/114 kB | 33/128 kB
Progress (4): 393/424 kB | 61 kB | 78/114 kB | 33/128 kB
Progress (4): 397/424 kB | 61 kB | 78/114 kB | 33/128 kB
Progress (4): 401/424 kB | 61 kB | 78/114 kB | 33/128 kB
Progress (4): 401/424 kB | 61 kB | 82/114 kB | 33/128 kB
Progress (4): 401/424 kB | 61 kB | 86/114 kB | 33/128 kB
Progress (4): 401/424 kB | 61 kB | 90/114 kB | 33/128 kB
Progress (4): 401/424 kB | 61 kB | 94/114 kB | 33/128 kB
Progress (4): 401/424 kB | 61 kB | 98/114 kB | 33/128 kB
Progress (5): 401/424 kB | 61 kB | 98/114 kB | 33/128 kB | 4.1/114 kB
Progress (5): 401/424 kB | 61 kB | 98/114 kB | 37/128 kB | 4.1/114 kB
Progress (5): 401/424 kB | 61 kB | 98/114 kB | 41/128 kB | 4.1/114 kB
Progress (5): 401/424 kB | 61 kB | 98/114 kB | 45/128 kB | 4.1/114 kB
Progress (5): 401/424 kB | 61 kB | 98/114 kB | 49/128 kB | 4.1/114 kB
Progress (5): 401/424 kB | 61 kB | 98/114 kB | 53/128 kB | 4.1/114 kB
Progress (5): 401/424 kB | 61 kB | 98/114 kB | 57/128 kB | 4.1/114 kB
Progress (5): 401/424 kB | 61 kB | 98/114 kB | 61/128 kB | 4.1/114 kB
Progress (5): 401/424 kB | 61 kB | 98/114 kB | 66/128 kB | 4.1/114 kB
Progress (5): 401/424 kB | 61 kB | 98/114 kB | 70/128 kB | 4.1/114 kB
Progress (5): 401/424 kB | 61 kB | 98/114 kB | 74/128 kB | 4.1/114 kB
Progress (5): 401/424 kB | 61 kB | 98/114 kB | 78/128 kB | 4.1/114 kB
Progress (5): 401/424 kB | 61 kB | 98/114 kB | 82/128 kB | 4.1/114 kB
Progress (5): 401/424 kB | 61 kB | 98/114 kB | 86/128 kB | 4.1/114 kB
Progress (5): 401/424 kB | 61 kB | 98/114 kB | 90/128 kB | 4.1/114 kB
Progress (5): 401/424 kB | 61 kB | 98/114 kB | 94/128 kB | 4.1/114 kB
Progress (5): 401/424 kB | 61 kB | 98/114 kB | 98/128 kB | 4.1/114 kB

Downloaded from central: https://repo.maven.apache.org/maven2/org/apache/maven/shared/maven-common-artifact-filters/3.0.1/maven-common-artifact-filters-3.0.1.jar (61 kB at 113 kB/s)
Progress (4): 401/424 kB | 98/114 kB | 98/128 kB | 8.2/114 kB
Progress (4): 401/424 kB | 98/114 kB | 98/128 kB | 12/114 kB
Progress (4): 401/424 kB | 98/114 kB | 98/128 kB | 16/114 kB

Downloading from central: https://repo.maven.apache.org/maven2/org/ow2/asm/asm-commons/7.0/asm-commons-7.0.jar
Progress (4): 401/424 kB | 98/114 kB | 98/128 kB | 20/114 kB
Progress (4): 401/424 kB | 98/114 kB | 98/128 kB | 25/114 kB
Progress (4): 401/424 kB | 98/114 kB | 98/128 kB | 29/114 kB
Progress (4): 401/424 kB | 98/114 kB | 98/128 kB | 33/114 kB
Progress (4): 401/424 kB | 98/114 kB | 98/128 kB | 37/114 kB
Progress (4): 401/424 kB | 98/114 kB | 98/128 kB | 41/114 kB
Progress (4): 401/424 kB | 98/114 kB | 98/128 kB | 45/114 kB
Progress (4): 401/424 kB | 98/114 kB | 98/128 kB | 49/114 kB
Progress (4): 401/424 kB | 98/114 kB | 98/128 kB | 53/114 kB
Progress (4): 401/424 kB | 98/114 kB | 98/128 kB | 57/114 kB
Progress (4): 401/424 kB | 98/114 kB | 98/128 kB | 61/114 kB
Progress (4): 401/424 kB | 98/114 kB | 98/128 kB | 66/114 kB
Progress (4): 401/424 kB | 102/114 kB | 98/128 kB | 66/114 kB
Progress (4): 401/424 kB | 106/114 kB | 98/128 kB | 66/114 kB
Progress (4): 401/424 kB | 111/114 kB | 98/128 kB | 66/114 kB
Progress (4): 401/424 kB | 114 kB | 98/128 kB | 66/114 kB
Progress (4): 406/424 kB | 114 kB | 98/128 kB | 66/114 kB
Progress (4): 410/424 kB | 114 kB | 98/128 kB | 66/114 kB
Progress (4): 414/424 kB | 114 kB | 98/128 kB | 66/114 kB
Progress (4): 418/424 kB | 114 kB | 98/128 kB | 66/114 kB
Progress (4): 422/424 kB | 114 kB | 98/128 kB | 66/114 kB
Progress (4): 424 kB | 114 kB | 98/128 kB | 66/114 kB
Progress (4): 424 kB | 114 kB | 98/128 kB | 70/114 kB
Progress (4): 424 kB | 114 kB | 98/128 kB | 74/114 kB
Progress (4): 424 kB | 114 kB | 98/128 kB | 78/114 kB
Progress (4): 424 kB | 114 kB | 98/128 kB | 82/114 kB
Progress (4): 424 kB | 114 kB | 98/128 kB | 86/114 kB
Progress (4): 424 kB | 114 kB | 98/128 kB | 90/114 kB
Progress (4): 424 kB | 114 kB | 102/128 kB | 90/114 kB
Progress (5): 424 kB | 114 kB | 102/128 kB | 90/114 kB | 4.1/80 kB
Progress (5): 424 kB | 114 kB | 102/128 kB | 90/114 kB | 8.2/80 kB
Progress (5): 424 kB | 114 kB | 102/128 kB | 90/114 kB | 12/80 kB
Progress (5): 424 kB | 114 kB | 102/128 kB | 90/114 kB | 16/80 kB
Progress (5): 424 kB | 114 kB | 106/128 kB | 90/114 kB | 16/80 kB
Progress (5): 424 kB | 114 kB | 106/128 kB | 90/114 kB | 20/80 kB
Progress (5): 424 kB | 114 kB | 106/128 kB | 90/114 kB | 25/80 kB
Progress (5): 424 kB | 114 kB | 106/128 kB | 90/114 kB | 29/80 kB
Progress (5): 424 kB | 114 kB | 106/128 kB | 90/114 kB | 33/80 kB
Progress (5): 424 kB | 114 kB | 111/128 kB | 90/114 kB | 33/80 kB
Progress (5): 424 kB | 114 kB | 115/128 kB | 90/114 kB | 33/80 kB
Progress (5): 424 kB | 114 kB | 119/128 kB | 90/114 kB | 33/80 kB
Progress (5): 424 kB | 114 kB | 123/128 kB | 90/114 kB | 33/80 kB
Progress (5): 424 kB | 114 kB | 123/128 kB | 90/114 kB | 37/80 kB
Progress (5): 424 kB | 114 kB | 123/128 kB | 90/114 kB | 41/80 kB
Progress (5): 424 kB | 114 kB | 123/128 kB | 90/114 kB | 45/80 kB
Progress (5): 424 kB | 114 kB | 123/128 kB | 90/114 kB | 49/80 kB
Progress (5): 424 kB | 114 kB | 123/128 kB | 94/114 kB | 49/80 kB
Progress (5): 424 kB | 114 kB | 123/128 kB | 98/114 kB | 49/80 kB
Progress (5): 424 kB | 114 kB | 123/128 kB | 102/114 kB | 49/80 kB
Progress (5): 424 kB | 114 kB | 123/128 kB | 106/114 kB | 49/80 kB
Progress (5): 424 kB | 114 kB | 123/128 kB | 111/114 kB | 49/80 kB
Progress (5): 424 kB | 114 kB | 127/128 kB | 111/114 kB | 49/80 kB
Progress (5): 424 kB | 114 kB | 128 kB | 111/114 kB | 49/80 kB

Downloaded from central: https://repo.maven.apache.org/maven2/org/apache/maven/plugins/maven-shade-plugin/3.2.1/maven-shade-plugin-3.2.1.jar (114 kB at 200 kB/s)
Downloaded from central: https://repo.maven.apache.org/maven2/com/google/inject/guice/4.0/guice-4.0-no_aop.jar (424 kB at 744 kB/s)
Progress (3): 128 kB | 111/114 kB | 53/80 kB
Progress (3): 128 kB | 111/114 kB | 57/80 kB
Progress (3): 128 kB | 111/114 kB | 61/80 kB
Progress (3): 128 kB | 111/114 kB | 66/80 kB
Progress (3): 128 kB | 111/114 kB | 70/80 kB
Progress (3): 128 kB | 111/114 kB | 74/80 kB
Progress (3): 128 kB | 111/114 kB | 78/80 kB
Progress (3): 128 kB | 111/114 kB | 80 kB

Downloading from central: https://repo.maven.apache.org/maven2/org/ow2/asm/asm-tree/7.0/asm-tree-7.0.jar
Downloading from central: https://repo.maven.apache.org/maven2/org/ow2/asm/asm-analysis/7.0/asm-analysis-7.0.jar
Progress (3): 128 kB | 114 kB | 80 kB

Downloaded from central: https://repo.maven.apache.org/maven2/org/apache/maven/shared/maven-artifact-transfer/0.10.0/maven-artifact-transfer-0.10.0.jar (128 kB at 221 kB/s)
Downloading from central: https://repo.maven.apache.org/maven2/org/jdom/jdom2/2.0.6/jdom2-2.0.6.jar
Progress (3): 114 kB | 80 kB | 4.1/33 kB
Progress (3): 114 kB | 80 kB | 8.2/33 kB
Progress (3): 114 kB | 80 kB | 12/33 kB
Progress (3): 114 kB | 80 kB | 16/33 kB

Downloaded from central: https://repo.maven.apache.org/maven2/org/ow2/asm/asm-commons/7.0/asm-commons-7.0.jar (80 kB at 137 kB/s)
Downloading from central: https://repo.maven.apache.org/maven2/org/apache/maven/shared/maven-dependency-tree/3.0.1/maven-dependency-tree-3.0.1.jar
Downloaded from central: https://repo.maven.apache.org/maven2/org/ow2/asm/asm/7.0/asm-7.0.jar (114 kB at 194 kB/s)
Downloading from central: https://repo.maven.apache.org/maven2/org/vafer/jdependency/2.1.1/jdependency-2.1.1.jar
Progress (2): 16/33 kB | 4.1/50 kB
Progress (2): 16/33 kB | 8.2/50 kB
Progress (2): 16/33 kB | 12/50 kB
Progress (2): 16/33 kB | 16/50 kB
Progress (2): 16/33 kB | 20/50 kB
Progress (2): 16/33 kB | 25/50 kB
Progress (2): 16/33 kB | 29/50 kB
Progress (2): 16/33 kB | 33/50 kB
Progress (2): 16/33 kB | 37/50 kB
Progress (2): 16/33 kB | 41/50 kB
Progress (2): 16/33 kB | 45/50 kB
Progress (2): 16/33 kB | 49/50 kB
Progress (2): 16/33 kB | 50 kB
Progress (2): 20/33 kB | 50 kB
Progress (2): 25/33 kB | 50 kB
Progress (2): 29/33 kB | 50 kB
Progress (2): 33/33 kB | 50 kB
Progress (2): 33 kB | 50 kB
Progress (3): 33 kB | 50 kB | 4.1/305 kB
Progress (3): 33 kB | 50 kB | 8.2/305 kB
Progress (3): 33 kB | 50 kB | 12/305 kB
Progress (3): 33 kB | 50 kB | 16/305 kB
Progress (3): 33 kB | 50 kB | 20/305 kB
Progress (3): 33 kB | 50 kB | 25/305 kB
Progress (3): 33 kB | 50 kB | 29/305 kB
Progress (3): 33 kB | 50 kB | 33/305 kB
Progress (3): 33 kB | 50 kB | 37/305 kB
Progress (3): 33 kB | 50 kB | 41/305 kB
Progress (3): 33 kB | 50 kB | 45/305 kB
Progress (3): 33 kB | 50 kB | 49/305 kB

Downloaded from central: https://repo.maven.apache.org/maven2/org/ow2/asm/asm-tree/7.0/asm-tree-7.0.jar (50 kB at 84 kB/s)
Downloading from central: https://repo.maven.apache.org/maven2/org/ow2/asm/asm-util/7.0-beta/asm-util-7.0-beta.jar
Progress (3): 33 kB | 49/305 kB | 4.1/37 kB
Progress (3): 33 kB | 49/305 kB | 8.2/37 kB
Progress (3): 33 kB | 49/305 kB | 12/37 kB
Progress (3): 33 kB | 49/305 kB | 16/37 kB
Progress (3): 33 kB | 53/305 kB | 16/37 kB
Progress (3): 33 kB | 57/305 kB | 16/37 kB
Progress (3): 33 kB | 61/305 kB | 16/37 kB
Progress (3): 33 kB | 66/305 kB | 16/37 kB
Progress (3): 33 kB | 70/305 kB | 16/37 kB
Progress (3): 33 kB | 74/305 kB | 16/37 kB
Progress (3): 33 kB | 78/305 kB | 16/37 kB
Progress (3): 33 kB | 82/305 kB | 16/37 kB
Progress (3): 33 kB | 86/305 kB | 16/37 kB
Progress (3): 33 kB | 90/305 kB | 16/37 kB
Progress (3): 33 kB | 94/305 kB | 16/37 kB
Progress (3): 33 kB | 98/305 kB | 16/37 kB
Progress (4): 33 kB | 98/305 kB | 16/37 kB | 4.1/186 kB

Downloaded from central: https://repo.maven.apache.org/maven2/org/ow2/asm/asm-analysis/7.0/asm-analysis-7.0.jar (33 kB at 55 kB/s)
Downloading from central: https://repo.maven.apache.org/maven2/com/google/guava/guava/19.0/guava-19.0.jar
Progress (3): 98/305 kB | 16/37 kB | 8.2/186 kB
Progress (3): 98/305 kB | 16/37 kB | 12/186 kB
Progress (3): 98/305 kB | 16/37 kB | 16/186 kB
Progress (3): 98/305 kB | 16/37 kB | 20/186 kB
Progress (3): 98/305 kB | 16/37 kB | 25/186 kB
Progress (3): 98/305 kB | 16/37 kB | 29/186 kB
Progress (3): 98/305 kB | 16/37 kB | 33/186 kB
Progress (3): 98/305 kB | 16/37 kB | 37/186 kB
Progress (3): 98/305 kB | 16/37 kB | 41/186 kB
Progress (3): 98/305 kB | 16/37 kB | 45/186 kB
Progress (3): 98/305 kB | 16/37 kB | 49/186 kB
Progress (3): 98/305 kB | 16/37 kB | 53/186 kB
Progress (3): 98/305 kB | 16/37 kB | 57/186 kB
Progress (3): 98/305 kB | 16/37 kB | 61/186 kB
Progress (3): 98/305 kB | 16/37 kB | 66/186 kB
Progress (3): 98/305 kB | 20/37 kB | 66/186 kB
Progress (3): 98/305 kB | 25/37 kB | 66/186 kB
Progress (3): 98/305 kB | 29/37 kB | 66/186 kB
Progress (3): 98/305 kB | 33/37 kB | 66/186 kB
Progress (3): 98/305 kB | 37 kB | 66/186 kB
Progress (3): 102/305 kB | 37 kB | 66/186 kB
Progress (3): 106/305 kB | 37 kB | 66/186 kB
Progress (3): 111/305 kB | 37 kB | 66/186 kB
Progress (3): 115/305 kB | 37 kB | 66/186 kB
Progress (3): 119/305 kB | 37 kB | 66/186 kB
Progress (3): 123/305 kB | 37 kB | 66/186 kB
Progress (3): 127/305 kB | 37 kB | 66/186 kB
Progress (3): 131/305 kB | 37 kB | 66/186 kB
Progress (3): 135/305 kB | 37 kB | 66/186 kB
Progress (3): 139/305 kB | 37 kB | 66/186 kB
Progress (3): 139/305 kB | 37 kB | 70/186 kB
Progress (3): 139/305 kB | 37 kB | 74/186 kB
Progress (3): 139/305 kB | 37 kB | 78/186 kB
Progress (3): 139/305 kB | 37 kB | 82/186 kB
Progress (3): 139/305 kB | 37 kB | 86/186 kB
Progress (3): 139/305 kB | 37 kB | 90/186 kB
Progress (3): 139/305 kB | 37 kB | 94/186 kB
Progress (4): 139/305 kB | 37 kB | 94/186 kB | 0/2.3 MB
Progress (5): 139/305 kB | 37 kB | 94/186 kB | 0/2.3 MB | 4.1/81 kB
Progress (5): 139/305 kB | 37 kB | 94/186 kB | 0/2.3 MB | 8.2/81 kB
Progress (5): 139/305 kB | 37 kB | 94/186 kB | 0/2.3 MB | 12/81 kB
Progress (5): 139/305 kB | 37 kB | 94/186 kB | 0/2.3 MB | 16/81 kB
Progress (5): 139/305 kB | 37 kB | 94/186 kB | 0/2.3 MB | 16/81 kB
Progress (5): 143/305 kB | 37 kB | 94/186 kB | 0/2.3 MB | 16/81 kB
Progress (5): 147/305 kB | 37 kB | 94/186 kB | 0/2.3 MB | 16/81 kB
Progress (5): 152/305 kB | 37 kB | 94/186 kB | 0/2.3 MB | 16/81 kB
Progress (5): 152/305 kB | 37 kB | 98/186 kB | 0/2.3 MB | 16/81 kB
Progress (5): 152/305 kB | 37 kB | 98/186 kB | 0/2.3 MB | 16/81 kB
Progress (5): 152/305 kB | 37 kB | 98/186 kB | 0/2.3 MB | 20/81 kB
Progress (5): 152/305 kB | 37 kB | 98/186 kB | 0/2.3 MB | 25/81 kB
Progress (5): 152/305 kB | 37 kB | 98/186 kB | 0/2.3 MB | 29/81 kB
Progress (5): 152/305 kB | 37 kB | 98/186 kB | 0/2.3 MB | 33/81 kB
Progress (5): 152/305 kB | 37 kB | 98/186 kB | 0/2.3 MB | 37/81 kB
Progress (5): 152/305 kB | 37 kB | 98/186 kB | 0/2.3 MB | 41/81 kB
Progress (5): 152/305 kB | 37 kB | 98/186 kB | 0/2.3 MB | 45/81 kB
Progress (5): 152/305 kB | 37 kB | 98/186 kB | 0/2.3 MB | 49/81 kB

Downloaded from central: https://repo.maven.apache.org/maven2/org/apache/maven/shared/maven-dependency-tree/3.0.1/maven-dependency-tree-3.0.1.jar (37 kB at 58 kB/s)
Progress (4): 152/305 kB | 98/186 kB | 0.1/2.3 MB | 49/81 kB
Progress (4): 152/305 kB | 98/186 kB | 0.1/2.3 MB | 49/81 kB
Progress (4): 152/305 kB | 98/186 kB | 0.1/2.3 MB | 49/81 kB
Progress (4): 152/305 kB | 102/186 kB | 0.1/2.3 MB | 49/81 kB
Progress (4): 152/305 kB | 106/186 kB | 0.1/2.3 MB | 49/81 kB
Progress (4): 152/305 kB | 111/186 kB | 0.1/2.3 MB | 49/81 kB
Progress (4): 152/305 kB | 115/186 kB | 0.1/2.3 MB | 49/81 kB
Progress (4): 152/305 kB | 119/186 kB | 0.1/2.3 MB | 49/81 kB
Progress (4): 152/305 kB | 123/186 kB | 0.1/2.3 MB | 49/81 kB
Progress (4): 152/305 kB | 127/186 kB | 0.1/2.3 MB | 49/81 kB
Progress (4): 152/305 kB | 131/186 kB | 0.1/2.3 MB | 49/81 kB
Progress (4): 152/305 kB | 135/186 kB | 0.1/2.3 MB | 49/81 kB
Progress (4): 152/305 kB | 139/186 kB | 0.1/2.3 MB | 49/81 kB
Progress (4): 152/305 kB | 143/186 kB | 0.1/2.3 MB | 49/81 kB
Progress (4): 152/305 kB | 147/186 kB | 0.1/2.3 MB | 49/81 kB
Progress (4): 152/305 kB | 152/186 kB | 0.1/2.3 MB | 49/81 kB
Progress (4): 152/305 kB | 156/186 kB | 0.1/2.3 MB | 49/81 kB
Progress (4): 152/305 kB | 160/186 kB | 0.1/2.3 MB | 49/81 kB
Progress (4): 152/305 kB | 164/186 kB | 0.1/2.3 MB | 49/81 kB
Progress (4): 152/305 kB | 168/186 kB | 0.1/2.3 MB | 49/81 kB
Progress (4): 152/305 kB | 172/186 kB | 0.1/2.3 MB | 49/81 kB
Progress (4): 152/305 kB | 176/186 kB | 0.1/2.3 MB | 49/81 kB
Progress (4): 152/305 kB | 180/186 kB | 0.1/2.3 MB | 49/81 kB
Progress (4): 152/305 kB | 184/186 kB | 0.1/2.3 MB | 49/81 kB
Progress (4): 156/305 kB | 184/186 kB | 0.1/2.3 MB | 49/81 kB
Progress (4): 160/305 kB | 184/186 kB | 0.1/2.3 MB | 49/81 kB
Progress (4): 164/305 kB | 184/186 kB | 0.1/2.3 MB | 49/81 kB
Progress (4): 168/305 kB | 184/186 kB | 0.1/2.3 MB | 49/81 kB
Progress (4): 172/305 kB | 184/186 kB | 0.1/2.3 MB | 49/81 kB
Progress (4): 176/305 kB | 184/186 kB | 0.1/2.3 MB | 49/81 kB
Progress (4): 180/305 kB | 184/186 kB | 0.1/2.3 MB | 49/81 kB
Progress (4): 184/305 kB | 184/186 kB | 0.1/2.3 MB | 49/81 kB
Progress (4): 188/305 kB | 184/186 kB | 0.1/2.3 MB | 49/81 kB
Progress (4): 193/305 kB | 184/186 kB | 0.1/2.3 MB | 49/81 kB
Progress (4): 197/305 kB | 184/186 kB | 0.1/2.3 MB | 49/81 kB
Progress (4): 201/305 kB | 184/186 kB | 0.1/2.3 MB | 49/81 kB
Progress (4): 205/305 kB | 184/186 kB | 0.1/2.3 MB | 49/81 kB
Progress (4): 205/305 kB | 184/186 kB | 0.1/2.3 MB | 49/81 kB
Progress (4): 205/305 kB | 184/186 kB | 0.1/2.3 MB | 49/81 kB
Progress (4): 205/305 kB | 184/186 kB | 0.1/2.3 MB | 49/81 kB
Progress (4): 205/305 kB | 184/186 kB | 0.2/2.3 MB | 49/81 kB
Progress (4): 205/305 kB | 184/186 kB | 0.2/2.3 MB | 53/81 kB
Progress (4): 205/305 kB | 184/186 kB | 0.2/2.3 MB | 57/81 kB
Progress (4): 205/305 kB | 184/186 kB | 0.2/2.3 MB | 61/81 kB
Progress (4): 205/305 kB | 184/186 kB | 0.2/2.3 MB | 66/81 kB
Progress (4): 205/305 kB | 184/186 kB | 0.2/2.3 MB | 70/81 kB
Progress (4): 205/305 kB | 184/186 kB | 0.2/2.3 MB | 74/81 kB
Progress (4): 205/305 kB | 184/186 kB | 0.2/2.3 MB | 78/81 kB
Progress (4): 205/305 kB | 184/186 kB | 0.2/2.3 MB | 81 kB
Progress (4): 205/305 kB | 184/186 kB | 0.2/2.3 MB | 81 kB
Progress (4): 205/305 kB | 184/186 kB | 0.2/2.3 MB | 81 kB
Progress (4): 205/305 kB | 184/186 kB | 0.2/2.3 MB | 81 kB
Progress (4): 205/305 kB | 184/186 kB | 0.2/2.3 MB | 81 kB
Progress (4): 209/305 kB | 184/186 kB | 0.2/2.3 MB | 81 kB
Progress (4): 213/305 kB | 184/186 kB | 0.2/2.3 MB | 81 kB
Progress (4): 217/305 kB | 184/186 kB | 0.2/2.3 MB | 81 kB
Progress (4): 221/305 kB | 184/186 kB | 0.2/2.3 MB | 81 kB
Progress (4): 225/305 kB | 184/186 kB | 0.2/2.3 MB | 81 kB
Progress (4): 229/305 kB | 184/186 kB | 0.2/2.3 MB | 81 kB
Progress (4): 233/305 kB | 184/186 kB | 0.2/2.3 MB | 81 kB
Progress (4): 238/305 kB | 184/186 kB | 0.2/2.3 MB | 81 kB
Progress (4): 242/305 kB | 184/186 kB | 0.2/2.3 MB | 81 kB
Progress (4): 246/305 kB | 184/186 kB | 0.2/2.3 MB | 81 kB
Progress (4): 250/305 kB | 184/186 kB | 0.2/2.3 MB | 81 kB
Progress (4): 254/305 kB | 184/186 kB | 0.2/2.3 MB | 81 kB
Progress (4): 258/305 kB | 184/186 kB | 0.2/2.3 MB | 81 kB
Progress (4): 262/305 kB | 184/186 kB | 0.2/2.3 MB | 81 kB
Progress (4): 266/305 kB | 184/186 kB | 0.2/2.3 MB | 81 kB
Progress (4): 270/305 kB | 184/186 kB | 0.2/2.3 MB | 81 kB
Progress (4): 274/305 kB | 184/186 kB | 0.2/2.3 MB | 81 kB
Progress (4): 279/305 kB | 184/186 kB | 0.2/2.3 MB | 81 kB
Progress (4): 283/305 kB | 184/186 kB | 0.2/2.3 MB | 81 kB
Progress (4): 287/305 kB | 184/186 kB | 0.2/2.3 MB | 81 kB
Progress (4): 291/305 kB | 184/186 kB | 0.2/2.3 MB | 81 kB
Progress (4): 295/305 kB | 184/186 kB | 0.2/2.3 MB | 81 kB
Progress (4): 295/305 kB | 186 kB | 0.2/2.3 MB | 81 kB
Progress (4): 295/305 kB | 186 kB | 0.2/2.3 MB | 81 kB
Progress (4): 295/305 kB | 186 kB | 0.3/2.3 MB | 81 kB

Downloaded from central: https://repo.maven.apache.org/maven2/org/ow2/asm/asm-util/7.0-beta/asm-util-7.0-beta.jar (81 kB at 122 kB/s)
Progress (3): 295/305 kB | 186 kB | 0.3/2.3 MB
Progress (3): 295/305 kB | 186 kB | 0.3/2.3 MB
Progress (3): 295/305 kB | 186 kB | 0.3/2.3 MB
Progress (3): 299/305 kB | 186 kB | 0.3/2.3 MB
Progress (3): 303/305 kB | 186 kB | 0.3/2.3 MB
Progress (3): 305 kB | 186 kB | 0.3/2.3 MB
Progress (3): 305 kB | 186 kB | 0.3/2.3 MB
Progress (3): 305 kB | 186 kB | 0.3/2.3 MB
Progress (3): 305 kB | 186 kB | 0.4/2.3 MB

Downloaded from central: https://repo.maven.apache.org/maven2/org/vafer/jdependency/2.1.1/jdependency-2.1.1.jar (186 kB at 277 kB/s)
Progress (2): 305 kB | 0.4/2.3 MB
Progress (2): 305 kB | 0.4/2.3 MB
Progress (2): 305 kB | 0.4/2.3 MB
Progress (2): 305 kB | 0.4/2.3 MB
Progress (2): 305 kB | 0.4/2.3 MB
Progress (2): 305 kB | 0.5/2.3 MB

Downloaded from central: https://repo.maven.apache.org/maven2/org/jdom/jdom2/2.0.6/jdom2-2.0.6.jar (305 kB at 448 kB/s)
Progress (1): 0.5/2.3 MB
Progress (1): 0.5/2.3 MB
Progress (1): 0.5/2.3 MB
Progress (1): 0.5/2.3 MB
Progress (1): 0.5/2.3 MB
Progress (1): 0.6/2.3 MB
Progress (1): 0.6/2.3 MB
Progress (1): 0.6/2.3 MB
Progress (1): 0.6/2.3 MB
Progress (1): 0.6/2.3 MB
Progress (1): 0.6/2.3 MB
Progress (1): 0.7/2.3 MB
Progress (1): 0.7/2.3 MB
Progress (1): 0.7/2.3 MB
Progress (1): 0.7/2.3 MB
Progress (1): 0.7/2.3 MB
Progress (1): 0.7/2.3 MB
Progress (1): 0.7/2.3 MB
Progress (1): 0.8/2.3 MB
Progress (1): 0.8/2.3 MB
Progress (1): 0.8/2.3 MB
Progress (1): 0.8/2.3 MB
Progress (1): 0.8/2.3 MB
Progress (1): 0.8/2.3 MB
Progress (1): 0.9/2.3 MB
Progress (1): 0.9/2.3 MB
Progress (1): 0.9/2.3 MB
Progress (1): 0.9/2.3 MB
Progress (1): 0.9/2.3 MB
Progress (1): 0.9/2.3 MB
Progress (1): 1.0/2.3 MB
Progress (1): 1.0/2.3 MB
Progress (1): 1.0/2.3 MB
Progress (1): 1.0/2.3 MB
Progress (1): 1.0/2.3 MB
Progress (1): 1.0/2.3 MB
Progress (1): 1.1/2.3 MB
Progress (1): 1.1/2.3 MB
Progress (1): 1.1/2.3 MB
Progress (1): 1.1/2.3 MB
Progress (1): 1.1/2.3 MB
Progress (1): 1.1/2.3 MB
Progress (1): 1.2/2.3 MB
Progress (1): 1.2/2.3 MB
Progress (1): 1.2/2.3 MB
Progress (1): 1.2/2.3 MB
Progress (1): 1.2/2.3 MB
Progress (1): 1.2/2.3 MB
Progress (1): 1.3/2.3 MB
Progress (1): 1.3/2.3 MB
Progress (1): 1.3/2.3 MB
Progress (1): 1.3/2.3 MB
Progress (1): 1.3/2.3 MB
Progress (1): 1.3/2.3 MB
Progress (1): 1.3/2.3 MB
Progress (1): 1.4/2.3 MB
Progress (1): 1.4/2.3 MB
Progress (1): 1.4/2.3 MB
Progress (1): 1.4/2.3 MB
Progress (1): 1.4/2.3 MB
Progress (1): 1.4/2.3 MB
Progress (1): 1.5/2.3 MB
Progress (1): 1.5/2.3 MB
Progress (1): 1.5/2.3 MB
Progress (1): 1.5/2.3 MB
Progress (1): 1.5/2.3 MB
Progress (1): 1.5/2.3 MB
Progress (1): 1.6/2.3 MB
Progress (1): 1.6/2.3 MB
Progress (1): 1.6/2.3 MB
Progress (1): 1.6/2.3 MB
Progress (1): 1.6/2.3 MB
Progress (1): 1.6/2.3 MB
Progress (1): 1.7/2.3 MB
Progress (1): 1.7/2.3 MB
Progress (1): 1.7/2.3 MB
Progress (1): 1.7/2.3 MB
Progress (1): 1.7/2.3 MB
Progress (1): 1.7/2.3 MB
Progress (1): 1.8/2.3 MB
Progress (1): 1.8/2.3 MB
Progress (1): 1.8/2.3 MB
Progress (1): 1.8/2.3 MB
Progress (1): 1.8/2.3 MB
Progress (1): 1.8/2.3 MB
Progress (1): 1.9/2.3 MB
Progress (1): 1.9/2.3 MB
Progress (1): 1.9/2.3 MB
Progress (1): 1.9/2.3 MB
Progress (1): 1.9/2.3 MB
Progress (1): 1.9/2.3 MB
Progress (1): 2.0/2.3 MB
Progress (1): 2.0/2.3 MB
Progress (1): 2.0/2.3 MB
Progress (1): 2.0/2.3 MB
Progress (1): 2.0/2.3 MB
Progress (1): 2.0/2.3 MB
Progress (1): 2.0/2.3 MB
Progress (1): 2.1/2.3 MB
Progress (1): 2.1/2.3 MB
Progress (1): 2.1/2.3 MB
Progress (1): 2.1/2.3 MB
Progress (1): 2.1/2.3 MB
Progress (1): 2.1/2.3 MB
Progress (1): 2.2/2.3 MB
Progress (1): 2.2/2.3 MB
Progress (1): 2.2/2.3 MB
Progress (1): 2.2/2.3 MB
Progress (1): 2.2/2.3 MB
Progress (1): 2.2/2.3 MB
Progress (1): 2.3/2.3 MB
Progress (1): 2.3/2.3 MB
Progress (1): 2.3/2.3 MB
Progress (1): 2.3/2.3 MB
Progress (1): 2.3 MB

Downloaded from central: https://repo.maven.apache.org/maven2/com/google/guava/guava/19.0/guava-19.0.jar (2.3 MB at 2.8 MB/s)
[INFO] Replacing main artifact with repackaged archive
[INFO] ------------------------------------------------------------------------
[INFO] BUILD SUCCESS
[INFO] ------------------------------------------------------------------------
[INFO] Total time:  30.517 s
[INFO] Finished at: 2021-05-26T14:52:47Z
[INFO] ------------------------------------------------------------------------
Finished: SUCCESS